#
# There is insufficient memory for the Java Runtime Environment to continue.
# Native memory allocation (malloc) failed to allocate 32744 bytes for ChunkPool::allocate
# Possible reasons:
#   The system is out of physical RAM or swap space
#   The process is running with CompressedOops enabled, and the Java Heap may be blocking the growth of the native heap
# Possible solutions:
#   Reduce memory load on the system
#   Increase physical memory or swap space
#   Check if swap backing store is full
#   Decrease Java heap size (-Xmx/-Xms)
#   Decrease number of Java threads
#   Decrease Java thread stack sizes (-Xss)
#   Set larger code cache with -XX:ReservedCodeCacheSize=
#   JVM is running with Unscaled Compressed Oops mode in which the Java heap is
#     placed in the first 4GB address space. The Java Heap base address is the
#     maximum limit for the native heap growth. Please use -XX:HeapBaseMinAddress
#     to set the Java Heap base and to place the Java Heap above 4GB virtual address.
# This output file may be truncated or incomplete.
#
#  Out of Memory Error (./src/hotspot/share/memory/arena.cpp:81), pid=20332, tid=12064
#
# JRE version: OpenJDK Runtime Environment (11.0.10) (build 11.0.10+0-b96-7249189)
# Java VM: OpenJDK 64-Bit Server VM (11.0.10+0-b96-7249189, mixed mode, tiered, compressed oops, g1 gc, windows-amd64)
# No core dump will be written. Minidumps are not enabled by default on client versions of Windows
#

---------------  S U M M A R Y ------------

Command Line: --add-opens=java.base/java.util=ALL-UNNAMED --add-opens=java.base/java.lang=ALL-UNNAMED --add-opens=java.base/java.lang.invoke=ALL-UNNAMED --add-opens=java.base/java.util=ALL-UNNAMED --add-opens=java.prefs/java.util.prefs=ALL-UNNAMED --add-opens=java.prefs/java.util.prefs=ALL-UNNAMED --add-opens=java.base/java.nio.charset=ALL-UNNAMED --add-opens=java.base/java.net=ALL-UNNAMED --add-opens=java.base/java.util.concurrent.atomic=ALL-UNNAMED -Xmx2048m -Dfile.encoding=UTF-8 -Duser.country=AU -Duser.language=en -Duser.variant org.gradle.launcher.daemon.bootstrap.GradleDaemon 7.0.2

Host: Intel(R) Core(TM) i7-8550U CPU @ 1.80GHz, 8 cores, 15G,  Windows 10 , 64 bit Build 19041 (10.0.19041.1503)
Time: Sun Mar 20 14:53:03 2022 SE Asia Standard Time elapsed time: 28.945992 seconds (0d 0h 0m 28s)

---------------  T H R E A D  ---------------

Current thread (0x000001fc868a2800):  JavaThread "C2 CompilerThread0" daemon [_thread_in_native, id=12064, stack(0x0000006030b00000,0x0000006030c00000)]


Current CompileTask:
C2:  28946 12085       4       org.gradle.tooling.internal.adapter.ProtocolToModelAdapter$InvocationHandlerImpl::invoke (176 bytes)

Stack: [0x0000006030b00000,0x0000006030c00000]
Native frames: (J=compiled Java code, j=interpreted, Vv=VM code, C=native code)
V  [jvm.dll+0x5ecfaa]
V  [jvm.dll+0x722bd5]
V  [jvm.dll+0x72412d]
V  [jvm.dll+0x7247e3]
V  [jvm.dll+0x242928]
V  [jvm.dll+0xbc75b]
V  [jvm.dll+0xbca0c]
V  [jvm.dll+0xbc608]
V  [jvm.dll+0x5cc470]
V  [jvm.dll+0x61cfce]
V  [jvm.dll+0x1980d8]
V  [jvm.dll+0x1fb70e]
V  [jvm.dll+0x1fa7f4]
V  [jvm.dll+0x18354c]
V  [jvm.dll+0x208ee7]
V  [jvm.dll+0x207731]
V  [jvm.dll+0x6eb1cf]
V  [jvm.dll+0x6e3d45]
V  [jvm.dll+0x5ebe96]
C  [ucrtbase.dll+0x21bb2]
C  [KERNEL32.DLL+0x17034]
C  [ntdll.dll+0x52651]


---------------  P R O C E S S  ---------------

Threads class SMR info:
_java_thread_list=0x000001fc8b265880, length=52, elements={
0x000001fceb9fb800, 0x000001fc8682a800, 0x000001fc8682b800, 0x000001fc8688f000,
0x000001fc86890000, 0x000001fc86892000, 0x000001fc868a2800, 0x000001fc868a3800,
0x000001fc868a6800, 0x000001fc86a07000, 0x000001fc886ec000, 0x000001fc886f0000,
0x000001fc886ef800, 0x000001fc886f1000, 0x000001fc886f2000, 0x000001fc886ed800,
0x000001fc886f2800, 0x000001fc886ed000, 0x000001fc886ee800, 0x000001fc88aad000,
0x000001fc88aae000, 0x000001fc88aa8000, 0x000001fc88aae800, 0x000001fc88aa9000,
0x000001fc88aaf800, 0x000001fc88aaa000, 0x000001fc88ab0800, 0x000001fc88aaa800,
0x000001fc88ab1000, 0x000001fc88aab800, 0x000001fc88ab2000, 0x000001fc88aac800,
0x000001fc88ab7000, 0x000001fc88ab3000, 0x000001fc88ab4800, 0x000001fc88ab3800,
0x000001fc88ab5800, 0x000001fc88ab6000, 0x000001fc88f1b800, 0x000001fc88f1d000,
0x000001fc88f21000, 0x000001fc88f23800, 0x000001fc88f20800, 0x000001fc88f1f800,
0x000001fc88f22000, 0x000001fc88f1e000, 0x000001fc88f22800, 0x000001fc88f24800,
0x000001fc88f25000, 0x000001fc8da63800, 0x000001fc8da64800, 0x000001fc8da66000
}

Java Threads: ( => current thread )
  0x000001fceb9fb800 JavaThread "main" [_thread_blocked, id=21308, stack(0x000000602ff00000,0x0000006030000000)]
  0x000001fc8682a800 JavaThread "Reference Handler" daemon [_thread_blocked, id=16064, stack(0x0000006030600000,0x0000006030700000)]
  0x000001fc8682b800 JavaThread "Finalizer" daemon [_thread_blocked, id=20860, stack(0x0000006030700000,0x0000006030800000)]
  0x000001fc8688f000 JavaThread "Signal Dispatcher" daemon [_thread_blocked, id=15820, stack(0x0000006030800000,0x0000006030900000)]
  0x000001fc86890000 JavaThread "Attach Listener" daemon [_thread_blocked, id=15068, stack(0x0000006030900000,0x0000006030a00000)]
  0x000001fc86892000 JavaThread "Service Thread" daemon [_thread_blocked, id=20484, stack(0x0000006030a00000,0x0000006030b00000)]
=>0x000001fc868a2800 JavaThread "C2 CompilerThread0" daemon [_thread_in_native, id=12064, stack(0x0000006030b00000,0x0000006030c00000)]
  0x000001fc868a3800 JavaThread "C1 CompilerThread0" daemon [_thread_blocked, id=7792, stack(0x0000006030c00000,0x0000006030d00000)]
  0x000001fc868a6800 JavaThread "Sweeper thread" daemon [_thread_blocked, id=4632, stack(0x0000006030d00000,0x0000006030e00000)]
  0x000001fc86a07000 JavaThread "Common-Cleaner" daemon [_thread_blocked, id=21244, stack(0x0000006030e00000,0x0000006030f00000)]
  0x000001fc886ec000 JavaThread "Daemon health stats" [_thread_blocked, id=20820, stack(0x0000006031700000,0x0000006031800000)]
  0x000001fc886f0000 JavaThread "Incoming local TCP Connector on port 63998" [_thread_in_native, id=20740, stack(0x0000006031000000,0x0000006031100000)]
  0x000001fc886ef800 JavaThread "Daemon periodic checks" [_thread_blocked, id=20196, stack(0x0000006031100000,0x0000006031200000)]
  0x000001fc886f1000 JavaThread "Daemon" [_thread_blocked, id=19492, stack(0x0000006031800000,0x0000006031900000)]
  0x000001fc886f2000 JavaThread "Handler for socket connection from /127.0.0.1:63998 to /127.0.0.1:63999" [_thread_in_native, id=19656, stack(0x0000006031900000,0x0000006031a00000)]
  0x000001fc886ed800 JavaThread "Cancel handler" [_thread_blocked, id=19256, stack(0x0000006031a00000,0x0000006031b00000)]
  0x000001fc886f2800 JavaThread "Daemon worker" [_thread_in_native, id=4788, stack(0x0000006031b00000,0x0000006031c00000)]
  0x000001fc886ed000 JavaThread "Asynchronous log dispatcher for DefaultDaemonConnection: socket connection from /127.0.0.1:63998 to /127.0.0.1:63999" [_thread_blocked, id=19924, stack(0x0000006031c00000,0x0000006031d00000)]
  0x000001fc886ee800 JavaThread "Stdin handler" [_thread_blocked, id=21436, stack(0x0000006031d00000,0x0000006031e00000)]
  0x000001fc88aad000 JavaThread "Daemon client event forwarder" [_thread_blocked, id=19932, stack(0x0000006031e00000,0x0000006031f00000)]
  0x000001fc88aae000 JavaThread "Cache worker for file hash cache (D:\gradle\caches\7.0.2\fileHashes)" [_thread_blocked, id=5160, stack(0x0000006032100000,0x0000006032200000)]
  0x000001fc88aa8000 JavaThread "File lock request listener" [_thread_in_native, id=19228, stack(0x0000006032200000,0x0000006032300000)]
  0x000001fc88aae800 JavaThread "Cache worker for journal cache (D:\gradle\caches\journal-1)" [_thread_blocked, id=1164, stack(0x0000006032400000,0x0000006032500000)]
  0x000001fc88aa9000 JavaThread "Cache worker for file hash cache (D:\myapp\.gradle\7.0.2\fileHashes)" [_thread_blocked, id=20876, stack(0x0000006032700000,0x0000006032800000)]
  0x000001fc88aaf800 JavaThread "File watcher server" daemon [_thread_in_native, id=12448, stack(0x0000006032800000,0x0000006032900000)]
  0x000001fc88aaa000 JavaThread "File watcher consumer" daemon [_thread_blocked, id=19392, stack(0x0000006032900000,0x0000006032a00000)]
  0x000001fc88ab0800 JavaThread "jar transforms" [_thread_blocked, id=19912, stack(0x0000006032a00000,0x0000006032b00000)]
  0x000001fc88aaa800 JavaThread "jar transforms Thread 2" [_thread_blocked, id=18972, stack(0x0000006032b00000,0x0000006032c00000)]
  0x000001fc88ab1000 JavaThread "jar transforms Thread 3" [_thread_blocked, id=3876, stack(0x0000006032c00000,0x0000006032d00000)]
  0x000001fc88aab800 JavaThread "jar transforms Thread 4" [_thread_blocked, id=10388, stack(0x0000006032d00000,0x0000006032e00000)]
  0x000001fc88ab2000 JavaThread "jar transforms Thread 5" [_thread_blocked, id=16424, stack(0x0000006032e00000,0x0000006032f00000)]
  0x000001fc88aac800 JavaThread "jar transforms Thread 6" [_thread_blocked, id=10592, stack(0x0000006032f00000,0x0000006033000000)]
  0x000001fc88ab7000 JavaThread "jar transforms Thread 7" [_thread_blocked, id=3988, stack(0x0000006033000000,0x0000006033100000)]
  0x000001fc88ab3000 JavaThread "jar transforms Thread 8" [_thread_blocked, id=15048, stack(0x0000006033100000,0x0000006033200000)]
  0x000001fc88ab4800 JavaThread "Cache worker for checksums cache (D:\myapp\.gradle\checksums)" [_thread_blocked, id=19588, stack(0x0000006032500000,0x0000006032600000)]
  0x000001fc88ab3800 JavaThread "Cache worker for cache directory md-supplier (D:\gradle\caches\7.0.2\md-supplier)" [_thread_blocked, id=20636, stack(0x0000006032600000,0x0000006032700000)]
  0x000001fc88ab5800 JavaThread "Cache worker for cache directory md-rule (D:\gradle\caches\7.0.2\md-rule)" [_thread_blocked, id=17660, stack(0x0000006033300000,0x0000006033400000)]
  0x000001fc88ab6000 JavaThread "Cache worker for execution history cache (D:\gradle\caches\7.0.2\executionHistory)" [_thread_blocked, id=20092, stack(0x0000006033400000,0x0000006033500000)]
  0x000001fc88f1b800 JavaThread "Cache worker for file content cache (D:\gradle\caches\7.0.2\fileContent)" [_thread_blocked, id=15900, stack(0x0000006033600000,0x0000006033700000)]
  0x000001fc88f1d000 JavaThread "Cache worker for dependencies-accessors (D:\myapp\.gradle\7.0.2\dependencies-accessors)" [_thread_blocked, id=1952, stack(0x0000006033500000,0x0000006033600000)]
  0x000001fc88f21000 JavaThread "Cache worker for Build Output Cleanup Cache (D:\myapp\.gradle\buildOutputCleanup)" [_thread_blocked, id=10516, stack(0x0000006033800000,0x0000006033900000)]
  0x000001fc88f23800 JavaThread "Build operations" [_thread_blocked, id=21248, stack(0x0000006033900000,0x0000006033a00000)]
  0x000001fc88f20800 JavaThread "Build operations Thread 2" [_thread_blocked, id=20060, stack(0x0000006033a00000,0x0000006033b00000)]
  0x000001fc88f1f800 JavaThread "Build operations Thread 3" [_thread_blocked, id=19412, stack(0x0000006033b00000,0x0000006033c00000)]
  0x000001fc88f22000 JavaThread "Build operations Thread 4" [_thread_blocked, id=8328, stack(0x0000006033c00000,0x0000006033d00000)]
  0x000001fc88f1e000 JavaThread "Build operations Thread 5" [_thread_blocked, id=21264, stack(0x0000006033d00000,0x0000006033e00000)]
  0x000001fc88f22800 JavaThread "Build operations Thread 6" [_thread_blocked, id=15576, stack(0x0000006033e00000,0x0000006033f00000)]
  0x000001fc88f24800 JavaThread "Build operations Thread 7" [_thread_blocked, id=19560, stack(0x0000006033f00000,0x0000006034000000)]
  0x000001fc88f25000 JavaThread "Build operations Thread 8" [_thread_blocked, id=21064, stack(0x0000006034000000,0x0000006034100000)]
  0x000001fc8da63800 JavaThread "Memory manager" [_thread_blocked, id=12664, stack(0x0000006034100000,0x0000006034200000)]
  0x000001fc8da64800 JavaThread "C2 CompilerThread1" daemon [_thread_blocked, id=19692, stack(0x0000006033200000,0x0000006033300000)]
  0x000001fc8da66000 JavaThread "C2 CompilerThread2" daemon [_thread_in_native, id=20888, stack(0x0000006033700000,0x0000006033800000)]

Other Threads:
  0x000001fcffeb9000 VMThread "VM Thread" [stack: 0x0000006030500000,0x0000006030600000] [id=10100]
  0x000001fc86a1c800 WatcherThread [stack: 0x0000006030f00000,0x0000006031000000] [id=21448]
  0x000001fceba16000 GCTaskThread "GC Thread#0" [stack: 0x0000006030000000,0x0000006030100000] [id=21340]
  0x000001fc87022000 GCTaskThread "GC Thread#1" [stack: 0x0000006031200000,0x0000006031300000] [id=13444]
  0x000001fc87878800 GCTaskThread "GC Thread#2" [stack: 0x0000006031300000,0x0000006031400000] [id=14116]
  0x000001fc874bd000 GCTaskThread "GC Thread#3" [stack: 0x0000006031400000,0x0000006031500000] [id=15488]
  0x000001fc87671000 GCTaskThread "GC Thread#4" [stack: 0x0000006031500000,0x0000006031600000] [id=16316]
  0x000001fc86e67000 GCTaskThread "GC Thread#5" [stack: 0x0000006031600000,0x0000006031700000] [id=17056]
  0x000001fc8867b800 GCTaskThread "GC Thread#6" [stack: 0x0000006031f00000,0x0000006032000000] [id=20968]
  0x000001fc88bee800 GCTaskThread "GC Thread#7" [stack: 0x0000006032000000,0x0000006032100000] [id=21252]
  0x000001fceba46000 ConcurrentGCThread "G1 Main Marker" [stack: 0x0000006030100000,0x0000006030200000] [id=16332]
  0x000001fceba47000 ConcurrentGCThread "G1 Conc#0" [stack: 0x0000006030200000,0x0000006030300000] [id=9588]
  0x000001fc88bfd800 ConcurrentGCThread "G1 Conc#1" [stack: 0x0000006032300000,0x0000006032400000] [id=12392]
  0x000001fcffd36800 ConcurrentGCThread "G1 Refine#0" [stack: 0x0000006030300000,0x0000006030400000] [id=11196]
  0x000001fc8699e000 ConcurrentGCThread "G1 Refine#1" [stack: 0x0000006034200000,0x0000006034300000] [id=12376]
  0x000001fcffd37800 ConcurrentGCThread "G1 Young RemSet Sampling" [stack: 0x0000006030400000,0x0000006030500000] [id=14824]

Threads with active compile tasks:
C2 CompilerThread0  28982 12085       4       org.gradle.tooling.internal.adapter.ProtocolToModelAdapter$InvocationHandlerImpl::invoke (176 bytes)
C2 CompilerThread2  28982 12087       4       org.gradle.tooling.internal.adapter.ProtocolToModelAdapter$SupportedPropertyInvoker::invoke (154 bytes)

VM state:not at safepoint (normal execution)

VM Mutex/Monitor currently owned by a thread: None

Heap address: 0x0000000080000000, size: 2048 MB, Compressed Oops mode: 32-bit
Narrow klass base: 0x0000000000000000, Narrow klass shift: 3
Compressed class space size: 1073741824 Address: 0x0000000100000000

Heap:
 garbage-first heap   total 260096K, used 139138K [0x0000000080000000, 0x0000000100000000)
  region size 1024K, 21 young (21504K), 6 survivors (6144K)
 Metaspace       used 103542K, capacity 106125K, committed 106240K, reserved 1140736K
  class space    used 13246K, capacity 14241K, committed 14336K, reserved 1048576K
Heap Regions: E=young(eden), S=young(survivor), O=old, HS=humongous(starts), HC=humongous(continues), CS=collection set, F=free, A=archive, TAMS=top-at-mark-start (previous, next)
|   0|0x0000000080000000, 0x0000000080100000, 0x0000000080100000|100%| O|  |TAMS 0x0000000080100000, 0x0000000080000000| Untracked 
|   1|0x0000000080100000, 0x0000000080200000, 0x0000000080200000|100%| O|  |TAMS 0x0000000080200000, 0x0000000080100000| Untracked 
|   2|0x0000000080200000, 0x0000000080300000, 0x0000000080300000|100%| O|  |TAMS 0x0000000080300000, 0x0000000080200000| Untracked 
|   3|0x0000000080300000, 0x0000000080400000, 0x0000000080400000|100%|HS|  |TAMS 0x0000000080400000, 0x0000000080300000| Complete 
|   4|0x0000000080400000, 0x0000000080500000, 0x0000000080500000|100%|HC|  |TAMS 0x0000000080500000, 0x0000000080400000| Complete 
|   5|0x0000000080500000, 0x0000000080600000, 0x0000000080600000|100%|HC|  |TAMS 0x0000000080600000, 0x0000000080500000| Complete 
|   6|0x0000000080600000, 0x0000000080700000, 0x0000000080700000|100%| O|  |TAMS 0x0000000080700000, 0x0000000080600000| Untracked 
|   7|0x0000000080700000, 0x0000000080800000, 0x0000000080800000|100%| O|  |TAMS 0x0000000080800000, 0x0000000080700000| Untracked 
|   8|0x0000000080800000, 0x0000000080900000, 0x0000000080900000|100%| O|  |TAMS 0x0000000080900000, 0x0000000080800000| Untracked 
|   9|0x0000000080900000, 0x0000000080a00000, 0x0000000080a00000|100%| O|  |TAMS 0x0000000080a00000, 0x0000000080900000| Untracked 
|  10|0x0000000080a00000, 0x0000000080b00000, 0x0000000080b00000|100%| O|  |TAMS 0x0000000080b00000, 0x0000000080a00000| Untracked 
|  11|0x0000000080b00000, 0x0000000080c00000, 0x0000000080c00000|100%| O|  |TAMS 0x0000000080c00000, 0x0000000080b00000| Untracked 
|  12|0x0000000080c00000, 0x0000000080d00000, 0x0000000080d00000|100%| O|  |TAMS 0x0000000080d00000, 0x0000000080c00000| Untracked 
|  13|0x0000000080d00000, 0x0000000080e00000, 0x0000000080e00000|100%| O|  |TAMS 0x0000000080e00000, 0x0000000080d00000| Untracked 
|  14|0x0000000080e00000, 0x0000000080f00000, 0x0000000080f00000|100%| O|  |TAMS 0x0000000080f00000, 0x0000000080e00000| Untracked 
|  15|0x0000000080f00000, 0x0000000081000000, 0x0000000081000000|100%| O|  |TAMS 0x0000000081000000, 0x0000000080f00000| Untracked 
|  16|0x0000000081000000, 0x0000000081100000, 0x0000000081100000|100%|HS|  |TAMS 0x0000000081100000, 0x0000000081000000| Complete 
|  17|0x0000000081100000, 0x0000000081200000, 0x0000000081200000|100%|HC|  |TAMS 0x0000000081200000, 0x0000000081100000| Complete 
|  18|0x0000000081200000, 0x0000000081300000, 0x0000000081300000|100%|HS|  |TAMS 0x0000000081300000, 0x0000000081200000| Complete 
|  19|0x0000000081300000, 0x0000000081400000, 0x0000000081400000|100%|HC|  |TAMS 0x0000000081400000, 0x0000000081300000| Complete 
|  20|0x0000000081400000, 0x0000000081500000, 0x0000000081500000|100%|HC|  |TAMS 0x0000000081500000, 0x0000000081400000| Complete 
|  21|0x0000000081500000, 0x0000000081600000, 0x0000000081600000|100%|HS|  |TAMS 0x0000000081600000, 0x0000000081500000| Complete 
|  22|0x0000000081600000, 0x0000000081700000, 0x0000000081700000|100%|HC|  |TAMS 0x0000000081700000, 0x0000000081600000| Complete 
|  23|0x0000000081700000, 0x0000000081800000, 0x0000000081800000|100%|HC|  |TAMS 0x0000000081800000, 0x0000000081700000| Complete 
|  24|0x0000000081800000, 0x0000000081900000, 0x0000000081900000|100%|HC|  |TAMS 0x0000000081900000, 0x0000000081800000| Complete 
|  25|0x0000000081900000, 0x0000000081a00000, 0x0000000081a00000|100%|HC|  |TAMS 0x0000000081a00000, 0x0000000081900000| Complete 
|  26|0x0000000081a00000, 0x0000000081b00000, 0x0000000081b00000|100%| O|  |TAMS 0x0000000081b00000, 0x0000000081a00000| Untracked 
|  27|0x0000000081b00000, 0x0000000081c00000, 0x0000000081c00000|100%| O|  |TAMS 0x0000000081c00000, 0x0000000081b00000| Untracked 
|  28|0x0000000081c00000, 0x0000000081d00000, 0x0000000081d00000|100%| O|  |TAMS 0x0000000081d00000, 0x0000000081c00000| Untracked 
|  29|0x0000000081d00000, 0x0000000081e00000, 0x0000000081e00000|100%|HS|  |TAMS 0x0000000081e00000, 0x0000000081d00000| Complete 
|  30|0x0000000081e00000, 0x0000000081f00000, 0x0000000081f00000|100%|HC|  |TAMS 0x0000000081f00000, 0x0000000081e00000| Complete 
|  31|0x0000000081f00000, 0x0000000082000000, 0x0000000082000000|100%|HC|  |TAMS 0x0000000082000000, 0x0000000081f00000| Complete 
|  32|0x0000000082000000, 0x0000000082100000, 0x0000000082100000|100%|HC|  |TAMS 0x0000000082100000, 0x0000000082000000| Complete 
|  33|0x0000000082100000, 0x0000000082200000, 0x0000000082200000|100%|HC|  |TAMS 0x0000000082200000, 0x0000000082100000| Complete 
|  34|0x0000000082200000, 0x0000000082300000, 0x0000000082300000|100%|HS|  |TAMS 0x0000000082300000, 0x0000000082200000| Complete 
|  35|0x0000000082300000, 0x0000000082400000, 0x0000000082400000|100%|HC|  |TAMS 0x0000000082400000, 0x0000000082300000| Complete 
|  36|0x0000000082400000, 0x0000000082500000, 0x0000000082500000|100%|HC|  |TAMS 0x0000000082500000, 0x0000000082400000| Complete 
|  37|0x0000000082500000, 0x0000000082600000, 0x0000000082600000|100%| O|  |TAMS 0x0000000082600000, 0x0000000082500000| Untracked 
|  38|0x0000000082600000, 0x0000000082700000, 0x0000000082700000|100%| O|  |TAMS 0x0000000082700000, 0x0000000082600000| Untracked 
|  39|0x0000000082700000, 0x0000000082800000, 0x0000000082800000|100%| O|  |TAMS 0x0000000082800000, 0x0000000082700000| Untracked 
|  40|0x0000000082800000, 0x0000000082900000, 0x0000000082900000|100%| O|  |TAMS 0x0000000082900000, 0x0000000082800000| Untracked 
|  41|0x0000000082900000, 0x0000000082a00000, 0x0000000082a00000|100%| O|  |TAMS 0x0000000082a00000, 0x0000000082900000| Untracked 
|  42|0x0000000082a00000, 0x0000000082b00000, 0x0000000082b00000|100%| O|  |TAMS 0x0000000082b00000, 0x0000000082a00000| Untracked 
|  43|0x0000000082b00000, 0x0000000082c00000, 0x0000000082c00000|100%| O|  |TAMS 0x0000000082c00000, 0x0000000082b00000| Untracked 
|  44|0x0000000082c00000, 0x0000000082d00000, 0x0000000082d00000|100%| O|  |TAMS 0x0000000082d00000, 0x0000000082c00000| Untracked 
|  45|0x0000000082d00000, 0x0000000082e00000, 0x0000000082e00000|100%| O|  |TAMS 0x0000000082e00000, 0x0000000082d00000| Untracked 
|  46|0x0000000082e00000, 0x0000000082f00000, 0x0000000082f00000|100%| O|  |TAMS 0x0000000082f00000, 0x0000000082e00000| Untracked 
|  47|0x0000000082f00000, 0x0000000083000000, 0x0000000083000000|100%| O|  |TAMS 0x0000000083000000, 0x0000000082f00000| Untracked 
|  48|0x0000000083000000, 0x0000000083100000, 0x0000000083100000|100%| O|  |TAMS 0x0000000083100000, 0x0000000083000000| Untracked 
|  49|0x0000000083100000, 0x0000000083200000, 0x0000000083200000|100%| O|  |TAMS 0x0000000083200000, 0x0000000083100000| Untracked 
|  50|0x0000000083200000, 0x0000000083300000, 0x0000000083300000|100%| O|  |TAMS 0x0000000083300000, 0x0000000083200000| Untracked 
|  51|0x0000000083300000, 0x0000000083400000, 0x0000000083400000|100%|HS|  |TAMS 0x0000000083400000, 0x0000000083300000| Complete 
|  52|0x0000000083400000, 0x0000000083500000, 0x0000000083500000|100%|HS|  |TAMS 0x0000000083500000, 0x0000000083400000| Complete 
|  53|0x0000000083500000, 0x0000000083600000, 0x0000000083600000|100%|HS|  |TAMS 0x0000000083600000, 0x0000000083500000| Complete 
|  54|0x0000000083600000, 0x0000000083700000, 0x0000000083700000|100%|HS|  |TAMS 0x0000000083700000, 0x0000000083600000| Complete 
|  55|0x0000000083700000, 0x0000000083800000, 0x0000000083800000|100%|HC|  |TAMS 0x0000000083800000, 0x0000000083700000| Complete 
|  56|0x0000000083800000, 0x0000000083900000, 0x0000000083900000|100%|HC|  |TAMS 0x0000000083900000, 0x0000000083800000| Complete 
|  57|0x0000000083900000, 0x0000000083a00000, 0x0000000083a00000|100%|HS|  |TAMS 0x0000000083a00000, 0x0000000083900000| Complete 
|  58|0x0000000083a00000, 0x0000000083b00000, 0x0000000083b00000|100%|HC|  |TAMS 0x0000000083b00000, 0x0000000083a00000| Complete 
|  59|0x0000000083b00000, 0x0000000083c00000, 0x0000000083c00000|100%| O|  |TAMS 0x0000000083c00000, 0x0000000083b00000| Untracked 
|  60|0x0000000083c00000, 0x0000000083d00000, 0x0000000083d00000|100%| O|  |TAMS 0x0000000083d00000, 0x0000000083c00000| Untracked 
|  61|0x0000000083d00000, 0x0000000083e00000, 0x0000000083e00000|100%| O|  |TAMS 0x0000000083e00000, 0x0000000083d00000| Untracked 
|  62|0x0000000083e00000, 0x0000000083f00000, 0x0000000083f00000|100%| O|  |TAMS 0x0000000083f00000, 0x0000000083e00000| Untracked 
|  63|0x0000000083f00000, 0x0000000084000000, 0x0000000084000000|100%| O|  |TAMS 0x0000000084000000, 0x0000000083f00000| Untracked 
|  64|0x0000000084000000, 0x0000000084100000, 0x0000000084100000|100%| O|  |TAMS 0x0000000084100000, 0x0000000084000000| Untracked 
|  65|0x0000000084100000, 0x0000000084200000, 0x0000000084200000|100%| O|  |TAMS 0x0000000084200000, 0x0000000084100000| Untracked 
|  66|0x0000000084200000, 0x0000000084300000, 0x0000000084300000|100%| O|  |TAMS 0x0000000084300000, 0x0000000084200000| Untracked 
|  67|0x0000000084300000, 0x0000000084400000, 0x0000000084400000|100%| O|  |TAMS 0x0000000084400000, 0x0000000084300000| Untracked 
|  68|0x0000000084400000, 0x0000000084500000, 0x0000000084500000|100%| O|  |TAMS 0x0000000084500000, 0x0000000084400000| Untracked 
|  69|0x0000000084500000, 0x0000000084600000, 0x0000000084600000|100%| O|  |TAMS 0x0000000084600000, 0x0000000084500000| Untracked 
|  70|0x0000000084600000, 0x0000000084700000, 0x0000000084700000|100%| O|  |TAMS 0x0000000084700000, 0x0000000084600000| Untracked 
|  71|0x0000000084700000, 0x0000000084800000, 0x0000000084800000|100%| O|  |TAMS 0x0000000084800000, 0x0000000084700000| Untracked 
|  72|0x0000000084800000, 0x0000000084900000, 0x0000000084900000|100%| O|  |TAMS 0x0000000084900000, 0x0000000084800000| Untracked 
|  73|0x0000000084900000, 0x0000000084a00000, 0x0000000084a00000|100%| O|  |TAMS 0x0000000084a00000, 0x0000000084900000| Untracked 
|  74|0x0000000084a00000, 0x0000000084b00000, 0x0000000084b00000|100%| O|  |TAMS 0x0000000084b00000, 0x0000000084a00000| Untracked 
|  75|0x0000000084b00000, 0x0000000084c00000, 0x0000000084c00000|100%| O|  |TAMS 0x0000000084c00000, 0x0000000084b00000| Untracked 
|  76|0x0000000084c00000, 0x0000000084d00000, 0x0000000084d00000|100%| O|  |TAMS 0x0000000084d00000, 0x0000000084c00000| Untracked 
|  77|0x0000000084d00000, 0x0000000084e00000, 0x0000000084e00000|100%| O|  |TAMS 0x0000000084e00000, 0x0000000084d00000| Untracked 
|  78|0x0000000084e00000, 0x0000000084f00000, 0x0000000084f00000|100%| O|  |TAMS 0x0000000084f00000, 0x0000000084e00000| Untracked 
|  79|0x0000000084f00000, 0x0000000085000000, 0x0000000085000000|100%| O|  |TAMS 0x0000000085000000, 0x0000000084f00000| Untracked 
|  80|0x0000000085000000, 0x0000000085100000, 0x0000000085100000|100%| O|  |TAMS 0x0000000085100000, 0x0000000085000000| Untracked 
|  81|0x0000000085100000, 0x0000000085200000, 0x0000000085200000|100%| O|  |TAMS 0x0000000085200000, 0x0000000085100000| Untracked 
|  82|0x0000000085200000, 0x0000000085300000, 0x0000000085300000|100%| O|  |TAMS 0x0000000085300000, 0x0000000085200000| Untracked 
|  83|0x0000000085300000, 0x0000000085400000, 0x0000000085400000|100%| O|  |TAMS 0x0000000085400000, 0x0000000085300000| Untracked 
|  84|0x0000000085400000, 0x0000000085500000, 0x0000000085500000|100%| O|  |TAMS 0x0000000085500000, 0x0000000085400000| Untracked 
|  85|0x0000000085500000, 0x0000000085600000, 0x0000000085600000|100%| O|  |TAMS 0x0000000085600000, 0x0000000085500000| Untracked 
|  86|0x0000000085600000, 0x0000000085700000, 0x0000000085700000|100%| O|  |TAMS 0x0000000085700000, 0x0000000085600000| Untracked 
|  87|0x0000000085700000, 0x0000000085800000, 0x0000000085800000|100%| O|  |TAMS 0x0000000085800000, 0x0000000085700000| Untracked 
|  88|0x0000000085800000, 0x0000000085900000, 0x0000000085900000|100%| O|  |TAMS 0x0000000085900000, 0x0000000085800000| Untracked 
|  89|0x0000000085900000, 0x0000000085a00000, 0x0000000085a00000|100%| O|  |TAMS 0x0000000085a00000, 0x0000000085900000| Untracked 
|  90|0x0000000085a00000, 0x0000000085b00000, 0x0000000085b00000|100%| O|  |TAMS 0x0000000085a45200, 0x0000000085a00000| Untracked 
|  91|0x0000000085b00000, 0x0000000085c00000, 0x0000000085c00000|100%| O|  |TAMS 0x0000000085b00000, 0x0000000085b00000| Untracked 
|  92|0x0000000085c00000, 0x0000000085d00000, 0x0000000085d00000|100%| O|  |TAMS 0x0000000085c00000, 0x0000000085c00000| Untracked 
|  93|0x0000000085d00000, 0x0000000085e00000, 0x0000000085e00000|100%| O|  |TAMS 0x0000000085d00000, 0x0000000085d00000| Untracked 
|  94|0x0000000085e00000, 0x0000000085f00000, 0x0000000085f00000|100%| O|  |TAMS 0x0000000085e00000, 0x0000000085e00000| Untracked 
|  95|0x0000000085f00000, 0x0000000086000000, 0x0000000086000000|100%| O|  |TAMS 0x0000000085f00000, 0x0000000085f00000| Untracked 
|  96|0x0000000086000000, 0x0000000086100000, 0x0000000086100000|100%| O|  |TAMS 0x0000000086000000, 0x0000000086000000| Untracked 
|  97|0x0000000086100000, 0x0000000086200000, 0x0000000086200000|100%| O|  |TAMS 0x0000000086100000, 0x0000000086100000| Untracked 
|  98|0x0000000086200000, 0x0000000086300000, 0x0000000086300000|100%| O|  |TAMS 0x0000000086200000, 0x0000000086200000| Untracked 
|  99|0x0000000086300000, 0x0000000086400000, 0x0000000086400000|100%| O|  |TAMS 0x0000000086300000, 0x0000000086300000| Untracked 
| 100|0x0000000086400000, 0x0000000086500000, 0x0000000086500000|100%| O|  |TAMS 0x0000000086400000, 0x0000000086400000| Untracked 
| 101|0x0000000086500000, 0x0000000086600000, 0x0000000086600000|100%| O|  |TAMS 0x0000000086500000, 0x0000000086500000| Untracked 
| 102|0x0000000086600000, 0x0000000086700000, 0x0000000086700000|100%| O|  |TAMS 0x0000000086600000, 0x0000000086600000| Untracked 
| 103|0x0000000086700000, 0x0000000086800000, 0x0000000086800000|100%| O|  |TAMS 0x0000000086700000, 0x0000000086700000| Untracked 
| 104|0x0000000086800000, 0x0000000086900000, 0x0000000086900000|100%| O|  |TAMS 0x0000000086800000, 0x0000000086800000| Untracked 
| 105|0x0000000086900000, 0x0000000086a00000, 0x0000000086a00000|100%| O|  |TAMS 0x0000000086900000, 0x0000000086900000| Untracked 
| 106|0x0000000086a00000, 0x0000000086b00000, 0x0000000086b00000|100%| O|  |TAMS 0x0000000086a00000, 0x0000000086a00000| Untracked 
| 107|0x0000000086b00000, 0x0000000086c00000, 0x0000000086c00000|100%| O|  |TAMS 0x0000000086b00000, 0x0000000086b00000| Untracked 
| 108|0x0000000086c00000, 0x0000000086d00000, 0x0000000086d00000|100%| O|  |TAMS 0x0000000086c00000, 0x0000000086c00000| Untracked 
| 109|0x0000000086d00000, 0x0000000086e00000, 0x0000000086e00000|100%| O|  |TAMS 0x0000000086d00000, 0x0000000086d00000| Untracked 
| 110|0x0000000086e00000, 0x0000000086f00000, 0x0000000086f00000|100%| O|  |TAMS 0x0000000086e00000, 0x0000000086e00000| Untracked 
| 111|0x0000000086f00000, 0x0000000087000000, 0x0000000087000000|100%| O|  |TAMS 0x0000000086f00000, 0x0000000086f00000| Untracked 
| 112|0x0000000087000000, 0x0000000087100000, 0x0000000087100000|100%| O|  |TAMS 0x0000000087000000, 0x0000000087000000| Untracked 
| 113|0x0000000087100000, 0x0000000087200000, 0x0000000087200000|100%| O|  |TAMS 0x0000000087100000, 0x0000000087100000| Untracked 
| 114|0x0000000087200000, 0x0000000087300000, 0x0000000087300000|100%| O|  |TAMS 0x0000000087200000, 0x0000000087200000| Untracked 
| 115|0x0000000087300000, 0x00000000873e0a00, 0x0000000087400000| 87%| O|  |TAMS 0x0000000087300000, 0x0000000087300000| Untracked 
| 116|0x0000000087400000, 0x0000000087400000, 0x0000000087500000|  0%| F|  |TAMS 0x0000000087400000, 0x0000000087400000| Untracked 
| 117|0x0000000087500000, 0x0000000087500000, 0x0000000087600000|  0%| F|  |TAMS 0x0000000087500000, 0x0000000087500000| Untracked 
| 118|0x0000000087600000, 0x0000000087600000, 0x0000000087700000|  0%| F|  |TAMS 0x0000000087600000, 0x0000000087600000| Untracked 
| 119|0x0000000087700000, 0x0000000087700000, 0x0000000087800000|  0%| F|  |TAMS 0x0000000087700000, 0x0000000087700000| Untracked 
| 120|0x0000000087800000, 0x0000000087800000, 0x0000000087900000|  0%| F|  |TAMS 0x0000000087800000, 0x0000000087800000| Untracked 
| 121|0x0000000087900000, 0x0000000087900000, 0x0000000087a00000|  0%| F|  |TAMS 0x0000000087900000, 0x0000000087900000| Untracked 
| 122|0x0000000087a00000, 0x0000000087a00000, 0x0000000087b00000|  0%| F|  |TAMS 0x0000000087a00000, 0x0000000087a00000| Untracked 
| 123|0x0000000087b00000, 0x0000000087b00000, 0x0000000087c00000|  0%| F|  |TAMS 0x0000000087b00000, 0x0000000087b00000| Untracked 
| 124|0x0000000087c00000, 0x0000000087c00000, 0x0000000087d00000|  0%| F|  |TAMS 0x0000000087c00000, 0x0000000087c00000| Untracked 
| 125|0x0000000087d00000, 0x0000000087d00000, 0x0000000087e00000|  0%| F|  |TAMS 0x0000000087d00000, 0x0000000087d00000| Untracked 
| 126|0x0000000087e00000, 0x0000000087e00000, 0x0000000087f00000|  0%| F|  |TAMS 0x0000000087e00000, 0x0000000087e00000| Untracked 
| 127|0x0000000087f00000, 0x0000000087f00000, 0x0000000088000000|  0%| F|  |TAMS 0x0000000087f00000, 0x0000000087f00000| Untracked 
| 128|0x0000000088000000, 0x0000000088000000, 0x0000000088100000|  0%| F|  |TAMS 0x0000000088000000, 0x0000000088000000| Untracked 
| 129|0x0000000088100000, 0x0000000088100000, 0x0000000088200000|  0%| F|  |TAMS 0x0000000088100000, 0x0000000088100000| Untracked 
| 130|0x0000000088200000, 0x0000000088200000, 0x0000000088300000|  0%| F|  |TAMS 0x0000000088200000, 0x0000000088200000| Untracked 
| 131|0x0000000088300000, 0x0000000088300000, 0x0000000088400000|  0%| F|  |TAMS 0x0000000088300000, 0x0000000088300000| Untracked 
| 132|0x0000000088400000, 0x0000000088400000, 0x0000000088500000|  0%| F|  |TAMS 0x0000000088400000, 0x0000000088400000| Untracked 
| 133|0x0000000088500000, 0x0000000088500000, 0x0000000088600000|  0%| F|  |TAMS 0x0000000088500000, 0x0000000088500000| Untracked 
| 134|0x0000000088600000, 0x0000000088600000, 0x0000000088700000|  0%| F|  |TAMS 0x0000000088600000, 0x0000000088600000| Untracked 
| 135|0x0000000088700000, 0x0000000088700000, 0x0000000088800000|  0%| F|  |TAMS 0x0000000088700000, 0x0000000088700000| Untracked 
| 136|0x0000000088800000, 0x0000000088800000, 0x0000000088900000|  0%| F|  |TAMS 0x0000000088800000, 0x0000000088800000| Untracked 
| 137|0x0000000088900000, 0x0000000088900000, 0x0000000088a00000|  0%| F|  |TAMS 0x0000000088900000, 0x0000000088900000| Untracked 
| 138|0x0000000088a00000, 0x0000000088a00000, 0x0000000088b00000|  0%| F|  |TAMS 0x0000000088a00000, 0x0000000088a00000| Untracked 
| 139|0x0000000088b00000, 0x0000000088b00000, 0x0000000088c00000|  0%| F|  |TAMS 0x0000000088b00000, 0x0000000088b00000| Untracked 
| 140|0x0000000088c00000, 0x0000000088c00000, 0x0000000088d00000|  0%| F|  |TAMS 0x0000000088c00000, 0x0000000088c00000| Untracked 
| 141|0x0000000088d00000, 0x0000000088d00000, 0x0000000088e00000|  0%| F|  |TAMS 0x0000000088d00000, 0x0000000088d00000| Untracked 
| 142|0x0000000088e00000, 0x0000000088e00000, 0x0000000088f00000|  0%| F|  |TAMS 0x0000000088e00000, 0x0000000088e00000| Untracked 
| 143|0x0000000088f00000, 0x0000000088f00000, 0x0000000089000000|  0%| F|  |TAMS 0x0000000088f00000, 0x0000000088f00000| Untracked 
| 144|0x0000000089000000, 0x0000000089000000, 0x0000000089100000|  0%| F|  |TAMS 0x0000000089000000, 0x0000000089000000| Untracked 
| 145|0x0000000089100000, 0x0000000089100000, 0x0000000089200000|  0%| F|  |TAMS 0x0000000089100000, 0x0000000089100000| Untracked 
| 146|0x0000000089200000, 0x0000000089200000, 0x0000000089300000|  0%| F|  |TAMS 0x0000000089200000, 0x0000000089200000| Untracked 
| 147|0x0000000089300000, 0x0000000089300000, 0x0000000089400000|  0%| F|  |TAMS 0x0000000089300000, 0x0000000089300000| Untracked 
| 148|0x0000000089400000, 0x0000000089400000, 0x0000000089500000|  0%| F|  |TAMS 0x0000000089400000, 0x0000000089400000| Untracked 
| 149|0x0000000089500000, 0x0000000089500000, 0x0000000089600000|  0%| F|  |TAMS 0x0000000089500000, 0x0000000089500000| Untracked 
| 150|0x0000000089600000, 0x0000000089600000, 0x0000000089700000|  0%| F|  |TAMS 0x0000000089600000, 0x0000000089600000| Untracked 
| 151|0x0000000089700000, 0x0000000089700000, 0x0000000089800000|  0%| F|  |TAMS 0x0000000089700000, 0x0000000089700000| Untracked 
| 152|0x0000000089800000, 0x0000000089800000, 0x0000000089900000|  0%| F|  |TAMS 0x0000000089800000, 0x0000000089800000| Untracked 
| 153|0x0000000089900000, 0x0000000089900000, 0x0000000089a00000|  0%| F|  |TAMS 0x0000000089900000, 0x0000000089900000| Untracked 
| 154|0x0000000089a00000, 0x0000000089a00000, 0x0000000089b00000|  0%| F|  |TAMS 0x0000000089a00000, 0x0000000089a00000| Untracked 
| 155|0x0000000089b00000, 0x0000000089b00000, 0x0000000089c00000|  0%| F|  |TAMS 0x0000000089b00000, 0x0000000089b00000| Untracked 
| 156|0x0000000089c00000, 0x0000000089c00000, 0x0000000089d00000|  0%| F|  |TAMS 0x0000000089c00000, 0x0000000089c00000| Untracked 
| 157|0x0000000089d00000, 0x0000000089d00000, 0x0000000089e00000|  0%| F|  |TAMS 0x0000000089d00000, 0x0000000089d00000| Untracked 
| 158|0x0000000089e00000, 0x0000000089f00000, 0x0000000089f00000|100%| S|CS|TAMS 0x0000000089e00000, 0x0000000089e00000| Complete 
| 159|0x0000000089f00000, 0x000000008a000000, 0x000000008a000000|100%| S|CS|TAMS 0x0000000089f00000, 0x0000000089f00000| Complete 
| 160|0x000000008a000000, 0x000000008a000000, 0x000000008a100000|  0%| F|  |TAMS 0x000000008a000000, 0x000000008a000000| Untracked 
| 161|0x000000008a100000, 0x000000008a100000, 0x000000008a200000|  0%| F|  |TAMS 0x000000008a100000, 0x000000008a100000| Untracked 
| 162|0x000000008a200000, 0x000000008a200000, 0x000000008a300000|  0%| F|  |TAMS 0x000000008a200000, 0x000000008a200000| Untracked 
| 163|0x000000008a300000, 0x000000008a300000, 0x000000008a400000|  0%| F|  |TAMS 0x000000008a300000, 0x000000008a300000| Untracked 
| 164|0x000000008a400000, 0x000000008a500000, 0x000000008a500000|100%| S|CS|TAMS 0x000000008a400000, 0x000000008a400000| Complete 
| 165|0x000000008a500000, 0x000000008a600000, 0x000000008a600000|100%| S|CS|TAMS 0x000000008a500000, 0x000000008a500000| Complete 
| 166|0x000000008a600000, 0x000000008a700000, 0x000000008a700000|100%| S|CS|TAMS 0x000000008a600000, 0x000000008a600000| Complete 
| 167|0x000000008a700000, 0x000000008a800000, 0x000000008a800000|100%| S|CS|TAMS 0x000000008a700000, 0x000000008a700000| Complete 
| 168|0x000000008a800000, 0x000000008a800000, 0x000000008a900000|  0%| F|  |TAMS 0x000000008a800000, 0x000000008a800000| Untracked 
| 169|0x000000008a900000, 0x000000008a900000, 0x000000008aa00000|  0%| F|  |TAMS 0x000000008a900000, 0x000000008a900000| Untracked 
| 170|0x000000008aa00000, 0x000000008aa00000, 0x000000008ab00000|  0%| F|  |TAMS 0x000000008aa00000, 0x000000008aa00000| Untracked 
| 171|0x000000008ab00000, 0x000000008ab00000, 0x000000008ac00000|  0%| F|  |TAMS 0x000000008ab00000, 0x000000008ab00000| Untracked 
| 172|0x000000008ac00000, 0x000000008ac00000, 0x000000008ad00000|  0%| F|  |TAMS 0x000000008ac00000, 0x000000008ac00000| Untracked 
| 173|0x000000008ad00000, 0x000000008ad00000, 0x000000008ae00000|  0%| F|  |TAMS 0x000000008ad00000, 0x000000008ad00000| Untracked 
| 174|0x000000008ae00000, 0x000000008ae00000, 0x000000008af00000|  0%| F|  |TAMS 0x000000008ae00000, 0x000000008ae00000| Untracked 
| 175|0x000000008af00000, 0x000000008af00000, 0x000000008b000000|  0%| F|  |TAMS 0x000000008af00000, 0x000000008af00000| Untracked 
| 176|0x000000008b000000, 0x000000008b000000, 0x000000008b100000|  0%| F|  |TAMS 0x000000008b000000, 0x000000008b000000| Untracked 
| 177|0x000000008b100000, 0x000000008b100000, 0x000000008b200000|  0%| F|  |TAMS 0x000000008b100000, 0x000000008b100000| Untracked 
| 178|0x000000008b200000, 0x000000008b200000, 0x000000008b300000|  0%| F|  |TAMS 0x000000008b200000, 0x000000008b200000| Untracked 
| 179|0x000000008b300000, 0x000000008b300000, 0x000000008b400000|  0%| F|  |TAMS 0x000000008b300000, 0x000000008b300000| Untracked 
| 180|0x000000008b400000, 0x000000008b400000, 0x000000008b500000|  0%| F|  |TAMS 0x000000008b400000, 0x000000008b400000| Untracked 
| 181|0x000000008b500000, 0x000000008b500000, 0x000000008b600000|  0%| F|  |TAMS 0x000000008b500000, 0x000000008b500000| Untracked 
| 182|0x000000008b600000, 0x000000008b600000, 0x000000008b700000|  0%| F|  |TAMS 0x000000008b600000, 0x000000008b600000| Untracked 
| 183|0x000000008b700000, 0x000000008b700000, 0x000000008b800000|  0%| F|  |TAMS 0x000000008b700000, 0x000000008b700000| Untracked 
| 184|0x000000008b800000, 0x000000008b800000, 0x000000008b900000|  0%| F|  |TAMS 0x000000008b800000, 0x000000008b800000| Untracked 
| 185|0x000000008b900000, 0x000000008b900000, 0x000000008ba00000|  0%| F|  |TAMS 0x000000008b900000, 0x000000008b900000| Untracked 
| 186|0x000000008ba00000, 0x000000008ba00000, 0x000000008bb00000|  0%| F|  |TAMS 0x000000008ba00000, 0x000000008ba00000| Untracked 
| 187|0x000000008bb00000, 0x000000008bb00000, 0x000000008bc00000|  0%| F|  |TAMS 0x000000008bb00000, 0x000000008bb00000| Untracked 
| 188|0x000000008bc00000, 0x000000008bc00000, 0x000000008bd00000|  0%| F|  |TAMS 0x000000008bc00000, 0x000000008bc00000| Untracked 
| 189|0x000000008bd00000, 0x000000008bd00000, 0x000000008be00000|  0%| F|  |TAMS 0x000000008bd00000, 0x000000008bd00000| Untracked 
| 190|0x000000008be00000, 0x000000008be00000, 0x000000008bf00000|  0%| F|  |TAMS 0x000000008be00000, 0x000000008be00000| Untracked 
| 191|0x000000008bf00000, 0x000000008bf00000, 0x000000008c000000|  0%| F|  |TAMS 0x000000008bf00000, 0x000000008bf00000| Untracked 
| 192|0x000000008c000000, 0x000000008c000000, 0x000000008c100000|  0%| F|  |TAMS 0x000000008c000000, 0x000000008c000000| Untracked 
| 193|0x000000008c100000, 0x000000008c100000, 0x000000008c200000|  0%| F|  |TAMS 0x000000008c100000, 0x000000008c100000| Untracked 
| 194|0x000000008c200000, 0x000000008c200000, 0x000000008c300000|  0%| F|  |TAMS 0x000000008c200000, 0x000000008c200000| Untracked 
| 195|0x000000008c300000, 0x000000008c300000, 0x000000008c400000|  0%| F|  |TAMS 0x000000008c300000, 0x000000008c300000| Untracked 
| 196|0x000000008c400000, 0x000000008c400000, 0x000000008c500000|  0%| F|  |TAMS 0x000000008c400000, 0x000000008c400000| Untracked 
| 197|0x000000008c500000, 0x000000008c500000, 0x000000008c600000|  0%| F|  |TAMS 0x000000008c500000, 0x000000008c500000| Untracked 
| 198|0x000000008c600000, 0x000000008c600000, 0x000000008c700000|  0%| F|  |TAMS 0x000000008c600000, 0x000000008c600000| Untracked 
| 199|0x000000008c700000, 0x000000008c700000, 0x000000008c800000|  0%| F|  |TAMS 0x000000008c700000, 0x000000008c700000| Untracked 
| 200|0x000000008c800000, 0x000000008c800000, 0x000000008c900000|  0%| F|  |TAMS 0x000000008c800000, 0x000000008c800000| Untracked 
| 201|0x000000008c900000, 0x000000008c900000, 0x000000008ca00000|  0%| F|  |TAMS 0x000000008c900000, 0x000000008c900000| Untracked 
| 202|0x000000008ca00000, 0x000000008ca00000, 0x000000008cb00000|  0%| F|  |TAMS 0x000000008ca00000, 0x000000008ca00000| Untracked 
| 203|0x000000008cb00000, 0x000000008cb00000, 0x000000008cc00000|  0%| F|  |TAMS 0x000000008cb00000, 0x000000008cb00000| Untracked 
| 204|0x000000008cc00000, 0x000000008cc00000, 0x000000008cd00000|  0%| F|  |TAMS 0x000000008cc00000, 0x000000008cc00000| Untracked 
| 205|0x000000008cd00000, 0x000000008cd00000, 0x000000008ce00000|  0%| F|  |TAMS 0x000000008cd00000, 0x000000008cd00000| Untracked 
| 206|0x000000008ce00000, 0x000000008ce00000, 0x000000008cf00000|  0%| F|  |TAMS 0x000000008ce00000, 0x000000008ce00000| Untracked 
| 207|0x000000008cf00000, 0x000000008cf00000, 0x000000008d000000|  0%| F|  |TAMS 0x000000008cf00000, 0x000000008cf00000| Untracked 
| 208|0x000000008d000000, 0x000000008d000000, 0x000000008d100000|  0%| F|  |TAMS 0x000000008d000000, 0x000000008d000000| Untracked 
| 209|0x000000008d100000, 0x000000008d100000, 0x000000008d200000|  0%| F|  |TAMS 0x000000008d100000, 0x000000008d100000| Untracked 
| 210|0x000000008d200000, 0x000000008d200000, 0x000000008d300000|  0%| F|  |TAMS 0x000000008d200000, 0x000000008d200000| Untracked 
| 211|0x000000008d300000, 0x000000008d300000, 0x000000008d400000|  0%| F|  |TAMS 0x000000008d300000, 0x000000008d300000| Untracked 
| 212|0x000000008d400000, 0x000000008d400000, 0x000000008d500000|  0%| F|  |TAMS 0x000000008d400000, 0x000000008d400000| Untracked 
| 213|0x000000008d500000, 0x000000008d500000, 0x000000008d600000|  0%| F|  |TAMS 0x000000008d500000, 0x000000008d500000| Untracked 
| 214|0x000000008d600000, 0x000000008d600000, 0x000000008d700000|  0%| F|  |TAMS 0x000000008d600000, 0x000000008d600000| Untracked 
| 215|0x000000008d700000, 0x000000008d700000, 0x000000008d800000|  0%| F|  |TAMS 0x000000008d700000, 0x000000008d700000| Untracked 
| 216|0x000000008d800000, 0x000000008d800000, 0x000000008d900000|  0%| F|  |TAMS 0x000000008d800000, 0x000000008d800000| Untracked 
| 217|0x000000008d900000, 0x000000008d900000, 0x000000008da00000|  0%| F|  |TAMS 0x000000008d900000, 0x000000008d900000| Untracked 
| 218|0x000000008da00000, 0x000000008da00000, 0x000000008db00000|  0%| F|  |TAMS 0x000000008da00000, 0x000000008da00000| Untracked 
| 219|0x000000008db00000, 0x000000008db00000, 0x000000008dc00000|  0%| F|  |TAMS 0x000000008db00000, 0x000000008db00000| Untracked 
| 220|0x000000008dc00000, 0x000000008dc00000, 0x000000008dd00000|  0%| F|  |TAMS 0x000000008dc00000, 0x000000008dc00000| Untracked 
| 221|0x000000008dd00000, 0x000000008dd00000, 0x000000008de00000|  0%| F|  |TAMS 0x000000008dd00000, 0x000000008dd00000| Untracked 
| 222|0x000000008de00000, 0x000000008de00000, 0x000000008df00000|  0%| F|  |TAMS 0x000000008de00000, 0x000000008de00000| Untracked 
| 223|0x000000008df00000, 0x000000008df00000, 0x000000008e000000|  0%| F|  |TAMS 0x000000008df00000, 0x000000008df00000| Untracked 
| 224|0x000000008e000000, 0x000000008e000000, 0x000000008e100000|  0%| F|  |TAMS 0x000000008e000000, 0x000000008e000000| Untracked 
| 225|0x000000008e100000, 0x000000008e100000, 0x000000008e200000|  0%| F|  |TAMS 0x000000008e100000, 0x000000008e100000| Untracked 
| 226|0x000000008e200000, 0x000000008e200000, 0x000000008e300000|  0%| F|  |TAMS 0x000000008e200000, 0x000000008e200000| Untracked 
| 227|0x000000008e300000, 0x000000008e300000, 0x000000008e400000|  0%| F|  |TAMS 0x000000008e300000, 0x000000008e300000| Untracked 
| 228|0x000000008e400000, 0x000000008e400000, 0x000000008e500000|  0%| F|  |TAMS 0x000000008e400000, 0x000000008e400000| Untracked 
| 229|0x000000008e500000, 0x000000008e500000, 0x000000008e600000|  0%| F|  |TAMS 0x000000008e500000, 0x000000008e500000| Untracked 
| 230|0x000000008e600000, 0x000000008e600000, 0x000000008e700000|  0%| F|  |TAMS 0x000000008e600000, 0x000000008e600000| Untracked 
| 231|0x000000008e700000, 0x000000008e700000, 0x000000008e800000|  0%| F|  |TAMS 0x000000008e700000, 0x000000008e700000| Untracked 
| 232|0x000000008e800000, 0x000000008e800000, 0x000000008e900000|  0%| F|  |TAMS 0x000000008e800000, 0x000000008e800000| Untracked 
| 233|0x000000008e900000, 0x000000008e900000, 0x000000008ea00000|  0%| F|  |TAMS 0x000000008e900000, 0x000000008e900000| Untracked 
| 234|0x000000008ea00000, 0x000000008ea00000, 0x000000008eb00000|  0%| F|  |TAMS 0x000000008ea00000, 0x000000008ea00000| Untracked 
| 235|0x000000008eb00000, 0x000000008eb00000, 0x000000008ec00000|  0%| F|  |TAMS 0x000000008eb00000, 0x000000008eb00000| Untracked 
| 236|0x000000008ec00000, 0x000000008ec00000, 0x000000008ed00000|  0%| F|  |TAMS 0x000000008ec00000, 0x000000008ec00000| Untracked 
| 237|0x000000008ed00000, 0x000000008ed00000, 0x000000008ee00000|  0%| F|  |TAMS 0x000000008ed00000, 0x000000008ed00000| Untracked 
| 238|0x000000008ee00000, 0x000000008ee80800, 0x000000008ef00000| 50%| E|  |TAMS 0x000000008ee00000, 0x000000008ee00000| Complete 
| 239|0x000000008ef00000, 0x000000008f000000, 0x000000008f000000|100%| E|CS|TAMS 0x000000008ef00000, 0x000000008ef00000| Complete 
| 240|0x000000008f000000, 0x000000008f100000, 0x000000008f100000|100%| E|CS|TAMS 0x000000008f000000, 0x000000008f000000| Complete 
| 241|0x000000008f100000, 0x000000008f200000, 0x000000008f200000|100%| E|CS|TAMS 0x000000008f100000, 0x000000008f100000| Complete 
| 242|0x000000008f200000, 0x000000008f300000, 0x000000008f300000|100%| E|CS|TAMS 0x000000008f200000, 0x000000008f200000| Complete 
| 243|0x000000008f300000, 0x000000008f400000, 0x000000008f400000|100%| E|CS|TAMS 0x000000008f300000, 0x000000008f300000| Complete 
| 244|0x000000008f400000, 0x000000008f500000, 0x000000008f500000|100%| E|CS|TAMS 0x000000008f400000, 0x000000008f400000| Complete 
| 245|0x000000008f500000, 0x000000008f600000, 0x000000008f600000|100%| E|CS|TAMS 0x000000008f500000, 0x000000008f500000| Complete 
| 246|0x000000008f600000, 0x000000008f700000, 0x000000008f700000|100%| E|CS|TAMS 0x000000008f600000, 0x000000008f600000| Complete 
| 247|0x000000008f700000, 0x000000008f800000, 0x000000008f800000|100%| E|CS|TAMS 0x000000008f700000, 0x000000008f700000| Complete 
| 248|0x000000008f800000, 0x000000008f900000, 0x000000008f900000|100%| E|CS|TAMS 0x000000008f800000, 0x000000008f800000| Complete 
| 249|0x000000008f900000, 0x000000008fa00000, 0x000000008fa00000|100%| E|CS|TAMS 0x000000008f900000, 0x000000008f900000| Complete 
| 250|0x000000008fa00000, 0x000000008fb00000, 0x000000008fb00000|100%| E|CS|TAMS 0x000000008fa00000, 0x000000008fa00000| Complete 
| 251|0x000000008fb00000, 0x000000008fc00000, 0x000000008fc00000|100%| E|CS|TAMS 0x000000008fb00000, 0x000000008fb00000| Complete 
| 252|0x000000008fc00000, 0x000000008fd00000, 0x000000008fd00000|100%| E|CS|TAMS 0x000000008fc00000, 0x000000008fc00000| Complete 
| 253|0x000000008fd00000, 0x000000008fe00000, 0x000000008fe00000|100%| E|CS|TAMS 0x000000008fd00000, 0x000000008fd00000| Complete 

Card table byte_map: [0x000001fcfec30000,0x000001fcff030000] _byte_map_base: 0x000001fcfe830000

Marking Bits (Prev, Next): (CMBitMap*) 0x000001fceba3d068, (CMBitMap*) 0x000001fceba3d0a0
 Prev Bits: [0x000001fc80000000, 0x000001fc82000000)
 Next Bits: [0x000001fc82000000, 0x000001fc84000000)

Polling page: 0x000001fceb1e0000

Metaspace:

Usage:
  Non-class:     89.76 MB capacity,    88.22 MB ( 98%) used,     1.27 MB (  1%) free+waste,   282.94 KB ( <1%) overhead. 
      Class:     13.91 MB capacity,    12.94 MB ( 93%) used,   866.95 KB (  6%) free+waste,   130.25 KB ( <1%) overhead. 
       Both:    103.67 MB capacity,   101.16 MB ( 98%) used,     2.11 MB (  2%) free+waste,   413.19 KB ( <1%) overhead. 

Virtual space:
  Non-class space:       90.00 MB reserved,      90.00 MB (100%) committed 
      Class space:        1.00 GB reserved,      14.00 MB (  1%) committed 
             Both:        1.09 GB reserved,     104.00 MB (  9%) committed 

Chunk freelists:
   Non-Class:  2.00 KB
       Class:  0 bytes
        Both:  2.00 KB

MaxMetaspaceSize: 17179869184.00 GB
CompressedClassSpaceSize: 1.00 GB

CodeHeap 'non-profiled nmethods': size=120000Kb used=8001Kb max_used=8001Kb free=111998Kb
 bounds [0x000001fcf6fc0000, 0x000001fcf77a0000, 0x000001fcfe4f0000]
CodeHeap 'profiled nmethods': size=120000Kb used=27457Kb max_used=27457Kb free=92542Kb
 bounds [0x000001fcefa90000, 0x000001fcf1570000, 0x000001fcf6fc0000]
CodeHeap 'non-nmethods': size=5760Kb used=2321Kb max_used=2382Kb free=3438Kb
 bounds [0x000001fcef4f0000, 0x000001fcef760000, 0x000001fcefa90000]
 total_blobs=13156 nmethods=12223 adapters=844
 compilation: enabled
              stopped_count=0, restarted_count=0
 full_count=0

Compilation events (20 events):
Event: 28.787 Thread 0x000001fc868a3800 12256       3       org.gradle.api.internal.artifacts.ivyservice.ivyresolve.ErrorHandlingModuleComponentRepository$ErrorHandlingModuleComponentRepositoryAccess$$Lambda$736/0x0000000100a9c440::<init> (26 bytes)
Event: 28.787 Thread 0x000001fc868a3800 nmethod 12256 0x000001fcf1551110 code [0x000001fcf15512e0, 0x000001fcf15515b8]
Event: 28.787 Thread 0x000001fc868a3800 12257       3       org.gradle.api.internal.artifacts.ivyservice.ivyresolve.ErrorHandlingModuleComponentRepository$ErrorHandlingModuleComponentRepositoryAccess$$Lambda$737/0x0000000100a9b840::get$Lambda (9 bytes)
Event: 28.787 Thread 0x000001fc868a3800 nmethod 12257 0x000001fcf1551690 code [0x000001fcf1551860, 0x000001fcf1551ab8]
Event: 28.787 Thread 0x000001fc868a3800 12259       3       org.gradle.api.internal.component.DefaultComponentTypeRegistry::getComponentRegistration (44 bytes)
Event: 28.789 Thread 0x000001fc868a3800 nmethod 12259 0x000001fcf1551b90 code [0x000001fcf1551e60, 0x000001fcf1552c48]
Event: 28.789 Thread 0x000001fc868a3800 12260       3       org.gradle.api.internal.component.DefaultComponentTypeRegistry$DefaultComponentTypeRegistration::getArtifactType (54 bytes)
Event: 28.791 Thread 0x000001fc868a3800 nmethod 12260 0x000001fcf1553110 code [0x000001fcf1553400, 0x000001fcf1554458]
Event: 28.800 Thread 0x000001fc868a3800 12261       3       org.gradle.internal.resolve.result.DefaultBuildableModuleComponentMetaDataResolveResult::missing (13 bytes)
Event: 28.800 Thread 0x000001fc868a3800 nmethod 12261 0x000001fcf1554a10 code [0x000001fcf1554bc0, 0x000001fcf1554df8]
Event: 28.813 Thread 0x000001fc868a3800 12262       3       com.android.ide.gradle.model.artifacts.builder.AdditionalClassifierArtifactsModelBuilder::getFile (50 bytes)
Event: 28.815 Thread 0x000001fc868a3800 nmethod 12262 0x000001fcf1554f10 code [0x000001fcf1555280, 0x000001fcf1556718]
Event: 28.815 Thread 0x000001fc868a3800 12263       3       kotlin.collections.CollectionsKt___CollectionsJvmKt::filterIsInstance (31 bytes)
Event: 28.816 Thread 0x000001fc868a3800 nmethod 12263 0x000001fcf1556d90 code [0x000001fcf1557080, 0x000001fcf1557de8]
Event: 28.828 Thread 0x000001fc868a3800 12264       3       java.util.Formatter$FormatSpecifier::checkGeneral (114 bytes)
Event: 28.829 Thread 0x000001fc868a3800 nmethod 12264 0x000001fcf1558290 code [0x000001fcf1558540, 0x000001fcf15593a8]
Event: 28.829 Thread 0x000001fc868a3800 12265       3       java.util.concurrent.CopyOnWriteArrayList::indexOfRange (63 bytes)
Event: 28.829 Thread 0x000001fc868a3800 nmethod 12265 0x000001fcf1559790 code [0x000001fcf1559980, 0x000001fcf1559de8]
Event: 28.926 Thread 0x000001fc868a3800 12266       3       java.io.ObjectStreamField::compareTo (40 bytes)
Event: 28.927 Thread 0x000001fc868a3800 nmethod 12266 0x000001fcf155a010 code [0x000001fcf155a2c0, 0x000001fcf155af68]

GC Heap History (20 events):
Event: 8.974 GC heap before
{Heap before GC invocations=8 (full 0):
 garbage-first heap   total 260096K, used 157770K [0x0000000080000000, 0x0000000100000000)
  region size 1024K, 118 young (120832K), 10 survivors (10240K)
 Metaspace       used 44452K, capacity 45709K, committed 45824K, reserved 1089536K
  class space    used 5583K, capacity 6044K, committed 6144K, reserved 1048576K
}
Event: 9.002 GC heap after
{Heap after GC invocations=9 (full 0):
 garbage-first heap   total 260096K, used 53686K [0x0000000080000000, 0x0000000100000000)
  region size 1024K, 14 young (14336K), 14 survivors (14336K)
 Metaspace       used 44452K, capacity 45709K, committed 45824K, reserved 1089536K
  class space    used 5583K, capacity 6044K, committed 6144K, reserved 1048576K
}
Event: 11.339 GC heap before
{Heap before GC invocations=10 (full 0):
 garbage-first heap   total 260096K, used 171446K [0x0000000080000000, 0x0000000100000000)
  region size 1024K, 130 young (133120K), 14 survivors (14336K)
 Metaspace       used 49722K, capacity 51215K, committed 51456K, reserved 1093632K
  class space    used 6352K, capacity 6863K, committed 6912K, reserved 1048576K
}
Event: 11.353 GC heap after
{Heap after GC invocations=11 (full 0):
 garbage-first heap   total 260096K, used 61962K [0x0000000080000000, 0x0000000100000000)
  region size 1024K, 10 young (10240K), 10 survivors (10240K)
 Metaspace       used 49722K, capacity 51215K, committed 51456K, reserved 1093632K
  class space    used 6352K, capacity 6863K, committed 6912K, reserved 1048576K
}
Event: 14.724 GC heap before
{Heap before GC invocations=11 (full 0):
 garbage-first heap   total 260096K, used 193034K [0x0000000080000000, 0x0000000100000000)
  region size 1024K, 131 young (134144K), 10 survivors (10240K)
 Metaspace       used 63853K, capacity 65591K, committed 65920K, reserved 1105920K
  class space    used 8085K, capacity 8721K, committed 8832K, reserved 1048576K
}
Event: 14.739 GC heap after
{Heap after GC invocations=12 (full 0):
 garbage-first heap   total 260096K, used 82359K [0x0000000080000000, 0x0000000100000000)
  region size 1024K, 17 young (17408K), 17 survivors (17408K)
 Metaspace       used 63853K, capacity 65591K, committed 65920K, reserved 1105920K
  class space    used 8085K, capacity 8721K, committed 8832K, reserved 1048576K
}
Event: 17.256 GC heap before
{Heap before GC invocations=12 (full 0):
 garbage-first heap   total 260096K, used 196023K [0x0000000080000000, 0x0000000100000000)
  region size 1024K, 127 young (130048K), 17 survivors (17408K)
 Metaspace       used 72514K, capacity 74286K, committed 74624K, reserved 1114112K
  class space    used 9345K, capacity 10009K, committed 10112K, reserved 1048576K
}
Event: 17.274 GC heap after
{Heap after GC invocations=13 (full 0):
 garbage-first heap   total 260096K, used 92402K [0x0000000080000000, 0x0000000100000000)
  region size 1024K, 9 young (9216K), 9 survivors (9216K)
 Metaspace       used 72514K, capacity 74286K, committed 74624K, reserved 1114112K
  class space    used 9345K, capacity 10009K, committed 10112K, reserved 1048576K
}
Event: 17.699 GC heap before
{Heap before GC invocations=13 (full 0):
 garbage-first heap   total 260096K, used 113906K [0x0000000080000000, 0x0000000100000000)
  region size 1024K, 31 young (31744K), 9 survivors (9216K)
 Metaspace       used 74437K, capacity 76255K, committed 76288K, reserved 1116160K
  class space    used 9583K, capacity 10229K, committed 10240K, reserved 1048576K
}
Event: 17.722 GC heap after
{Heap after GC invocations=14 (full 0):
 garbage-first heap   total 260096K, used 94719K [0x0000000080000000, 0x0000000100000000)
  region size 1024K, 3 young (3072K), 3 survivors (3072K)
 Metaspace       used 74437K, capacity 76255K, committed 76288K, reserved 1116160K
  class space    used 9583K, capacity 10229K, committed 10240K, reserved 1048576K
}
Event: 19.894 GC heap before
{Heap before GC invocations=15 (full 0):
 garbage-first heap   total 260096K, used 193023K [0x0000000080000000, 0x0000000100000000)
  region size 1024K, 99 young (101376K), 3 survivors (3072K)
 Metaspace       used 81212K, capacity 83349K, committed 83584K, reserved 1122304K
  class space    used 10519K, capacity 11275K, committed 11392K, reserved 1048576K
}
Event: 19.904 GC heap after
{Heap after GC invocations=16 (full 0):
 garbage-first heap   total 260096K, used 99433K [0x0000000080000000, 0x0000000100000000)
  region size 1024K, 7 young (7168K), 7 survivors (7168K)
 Metaspace       used 81212K, capacity 83349K, committed 83584K, reserved 1122304K
  class space    used 10519K, capacity 11275K, committed 11392K, reserved 1048576K
}
Event: 22.099 GC heap before
{Heap before GC invocations=16 (full 0):
 garbage-first heap   total 260096K, used 199785K [0x0000000080000000, 0x0000000100000000)
  region size 1024K, 105 young (107520K), 7 survivors (7168K)
 Metaspace       used 91718K, capacity 93990K, committed 94080K, reserved 1130496K
  class space    used 11781K, capacity 12627K, committed 12672K, reserved 1048576K
}
Event: 22.115 GC heap after
{Heap after GC invocations=17 (full 0):
 garbage-first heap   total 260096K, used 106325K [0x0000000080000000, 0x0000000100000000)
  region size 1024K, 14 young (14336K), 14 survivors (14336K)
 Metaspace       used 91718K, capacity 93990K, committed 94080K, reserved 1130496K
  class space    used 11781K, capacity 12627K, committed 12672K, reserved 1048576K
}
Event: 25.146 GC heap before
{Heap before GC invocations=17 (full 0):
 garbage-first heap   total 260096K, used 201557K [0x0000000080000000, 0x0000000100000000)
  region size 1024K, 108 young (110592K), 14 survivors (14336K)
 Metaspace       used 93451K, capacity 95821K, committed 96128K, reserved 1132544K
  class space    used 11972K, capacity 12871K, committed 12928K, reserved 1048576K
}
Event: 25.163 GC heap after
{Heap after GC invocations=18 (full 0):
 garbage-first heap   total 260096K, used 113957K [0x0000000080000000, 0x0000000100000000)
  region size 1024K, 14 young (14336K), 14 survivors (14336K)
 Metaspace       used 93451K, capacity 95821K, committed 96128K, reserved 1132544K
  class space    used 11972K, capacity 12871K, committed 12928K, reserved 1048576K
}
Event: 27.093 GC heap before
{Heap before GC invocations=18 (full 0):
 garbage-first heap   total 260096K, used 205093K [0x0000000080000000, 0x0000000100000000)
  region size 1024K, 104 young (106496K), 14 survivors (14336K)
 Metaspace       used 97977K, capacity 100464K, committed 100608K, reserved 1136640K
  class space    used 12577K, capacity 13518K, committed 13568K, reserved 1048576K
}
Event: 27.109 GC heap after
{Heap after GC invocations=19 (full 0):
 garbage-first heap   total 260096K, used 120111K [0x0000000080000000, 0x0000000100000000)
  region size 1024K, 9 young (9216K), 9 survivors (9216K)
 Metaspace       used 97977K, capacity 100464K, committed 100608K, reserved 1136640K
  class space    used 12577K, capacity 13518K, committed 13568K, reserved 1048576K
}
Event: 28.388 GC heap before
{Heap before GC invocations=19 (full 0):
 garbage-first heap   total 260096K, used 208175K [0x0000000080000000, 0x0000000100000000)
  region size 1024K, 95 young (97280K), 9 survivors (9216K)
 Metaspace       used 103235K, capacity 105869K, committed 106112K, reserved 1140736K
  class space    used 13211K, capacity 14203K, committed 14208K, reserved 1048576K
}
Event: 28.399 GC heap after
{Heap after GC invocations=20 (full 0):
 garbage-first heap   total 260096K, used 124802K [0x0000000080000000, 0x0000000100000000)
  region size 1024K, 6 young (6144K), 6 survivors (6144K)
 Metaspace       used 103235K, capacity 105869K, committed 106112K, reserved 1140736K
  class space    used 13211K, capacity 14203K, committed 14208K, reserved 1048576K
}

Deoptimization events (20 events):
Event: 28.524 Thread 0x000001fc886f2800 Uncommon trap: trap_request=0xffffffde fr.pc=0x000001fcf774f384 relative=0x0000000000000064
Event: 28.524 Thread 0x000001fc886f2800 Uncommon trap: reason=class_check action=maybe_recompile pc=0x000001fcf774f384 method=org.gradle.internal.component.external.model.DefaultModuleComponentIdentifier.getModule()Ljava/lang/String; @ 4 c2
Event: 28.525 Thread 0x000001fc886f2800 DEOPT PACKING pc=0x000001fcf774f384 sp=0x0000006031bf8770
Event: 28.525 Thread 0x000001fc886f2800 DEOPT UNPACKING pc=0x000001fcef5178af sp=0x0000006031bf86f8 mode 2
Event: 28.525 Thread 0x000001fc886f2800 Uncommon trap: trap_request=0xffffffde fr.pc=0x000001fcf774f384 relative=0x0000000000000064
Event: 28.525 Thread 0x000001fc886f2800 Uncommon trap: reason=class_check action=maybe_recompile pc=0x000001fcf774f384 method=org.gradle.internal.component.external.model.DefaultModuleComponentIdentifier.getModule()Ljava/lang/String; @ 4 c2
Event: 28.525 Thread 0x000001fc886f2800 DEOPT PACKING pc=0x000001fcf774f384 sp=0x0000006031bf8d10
Event: 28.525 Thread 0x000001fc886f2800 DEOPT UNPACKING pc=0x000001fcef5178af sp=0x0000006031bf8c98 mode 2
Event: 28.528 Thread 0x000001fc886f2800 Uncommon trap: trap_request=0xffffffde fr.pc=0x000001fcf774f384 relative=0x0000000000000064
Event: 28.528 Thread 0x000001fc886f2800 Uncommon trap: reason=class_check action=maybe_recompile pc=0x000001fcf774f384 method=org.gradle.internal.component.external.model.DefaultModuleComponentIdentifier.getModule()Ljava/lang/String; @ 4 c2
Event: 28.528 Thread 0x000001fc886f2800 DEOPT PACKING pc=0x000001fcf774f384 sp=0x0000006031bf8770
Event: 28.528 Thread 0x000001fc886f2800 DEOPT UNPACKING pc=0x000001fcef5178af sp=0x0000006031bf86f8 mode 2
Event: 28.529 Thread 0x000001fc886f2800 Uncommon trap: trap_request=0xffffffde fr.pc=0x000001fcf774f384 relative=0x0000000000000064
Event: 28.529 Thread 0x000001fc886f2800 Uncommon trap: reason=class_check action=maybe_recompile pc=0x000001fcf774f384 method=org.gradle.internal.component.external.model.DefaultModuleComponentIdentifier.getModule()Ljava/lang/String; @ 4 c2
Event: 28.529 Thread 0x000001fc886f2800 DEOPT PACKING pc=0x000001fcf774f384 sp=0x0000006031bf8d10
Event: 28.529 Thread 0x000001fc886f2800 DEOPT UNPACKING pc=0x000001fcef5178af sp=0x0000006031bf8c98 mode 2
Event: 28.705 Thread 0x000001fc886f2800 DEOPT PACKING pc=0x000001fcf10b16d5 sp=0x0000006031bf9090
Event: 28.705 Thread 0x000001fc886f2800 DEOPT UNPACKING pc=0x000001fcef5176ce sp=0x0000006031bf85b0 mode 0
Event: 28.926 Thread 0x000001fc886f2800 Uncommon trap: trap_request=0xffffffd6 fr.pc=0x000001fcf76b2528 relative=0x0000000000000668
Event: 28.926 Thread 0x000001fc886f2800 Uncommon trap: reason=array_check action=maybe_recompile pc=0x000001fcf76b2528 method=java.util.TimSort.binarySort([Ljava/lang/Object;IIILjava/util/Comparator;)V @ 215 c2

Classes redefined (0 events):
No events

Internal exceptions (20 events):
Event: 20.648 Thread 0x000001fc886f2800 Exception <a 'sun/nio/fs/WindowsException'{0x000000008d6a2f40}> (0x000000008d6a2f40) thrown at [./src/hotspot/share/prims/jni.cpp, line 615]
Event: 20.785 Thread 0x000001fc886f2800 Exception <a 'java/lang/NullPointerException'{0x000000008cdaabe8}> (0x000000008cdaabe8) thrown at [./src/hotspot/share/interpreter/linkResolver.cpp, line 1440]
Event: 20.872 Thread 0x000001fc886f2800 Implicit null exception at 0x000001fcf7472a89 to 0x000001fcf7473148
Event: 21.032 Thread 0x000001fc886f2800 Exception <a 'java/lang/NoSuchMethodError'{0x000000008be92538}: 'int java.lang.invoke.DirectMethodHandle$Holder.invokeStatic(java.lang.Object, java.lang.Object, int, java.lang.Object)'> (0x000000008be92538) thrown at [./src/hotspot/share/interpreter/linkResolver.cpp, line 773]
Event: 21.087 Thread 0x000001fc886f2800 Exception <a 'sun/nio/fs/WindowsException'{0x000000008bdb7a28}> (0x000000008bdb7a28) thrown at [./src/hotspot/share/prims/jni.cpp, line 615]
Event: 21.087 Thread 0x000001fc886f2800 Exception <a 'sun/nio/fs/WindowsException'{0x000000008bdb8da0}> (0x000000008bdb8da0) thrown at [./src/hotspot/share/prims/jni.cpp, line 615]
Event: 21.087 Thread 0x000001fc886f2800 Exception <a 'sun/nio/fs/WindowsException'{0x000000008bdba168}> (0x000000008bdba168) thrown at [./src/hotspot/share/prims/jni.cpp, line 615]
Event: 21.088 Thread 0x000001fc886f2800 Exception <a 'sun/nio/fs/WindowsException'{0x000000008bdbb530}> (0x000000008bdbb530) thrown at [./src/hotspot/share/prims/jni.cpp, line 615]
Event: 21.169 Thread 0x000001fc886f2800 Implicit null exception at 0x000001fcf7559223 to 0x000001fcf7560f9c
Event: 21.623 Thread 0x000001fc886f2800 Exception <a 'java/lang/reflect/InvocationTargetException'{0x000000008ad1ee30}> (0x000000008ad1ee30) thrown at [./src/hotspot/share/runtime/reflection.cpp, line 1247]
Event: 21.739 Thread 0x000001fc886f2800 Implicit null exception at 0x000001fcf75510d1 to 0x000001fcf7552698
Event: 23.042 Thread 0x000001fc88f24800 Exception <a 'java/lang/NoSuchMethodError'{0x000000008edc25c8}: 'java.lang.Object java.lang.invoke.DirectMethodHandle$Holder.invokeSpecialIFC(java.lang.Object, java.lang.Object, java.lang.Object)'> (0x000000008edc25c8) thrown at [./src/hotspot/share/interpreter/linkResolver.cpp, line 773]
Event: 23.042 Thread 0x000001fc88f1f800 Exception <a 'java/lang/NoSuchMethodError'{0x000000008ed78308}: 'java.lang.Object java.lang.invoke.DirectMethodHandle$Holder.invokeSpecialIFC(java.lang.Object, java.lang.Object, java.lang.Object)'> (0x000000008ed78308) thrown at [./src/hotspot/share/interpreter/linkResolver.cpp, line 773]
Event: 23.153 Thread 0x000001fc88f1f800 Exception <a 'java/lang/NoSuchMethodError'{0x000000008e9deaf0}: 'int java.lang.invoke.DirectMethodHandle$Holder.invokeStaticInit(java.lang.Object, java.lang.Object, java.lang.Object, java.lang.Object, java.lang.Object)'> (0x000000008e9deaf0) thrown at [./src/hotspot/share/interpreter/linkResolver.cpp, line 773]
Event: 23.578 Thread 0x000001fc886f2800 Exception <a 'java/lang/NoSuchMethodError'{0x000000008efdc8f8}: 'void java.lang.invoke.DirectMethodHandle$Holder.invokeVirtual(java.lang.Object, java.lang.Object)'> (0x000000008efdc8f8) thrown at [./src/hotspot/share/interpreter/linkResolver.cpp, line 773]
Event: 25.799 Thread 0x000001fc886f2800 Exception <a 'java/lang/NoSuchMethodError'{0x000000008d6b2fe8}: 'int java.lang.invoke.DirectMethodHandle$Holder.invokeSpecialIFC(java.lang.Object, java.lang.Object, java.lang.Object)'> (0x000000008d6b2fe8) thrown at [./src/hotspot/share/interpreter/linkResolver.cpp, line 773]
Event: 26.630 Thread 0x000001fc886f2800 Exception <a 'java/lang/NoSuchMethodError'{0x000000008c101030}: 'java.lang.Object java.lang.invoke.DirectMethodHandle$Holder.invokeStatic(java.lang.Object, java.lang.Object, java.lang.Object, java.lang.Object, java.lang.Object, java.lang.Object, java.lang.Object, java.lang.Object, java.lang.Object, java.lang.Object, java.lang.Object, java.lang.Object, java.lang.Object, java.lang.Object, java.lang.Object, java.lang.Object, java.lang.Object, java.lang.Object, int, java.lang.Object)'> (0x000000008c101030) thr
Event: 26.630 Thread 0x000001fc886f2800 Exception <a 'java/lang/NoSuchMethodError'{0x000000008c107360}: 'java.lang.Object java.lang.invoke.DirectMethodHandle$Holder.invokeStaticInit(java.lang.Object, java.lang.Object, java.lang.Object, java.lang.Object, java.lang.Object, java.lang.Object, java.lang.Object, java.lang.Object, java.lang.Object, java.lang.Object, java.lang.Object, java.lang.Object, java.lang.Object, java.lang.Object, java.lang.Object, java.lang.Object, java.lang.Object, java.lang.Object, int, java.lang.Object)'> (0x000000008c107360)
Event: 26.669 Thread 0x000001fc886f2800 Exception <a 'java/lang/NoSuchMethodError'{0x000000008bf06f50}: 'int java.lang.invoke.DirectMethodHandle$Holder.invokeVirtual(java.lang.Object, java.lang.Object, java.lang.Object, java.lang.Object)'> (0x000000008bf06f50) thrown at [./src/hotspot/share/interpreter/linkResolver.cpp, line 773]
Event: 26.732 Thread 0x000001fc886f2800 Exception <a 'java/lang/NoSuchMethodError'{0x000000008bd94da8}: 'java.lang.Object java.lang.invoke.DirectMethodHandle$Holder.invokeStatic(java.lang.Object, int, java.lang.Object, java.lang.Object)'> (0x000000008bd94da8) thrown at [./src/hotspot/share/interpreter/linkResolver.cpp, line 773]

Events (20 events):
Event: 28.810 loading class com/android/ide/gradle/model/artifacts/AdditionalClassifierArtifacts
Event: 28.810 loading class com/android/ide/gradle/model/artifacts/AdditionalClassifierArtifacts done
Event: 28.811 loading class com/android/ide/gradle/model/ArtifactIdentifierImpl
Event: 28.811 loading class com/android/ide/gradle/model/ArtifactIdentifierImpl done
Event: 28.813 loading class com/android/ide/gradle/model/artifacts/impl/AdditionalClassifierArtifactsModelImpl
Event: 28.813 loading class com/android/ide/gradle/model/artifacts/impl/AdditionalClassifierArtifactsModelImpl done
Event: 28.815 loading class com/android/ide/gradle/model/artifacts/AdditionalClassifierArtifacts
Event: 28.815 loading class com/android/ide/gradle/model/artifacts/AdditionalClassifierArtifacts done
Event: 28.816 loading class kotlin/Unit
Event: 28.816 loading class kotlin/Unit done
Event: 28.817 loading class com/android/tools/idea/gradle/project/sync/AndroidExtraModelProviderWorker$populateProjectSyncIssues$1$1
Event: 28.817 loading class com/android/tools/idea/gradle/project/sync/AndroidExtraModelProviderWorker$populateProjectSyncIssues$1$1 done
Event: 28.827 loading class com/android/builder/model/ProjectSyncIssues
Event: 28.827 loading class com/android/builder/model/ProjectSyncIssues done
Event: 28.829 loading class com/android/build/gradle/internal/ide/DefaultProjectSyncIssues
Event: 28.829 loading class com/android/build/gradle/internal/ide/DefaultProjectSyncIssues done
Event: 28.913 loading class com/android/build/gradle/internal/ide/DefaultProjectSyncIssues$Companion
Event: 28.913 loading class com/android/build/gradle/internal/ide/DefaultProjectSyncIssues$Companion done
Event: 28.914 loading class com/android/tools/idea/gradle/project/sync/GradleModule$ModelConsumer
Event: 28.914 loading class com/android/tools/idea/gradle/project/sync/GradleModule$ModelConsumer done


Dynamic libraries:
0x00007ff73abc0000 - 0x00007ff73abca000 	C:\Program Files\Android\Android Studio\jre\bin\java.exe
0x00007fffabb30000 - 0x00007fffabd25000 	C:\WINDOWS\SYSTEM32\ntdll.dll
0x00007fffaa790000 - 0x00007fffaa84e000 	C:\WINDOWS\System32\KERNEL32.DLL
0x00007fffa9710000 - 0x00007fffa99d8000 	C:\WINDOWS\System32\KERNELBASE.dll
0x00007fffa9340000 - 0x00007fffa9440000 	C:\WINDOWS\System32\ucrtbase.dll
0x00007fff9f820000 - 0x00007fff9f837000 	C:\Program Files\Android\Android Studio\jre\bin\VCRUNTIME140.dll
0x00007fff9fbe0000 - 0x00007fff9fbf9000 	C:\Program Files\Android\Android Studio\jre\bin\jli.dll
0x00007fffaa5f0000 - 0x00007fffaa790000 	C:\WINDOWS\System32\USER32.dll
0x00007fffa9440000 - 0x00007fffa9462000 	C:\WINDOWS\System32\win32u.dll
0x00007fff89a10000 - 0x00007fff89caa000 	C:\WINDOWS\WinSxS\amd64_microsoft.windows.common-controls_6595b64144ccf1df_6.0.19041.1110_none_60b5254171f9507e\COMCTL32.dll
0x00007fffaa8c0000 - 0x00007fffaa8eb000 	C:\WINDOWS\System32\GDI32.dll
0x00007fffab240000 - 0x00007fffab2de000 	C:\WINDOWS\System32\msvcrt.dll
0x00007fffa9a70000 - 0x00007fffa9b7d000 	C:\WINDOWS\System32\gdi32full.dll
0x00007fffa9470000 - 0x00007fffa950d000 	C:\WINDOWS\System32\msvcp_win.dll
0x00007fffaa3b0000 - 0x00007fffaa3e0000 	C:\WINDOWS\System32\IMM32.DLL
0x00007fff740a0000 - 0x00007fff7413d000 	C:\Program Files\Android\Android Studio\jre\bin\msvcp140.dll
0x00007fff6fd00000 - 0x00007fff707cf000 	C:\Program Files\Android\Android Studio\jre\bin\server\jvm.dll
0x00007fffaa530000 - 0x00007fffaa5de000 	C:\WINDOWS\System32\ADVAPI32.dll
0x00007fffaa1d0000 - 0x00007fffaa26c000 	C:\WINDOWS\System32\sechost.dll
0x00007fffaa8f0000 - 0x00007fffaaa15000 	C:\WINDOWS\System32\RPCRT4.dll
0x00007fffaa5e0000 - 0x00007fffaa5e8000 	C:\WINDOWS\System32\PSAPI.DLL
0x00007fffa3870000 - 0x00007fffa3879000 	C:\WINDOWS\SYSTEM32\WSOCK32.dll
0x00007fffaa850000 - 0x00007fffaa8bb000 	C:\WINDOWS\System32\WS2_32.dll
0x00007fff91400000 - 0x00007fff91427000 	C:\WINDOWS\SYSTEM32\WINMM.dll
0x00007fffa8080000 - 0x00007fffa808a000 	C:\WINDOWS\SYSTEM32\VERSION.dll
0x00007fffa8040000 - 0x00007fffa8052000 	C:\WINDOWS\SYSTEM32\kernel.appcore.dll
0x00007fffa3630000 - 0x00007fffa3641000 	C:\Program Files\Android\Android Studio\jre\bin\verify.dll
0x00007fff9f400000 - 0x00007fff9f5e4000 	C:\WINDOWS\SYSTEM32\DBGHELP.DLL
0x00007fff9ecd0000 - 0x00007fff9ecfc000 	C:\WINDOWS\SYSTEM32\dbgcore.DLL
0x00007fffa99e0000 - 0x00007fffa9a62000 	C:\WINDOWS\System32\bcryptPrimitives.dll
0x00007fffa33f0000 - 0x00007fffa3419000 	C:\Program Files\Android\Android Studio\jre\bin\java.dll
0x00007fffa6900000 - 0x00007fffa690b000 	C:\Program Files\Android\Android Studio\jre\bin\jimage.dll
0x00007fffa33d0000 - 0x00007fffa33e8000 	C:\Program Files\Android\Android Studio\jre\bin\zip.dll
0x00007fffab3a0000 - 0x00007fffabae4000 	C:\WINDOWS\System32\SHELL32.dll
0x00007fffa7150000 - 0x00007fffa78e4000 	C:\WINDOWS\SYSTEM32\windows.storage.dll
0x00007fffaae50000 - 0x00007fffab1a5000 	C:\WINDOWS\System32\combase.dll
0x00007fffa8c90000 - 0x00007fffa8cbe000 	C:\WINDOWS\SYSTEM32\Wldp.dll
0x00007fffaacb0000 - 0x00007fffaad5d000 	C:\WINDOWS\System32\SHCORE.dll
0x00007fffaa4d0000 - 0x00007fffaa525000 	C:\WINDOWS\System32\shlwapi.dll
0x00007fffa9180000 - 0x00007fffa919f000 	C:\WINDOWS\SYSTEM32\profapi.dll
0x00007fffa33b0000 - 0x00007fffa33ca000 	C:\Program Files\Android\Android Studio\jre\bin\net.dll
0x00007fffa0e00000 - 0x00007fffa0f0c000 	C:\WINDOWS\SYSTEM32\WINHTTP.dll
0x00007fffa89f0000 - 0x00007fffa8a5a000 	C:\WINDOWS\system32\mswsock.dll
0x00007fffa1e30000 - 0x00007fffa1e44000 	C:\Program Files\Android\Android Studio\jre\bin\nio.dll
0x00007fff91a00000 - 0x00007fff91a27000 	D:\gradle\native\8bec1ad78214c89d9ad589b4d07fe93259594b29d510b10fafb7a158f7737e5d\windows-amd64\native-platform.dll
0x00007fff73ea0000 - 0x00007fff73fdd000 	D:\gradle\native\53dbd7edfb1c66fb8903c78663c9afc45aea4f116125fa6feffd364cf09443e8\windows-amd64\native-platform-file-events.dll
0x00007fffa3f20000 - 0x00007fffa3f2a000 	C:\Program Files\Android\Android Studio\jre\bin\management.dll
0x00007fffa3820000 - 0x00007fffa382c000 	C:\Program Files\Android\Android Studio\jre\bin\management_ext.dll
0x00007fffa8be0000 - 0x00007fffa8bf8000 	C:\WINDOWS\SYSTEM32\CRYPTSP.dll
0x00007fffa8300000 - 0x00007fffa8334000 	C:\WINDOWS\system32\rsaenh.dll
0x00007fffa9510000 - 0x00007fffa9537000 	C:\WINDOWS\System32\bcrypt.dll
0x00007fffa9100000 - 0x00007fffa912e000 	C:\WINDOWS\SYSTEM32\USERENV.dll
0x00007fffa8c00000 - 0x00007fffa8c0c000 	C:\WINDOWS\SYSTEM32\CRYPTBASE.dll
0x00007fffa8690000 - 0x00007fffa86cb000 	C:\WINDOWS\SYSTEM32\IPHLPAPI.DLL
0x00007fffaad60000 - 0x00007fffaad68000 	C:\WINDOWS\System32\NSI.dll
0x00007fffa28a0000 - 0x00007fffa28b7000 	C:\WINDOWS\SYSTEM32\dhcpcsvc6.DLL
0x00007fffa2810000 - 0x00007fffa282d000 	C:\WINDOWS\SYSTEM32\dhcpcsvc.DLL
0x00007fffa86d0000 - 0x00007fffa879b000 	C:\WINDOWS\SYSTEM32\DNSAPI.dll

dbghelp: loaded successfully - version: 4.0.5 - missing functions: none
symbol engine: initialized successfully - sym options: 0x614 - pdb path: .;C:\Program Files\Android\Android Studio\jre\bin;C:\WINDOWS\SYSTEM32;C:\WINDOWS\WinSxS\amd64_microsoft.windows.common-controls_6595b64144ccf1df_6.0.19041.1110_none_60b5254171f9507e;C:\Program Files\Android\Android Studio\jre\bin\server;D:\gradle\native\8bec1ad78214c89d9ad589b4d07fe93259594b29d510b10fafb7a158f7737e5d\windows-amd64;D:\gradle\native\53dbd7edfb1c66fb8903c78663c9afc45aea4f116125fa6feffd364cf09443e8\windows-amd64

VM Arguments:
jvm_args: --add-opens=java.base/java.util=ALL-UNNAMED --add-opens=java.base/java.lang=ALL-UNNAMED --add-opens=java.base/java.lang.invoke=ALL-UNNAMED --add-opens=java.base/java.util=ALL-UNNAMED --add-opens=java.prefs/java.util.prefs=ALL-UNNAMED --add-opens=java.prefs/java.util.prefs=ALL-UNNAMED --add-opens=java.base/java.nio.charset=ALL-UNNAMED --add-opens=java.base/java.net=ALL-UNNAMED --add-opens=java.base/java.util.concurrent.atomic=ALL-UNNAMED -Xmx2048m -Dfile.encoding=UTF-8 -Duser.country=AU -Duser.language=en -Duser.variant 
java_command: org.gradle.launcher.daemon.bootstrap.GradleDaemon 7.0.2
java_class_path (initial): D:\gradle\wrapper\dists\gradle-7.0.2-bin\857tjihv64xamwrf0h14cai3r\gradle-7.0.2\lib\gradle-launcher-7.0.2.jar
Launcher Type: SUN_STANDARD

[Global flags]
     intx CICompilerCount                          = 4                                         {product} {ergonomic}
     uint ConcGCThreads                            = 2                                         {product} {ergonomic}
     uint G1ConcRefinementThreads                  = 8                                         {product} {ergonomic}
   size_t G1HeapRegionSize                         = 1048576                                   {product} {ergonomic}
    uintx GCDrainStackTargetSize                   = 64                                        {product} {ergonomic}
   size_t InitialHeapSize                          = 266338304                                 {product} {ergonomic}
   size_t MarkStackSize                            = 4194304                                   {product} {ergonomic}
   size_t MaxHeapSize                              = 2147483648                                {product} {command line}
   size_t MaxNewSize                               = 1287651328                                {product} {ergonomic}
   size_t MinHeapDeltaBytes                        = 1048576                                   {product} {ergonomic}
    uintx NonNMethodCodeHeapSize                   = 5836300                                {pd product} {ergonomic}
    uintx NonProfiledCodeHeapSize                  = 122910970                              {pd product} {ergonomic}
    uintx ProfiledCodeHeapSize                     = 122910970                              {pd product} {ergonomic}
    uintx ReservedCodeCacheSize                    = 251658240                              {pd product} {ergonomic}
     bool SegmentedCodeCache                       = true                                      {product} {ergonomic}
     bool UseCompressedClassPointers               = true                                 {lp64_product} {ergonomic}
     bool UseCompressedOops                        = true                                 {lp64_product} {ergonomic}
     bool UseG1GC                                  = true                                      {product} {ergonomic}
     bool UseLargePagesIndividualAllocation        = false                                  {pd product} {ergonomic}

Logging:
Log output configuration:
 #0: stdout all=warning uptime,level,tags
 #1: stderr all=off uptime,level,tags

Environment Variables:
JAVA_HOME=C:\Program Files\Java\jdk1.8.0_301
PATH=C:\Program Files (x86)\Common Files\Oracle\Java\javapath;C:\WINDOWS\system32;C:\WINDOWS;C:\WINDOWS\System32\Wbem;C:\WINDOWS\System32\WindowsPowerShell\v1.0\;C:\WINDOWS\System32\OpenSSH\;C:\Program Files\Java\jdk1.8.0_301\bin;C:\Program Files\Git\cmd;C:\Program Files (x86)\dotnet\;C:\Users\Minh\AppData\Local\Microsoft\WindowsApps;C:\Users\Minh\Downloads\platform-tools_r31.0.3-windows\platform-tools;C:\Users\Minh\Downloads\scrpy;C:\Users\Minh\AppData\Local\Programs\Microsoft VS Code\bin;C:\xampp\php;
USERNAME=Minh
OS=Windows_NT
PROCESSOR_IDENTIFIER=Intel64 Family 6 Model 142 Stepping 10, GenuineIntel



---------------  S Y S T E M  ---------------

OS: Windows 10 , 64 bit Build 19041 (10.0.19041.1503)
OS uptime: 1 days 17:46 hours

CPU:total 8 (initial active 8) (4 cores per cpu, 2 threads per core) family 6 model 142 stepping 10 microcode 0xb4, cmov, cx8, fxsr, mmx, sse, sse2, sse3, ssse3, sse4.1, sse4.2, popcnt, avx, avx2, aes, clmul, erms, 3dnowpref, lzcnt, ht, tsc, tscinvbit, bmi1, bmi2, adx, fma

Memory: 4k page, system-wide physical 16249M (3130M free)
TotalPageFile size 30545M (AvailPageFile size 334M)
current process WorkingSet (physical memory assigned to process): 555M, peak: 555M
current process commit charge ("private bytes"): 598M, peak: 599M

vm_info: OpenJDK 64-Bit Server VM (11.0.10+0-b96-7249189) for windows-amd64 JRE (11.0.10+0-b96-7249189), built on Mar 31 2021 21:44:00 by "builder" with MS VC++ 14.0 (VS2015)

END.
