#
# There is insufficient memory for the Java Runtime Environment to continue.
# Native memory allocation (mmap) failed to map 53477376 bytes for Failed to commit area from 0x000000008fe00000 to 0x0000000093100000 of length 53477376.
# Possible reasons:
#   The system is out of physical RAM or swap space
#   The process is running with CompressedOops enabled, and the Java Heap may be blocking the growth of the native heap
# Possible solutions:
#   Reduce memory load on the system
#   Increase physical memory or swap space
#   Check if swap backing store is full
#   Decrease Java heap size (-Xmx/-Xms)
#   Decrease number of Java threads
#   Decrease Java thread stack sizes (-Xss)
#   Set larger code cache with -XX:ReservedCodeCacheSize=
#   JVM is running with Unscaled Compressed Oops mode in which the Java heap is
#     placed in the first 4GB address space. The Java Heap base address is the
#     maximum limit for the native heap growth. Please use -XX:HeapBaseMinAddress
#     to set the Java Heap base and to place the Java Heap above 4GB virtual address.
# This output file may be truncated or incomplete.
#
#  Out of Memory Error (./src/hotspot/os/windows/os_windows.cpp:3301), pid=20820, tid=18972
#
# JRE version: OpenJDK Runtime Environment (11.0.10) (build 11.0.10+0-b96-7249189)
# Java VM: OpenJDK 64-Bit Server VM (11.0.10+0-b96-7249189, mixed mode, tiered, compressed oops, g1 gc, windows-amd64)
# No core dump will be written. Minidumps are not enabled by default on client versions of Windows
#

---------------  S U M M A R Y ------------

Command Line: --add-opens=java.base/java.util=ALL-UNNAMED --add-opens=java.base/java.lang=ALL-UNNAMED --add-opens=java.base/java.lang.invoke=ALL-UNNAMED --add-opens=java.base/java.util=ALL-UNNAMED --add-opens=java.prefs/java.util.prefs=ALL-UNNAMED --add-opens=java.prefs/java.util.prefs=ALL-UNNAMED --add-opens=java.base/java.nio.charset=ALL-UNNAMED --add-opens=java.base/java.net=ALL-UNNAMED --add-opens=java.base/java.util.concurrent.atomic=ALL-UNNAMED -Xmx2048m -Dfile.encoding=UTF-8 -Duser.country=AU -Duser.language=en -Duser.variant org.gradle.launcher.daemon.bootstrap.GradleDaemon 7.0.2

Host: Intel(R) Core(TM) i7-8550U CPU @ 1.80GHz, 8 cores, 15G,  Windows 10 , 64 bit Build 19041 (10.0.19041.1503)
Time: Sun Mar 20 14:53:23 2022 SE Asia Standard Time elapsed time: 12.005701 seconds (0d 0h 0m 12s)

---------------  T H R E A D  ---------------

Current thread (0x0000015dfa6e4000):  VMThread "VM Thread" [stack: 0x00000041eef00000,0x00000041ef000000] [id=18972]

Stack: [0x00000041eef00000,0x00000041ef000000]
[error occurred during error reporting (printing stack bounds), id 0xc0000005, EXCEPTION_ACCESS_VIOLATION (0xc0000005) at pc=0x0000015d80000f2d]

Native frames: (J=compiled Java code, j=interpreted, Vv=VM code, C=native code)
V  [jvm.dll+0x5ecfaa]
V  [jvm.dll+0x722bd5]
V  [jvm.dll+0x72412d]
V  [jvm.dll+0x724745]
V  [jvm.dll+0x7246fb]
V  [jvm.dll+0x5ec348]
V  [jvm.dll+0x5ecad8]
C  [ntdll.dll+0xa20cf]
C  [ntdll.dll+0x51454]
C  [ntdll.dll+0xa0bfe]
C  0x0000015d80000f2d

VM_Operation (0x00000041f06f8480): G1CollectForAllocation, mode: safepoint, requested by thread 0x0000015dfbd87800


---------------  P R O C E S S  ---------------

Threads class SMR info:
_java_thread_list=0x0000015d8fb238c0, length=53, elements={
0x0000015dee249800, 0x0000015df9eca000, 0x0000015df9ecd000, 0x0000015dfa75d800,
0x0000015dfa75f800, 0x0000015dfa760800, 0x0000015dfa764000, 0x0000015dfa765000,
0x0000015dfa76a000, 0x0000015dfa90a800, 0x0000015dfcc88800, 0x0000015dfd3c7800,
0x0000015dfa9d5000, 0x0000015dfc375800, 0x0000015dfce17000, 0x0000015dfce23800,
0x0000015dfbd87800, 0x0000015dfd2fa000, 0x0000015dfb6a4000, 0x0000015dfba12800,
0x0000015dfba14000, 0x0000015dfba13000, 0x0000015dfba17000, 0x0000015dfba15800,
0x0000015dfba15000, 0x0000015dfba18000, 0x0000015dfba16800, 0x0000015dfe53c000,
0x0000015dfe53c800, 0x0000015dfe53d800, 0x0000015dfe53a800, 0x0000015dfe53e800,
0x0000015dfe53b000, 0x0000015dfe538800, 0x0000015dfe53f000, 0x0000015dfe543800,
0x0000015dfe545800, 0x0000015dfe540000, 0x0000015dfe546800, 0x0000015dfe539800,
0x0000015dfe542800, 0x0000015dfe4f9800, 0x0000015dfe4fc000, 0x0000015dfe4f9000,
0x0000015dfe4fd000, 0x0000015dfe4fd800, 0x0000015dfe4fe800, 0x0000015dfe4ff800,
0x0000015dfe4fa800, 0x0000015dfe500000, 0x0000015dfe506000, 0x0000015dfe505000,
0x0000015dfe506800
}

Java Threads: ( => current thread )
  0x0000015dee249800 JavaThread "main" [_thread_blocked, id=1164, stack(0x00000041ee800000,0x00000041ee900000)]
  0x0000015df9eca000 JavaThread "Reference Handler" daemon [_thread_blocked, id=3876, stack(0x00000041ef000000,0x00000041ef100000)]
  0x0000015df9ecd000 JavaThread "Finalizer" daemon [_thread_blocked, id=10388, stack(0x00000041ef100000,0x00000041ef200000)]
  0x0000015dfa75d800 JavaThread "Signal Dispatcher" daemon [_thread_blocked, id=10592, stack(0x00000041ef200000,0x00000041ef300000)]
  0x0000015dfa75f800 JavaThread "Attach Listener" daemon [_thread_blocked, id=3988, stack(0x00000041ef300000,0x00000041ef400000)]
  0x0000015dfa760800 JavaThread "Service Thread" daemon [_thread_blocked, id=15048, stack(0x00000041ef400000,0x00000041ef500000)]
  0x0000015dfa764000 JavaThread "C2 CompilerThread0" daemon [_thread_blocked, id=20636, stack(0x00000041ef500000,0x00000041ef600000)]
  0x0000015dfa765000 JavaThread "C1 CompilerThread0" daemon [_thread_blocked, id=17660, stack(0x00000041ef600000,0x00000041ef700000)]
  0x0000015dfa76a000 JavaThread "Sweeper thread" daemon [_thread_blocked, id=20092, stack(0x00000041ef700000,0x00000041ef800000)]
  0x0000015dfa90a800 JavaThread "Common-Cleaner" daemon [_thread_blocked, id=15576, stack(0x00000041ef800000,0x00000041ef900000)]
  0x0000015dfcc88800 JavaThread "Daemon health stats" [_thread_blocked, id=7272, stack(0x00000041f0200000,0x00000041f0300000)]
  0x0000015dfd3c7800 JavaThread "Incoming local TCP Connector on port 64116" [_thread_in_native, id=17848, stack(0x00000041efb00000,0x00000041efc00000)]
  0x0000015dfa9d5000 JavaThread "Daemon periodic checks" [_thread_blocked, id=12608, stack(0x00000041efc00000,0x00000041efd00000)]
  0x0000015dfc375800 JavaThread "Daemon" [_thread_blocked, id=4488, stack(0x00000041f0300000,0x00000041f0400000)]
  0x0000015dfce17000 JavaThread "Handler for socket connection from /127.0.0.1:64116 to /127.0.0.1:64117" [_thread_in_native, id=20724, stack(0x00000041f0400000,0x00000041f0500000)]
  0x0000015dfce23800 JavaThread "Cancel handler" [_thread_blocked, id=20412, stack(0x00000041f0500000,0x00000041f0600000)]
  0x0000015dfbd87800 JavaThread "Daemon worker" [_thread_blocked, id=17472, stack(0x00000041f0600000,0x00000041f0700000)]
  0x0000015dfd2fa000 JavaThread "Asynchronous log dispatcher for DefaultDaemonConnection: socket connection from /127.0.0.1:64116 to /127.0.0.1:64117" [_thread_blocked, id=21384, stack(0x00000041f0700000,0x00000041f0800000)]
  0x0000015dfb6a4000 JavaThread "Stdin handler" [_thread_blocked, id=10852, stack(0x00000041f0800000,0x00000041f0900000)]
  0x0000015dfba12800 JavaThread "Daemon client event forwarder" [_thread_blocked, id=20192, stack(0x00000041f0900000,0x00000041f0a00000)]
  0x0000015dfba14000 JavaThread "Cache worker for file hash cache (D:\gradle\caches\7.0.2\fileHashes)" [_thread_blocked, id=18332, stack(0x00000041f0c00000,0x00000041f0d00000)]
  0x0000015dfba13000 JavaThread "File lock request listener" [_thread_in_native, id=1448, stack(0x00000041f0d00000,0x00000041f0e00000)]
  0x0000015dfba17000 JavaThread "Cache worker for journal cache (D:\gradle\caches\journal-1)" [_thread_blocked, id=15488, stack(0x00000041f0f00000,0x00000041f1000000)]
  0x0000015dfba15800 JavaThread "C2 CompilerThread1" daemon [_thread_in_native, id=12664, stack(0x00000041f1000000,0x00000041f1100000)]
  0x0000015dfba15000 JavaThread "Cache worker for file hash cache (D:\myapp\.gradle\7.0.2\fileHashes)" [_thread_blocked, id=19692, stack(0x00000041f1100000,0x00000041f1200000)]
  0x0000015dfba18000 JavaThread "File watcher server" daemon [_thread_in_native, id=20888, stack(0x00000041f1200000,0x00000041f1300000)]
  0x0000015dfba16800 JavaThread "File watcher consumer" daemon [_thread_blocked, id=12376, stack(0x00000041f1300000,0x00000041f1400000)]
  0x0000015dfe53c000 JavaThread "jar transforms" [_thread_blocked, id=17140, stack(0x00000041f1400000,0x00000041f1500000)]
  0x0000015dfe53c800 JavaThread "jar transforms Thread 2" [_thread_blocked, id=4712, stack(0x00000041f1500000,0x00000041f1600000)]
  0x0000015dfe53d800 JavaThread "jar transforms Thread 3" [_thread_blocked, id=12064, stack(0x00000041f1600000,0x00000041f1700000)]
  0x0000015dfe53a800 JavaThread "jar transforms Thread 4" [_thread_blocked, id=15152, stack(0x00000041f1700000,0x00000041f1800000)]
  0x0000015dfe53e800 JavaThread "jar transforms Thread 5" [_thread_blocked, id=6696, stack(0x00000041f1800000,0x00000041f1900000)]
  0x0000015dfe53b000 JavaThread "jar transforms Thread 6" [_thread_blocked, id=21352, stack(0x00000041f1900000,0x00000041f1a00000)]
  0x0000015dfe538800 JavaThread "jar transforms Thread 7" [_thread_blocked, id=18764, stack(0x00000041f1a00000,0x00000041f1b00000)]
  0x0000015dfe53f000 JavaThread "jar transforms Thread 8" [_thread_blocked, id=20968, stack(0x00000041f1b00000,0x00000041f1c00000)]
  0x0000015dfe543800 JavaThread "Cache worker for checksums cache (D:\myapp\.gradle\checksums)" [_thread_blocked, id=21252, stack(0x00000041f1d00000,0x00000041f1e00000)]
  0x0000015dfe545800 JavaThread "Cache worker for cache directory md-supplier (D:\gradle\caches\7.0.2\md-supplier)" [_thread_blocked, id=20124, stack(0x00000041f1e00000,0x00000041f1f00000)]
  0x0000015dfe540000 JavaThread "Cache worker for cache directory md-rule (D:\gradle\caches\7.0.2\md-rule)" [_thread_blocked, id=21280, stack(0x00000041f1f00000,0x00000041f2000000)]
  0x0000015dfe546800 JavaThread "Cache worker for execution history cache (D:\gradle\caches\7.0.2\executionHistory)" [_thread_blocked, id=12016, stack(0x00000041f2000000,0x00000041f2100000)]
  0x0000015dfe539800 JavaThread "C2 CompilerThread2" daemon [_thread_in_native, id=20016, stack(0x00000041f1c00000,0x00000041f1d00000)]
  0x0000015dfe542800 JavaThread "Cache worker for file content cache (D:\gradle\caches\7.0.2\fileContent)" [_thread_blocked, id=21096, stack(0x00000041f2100000,0x00000041f2200000)]
  0x0000015dfe4f9800 JavaThread "Cache worker for dependencies-accessors (D:\myapp\.gradle\7.0.2\dependencies-accessors)" [_thread_blocked, id=20208, stack(0x00000041f2200000,0x00000041f2300000)]
  0x0000015dfe4fc000 JavaThread "Cache worker for Build Output Cleanup Cache (D:\myapp\.gradle\buildOutputCleanup)" [_thread_blocked, id=17952, stack(0x00000041f2300000,0x00000041f2400000)]
  0x0000015dfe4f9000 JavaThread "Build operations" [_thread_blocked, id=17056, stack(0x00000041f2400000,0x00000041f2500000)]
  0x0000015dfe4fd000 JavaThread "Build operations Thread 2" [_thread_blocked, id=16876, stack(0x00000041f2500000,0x00000041f2600000)]
  0x0000015dfe4fd800 JavaThread "Build operations Thread 3" [_thread_blocked, id=17184, stack(0x00000041f2600000,0x00000041f2700000)]
  0x0000015dfe4fe800 JavaThread "Build operations Thread 4" [_thread_blocked, id=20468, stack(0x00000041f2700000,0x00000041f2800000)]
  0x0000015dfe4ff800 JavaThread "Build operations Thread 5" [_thread_blocked, id=16636, stack(0x00000041f2800000,0x00000041f2900000)]
  0x0000015dfe4fa800 JavaThread "Build operations Thread 6" [_thread_blocked, id=21292, stack(0x00000041f2900000,0x00000041f2a00000)]
  0x0000015dfe500000 JavaThread "Build operations Thread 7" [_thread_blocked, id=17284, stack(0x00000041f2a00000,0x00000041f2b00000)]
  0x0000015dfe506000 JavaThread "Build operations Thread 8" [_thread_blocked, id=5104, stack(0x00000041f2b00000,0x00000041f2c00000)]
  0x0000015dfe505000 JavaThread "Memory manager" [_thread_blocked, id=12264, stack(0x00000041f2c00000,0x00000041f2d00000)]
  0x0000015dfe506800 JavaThread "build event listener" [_thread_blocked, id=14528, stack(0x00000041f2d00000,0x00000041f2e00000)]

Other Threads:
=>0x0000015dfa6e4000 VMThread "VM Thread" [stack: 0x00000041eef00000,0x00000041ef000000] [id=18972]
  0x0000015dfa91f800 WatcherThread [stack: 0x00000041ef900000,0x00000041efa00000] [id=19932]
  0x0000015dee263800 GCTaskThread "GC Thread#0" [stack: 0x00000041eea00000,0x00000041eeb00000] [id=20876]
  0x0000015dfae83800 GCTaskThread "GC Thread#1" [stack: 0x00000041efd00000,0x00000041efe00000] [id=7792]
  0x0000015dfae98800 GCTaskThread "GC Thread#2" [stack: 0x00000041efe00000,0x00000041eff00000] [id=21244]
  0x0000015dfb32c800 GCTaskThread "GC Thread#3" [stack: 0x00000041eff00000,0x00000041f0000000] [id=21448]
  0x0000015dfbd5e800 GCTaskThread "GC Thread#4" [stack: 0x00000041f0000000,0x00000041f0100000] [id=13444]
  0x0000015dfb6b1000 GCTaskThread "GC Thread#5" [stack: 0x00000041f0100000,0x00000041f0200000] [id=14116]
  0x0000015dfcba9800 GCTaskThread "GC Thread#6" [stack: 0x00000041f0a00000,0x00000041f0b00000] [id=20976]
  0x0000015dfc39e800 GCTaskThread "GC Thread#7" [stack: 0x00000041f0b00000,0x00000041f0c00000] [id=19772]
  0x0000015dee296000 ConcurrentGCThread "G1 Main Marker" [stack: 0x00000041eeb00000,0x00000041eec00000] [id=19924]
  0x0000015dee297000 ConcurrentGCThread "G1 Conc#0" [stack: 0x00000041eec00000,0x00000041eed00000] [id=12448]
  0x0000015dfd4ce000 ConcurrentGCThread "G1 Conc#1" [stack: 0x00000041f0e00000,0x00000041f0f00000] [id=5552]
  0x0000015dee32e000 ConcurrentGCThread "G1 Refine#0" [stack: 0x00000041eed00000,0x00000041eee00000] [id=19392]
  0x0000015df9d4a800 ConcurrentGCThread "G1 Young RemSet Sampling" [stack: 0x00000041eee00000,0x00000041eef00000] [id=19912]

Threads with active compile tasks:
C2 CompilerThread1  12028 7363       4       java.lang.String::split (324 bytes)
C2 CompilerThread2  12028 7323       4       org.gradle.internal.reflect.ClassInspector::inspectClass (179 bytes)

VM state:at safepoint (normal execution)

VM Mutex/Monitor currently owned by a thread:  ([mutex/lock_event])
[0x0000015dee245680] Threads_lock - owner thread: 0x0000015dfa6e4000
[0x0000015dee246d00] Heap_lock - owner thread: 0x0000015dfbd87800

Heap address: 0x0000000080000000, size: 2048 MB, Compressed Oops mode: 32-bit
Narrow klass base: 0x0000000000000000, Narrow klass shift: 3
Compressed class space size: 1073741824 Address: 0x0000000100000000

Heap:
 garbage-first heap   total 312320K, used 94872K [0x0000000080000000, 0x0000000100000000)
  region size 1024K, 8 young (8192K), 8 survivors (8192K)
 Metaspace       used 76178K, capacity 78183K, committed 78488K, reserved 1118208K
  class space    used 9872K, capacity 10552K, committed 10648K, reserved 1048576K
Heap Regions: E=young(eden), S=young(survivor), O=old, HS=humongous(starts), HC=humongous(continues), CS=collection set, F=free, A=archive, TAMS=top-at-mark-start (previous, next)
|   0|0x0000000080000000, 0x0000000080100000, 0x0000000080100000|100%| O|  |TAMS 0x0000000080100000, 0x0000000080000000| Untracked 
|   1|0x0000000080100000, 0x0000000080200000, 0x0000000080200000|100%| O|  |TAMS 0x0000000080200000, 0x0000000080100000| Untracked 
|   2|0x0000000080200000, 0x0000000080300000, 0x0000000080300000|100%| O|  |TAMS 0x0000000080300000, 0x0000000080200000| Untracked 
|   3|0x0000000080300000, 0x0000000080400000, 0x0000000080400000|100%|HS|  |TAMS 0x0000000080400000, 0x0000000080300000| Complete 
|   4|0x0000000080400000, 0x0000000080500000, 0x0000000080500000|100%|HC|  |TAMS 0x0000000080500000, 0x0000000080400000| Complete 
|   5|0x0000000080500000, 0x0000000080600000, 0x0000000080600000|100%|HC|  |TAMS 0x0000000080600000, 0x0000000080500000| Complete 
|   6|0x0000000080600000, 0x0000000080700000, 0x0000000080700000|100%| O|  |TAMS 0x0000000080700000, 0x0000000080600000| Untracked 
|   7|0x0000000080700000, 0x0000000080800000, 0x0000000080800000|100%| O|  |TAMS 0x0000000080800000, 0x0000000080700000| Untracked 
|   8|0x0000000080800000, 0x0000000080900000, 0x0000000080900000|100%| O|  |TAMS 0x0000000080900000, 0x0000000080800000| Untracked 
|   9|0x0000000080900000, 0x0000000080a00000, 0x0000000080a00000|100%| O|  |TAMS 0x0000000080a00000, 0x0000000080900000| Untracked 
|  10|0x0000000080a00000, 0x0000000080b00000, 0x0000000080b00000|100%| O|  |TAMS 0x0000000080b00000, 0x0000000080a00000| Untracked 
|  11|0x0000000080b00000, 0x0000000080c00000, 0x0000000080c00000|100%| O|  |TAMS 0x0000000080c00000, 0x0000000080b00000| Untracked 
|  12|0x0000000080c00000, 0x0000000080d00000, 0x0000000080d00000|100%| O|  |TAMS 0x0000000080d00000, 0x0000000080c00000| Untracked 
|  13|0x0000000080d00000, 0x0000000080e00000, 0x0000000080e00000|100%| O|  |TAMS 0x0000000080e00000, 0x0000000080d00000| Untracked 
|  14|0x0000000080e00000, 0x0000000080f00000, 0x0000000080f00000|100%| O|  |TAMS 0x0000000080f00000, 0x0000000080e00000| Untracked 
|  15|0x0000000080f00000, 0x0000000081000000, 0x0000000081000000|100%| O|  |TAMS 0x0000000081000000, 0x0000000080f00000| Untracked 
|  16|0x0000000081000000, 0x0000000081100000, 0x0000000081100000|100%|HS|  |TAMS 0x0000000081100000, 0x0000000081000000| Complete 
|  17|0x0000000081100000, 0x0000000081200000, 0x0000000081200000|100%|HC|  |TAMS 0x0000000081200000, 0x0000000081100000| Complete 
|  18|0x0000000081200000, 0x0000000081300000, 0x0000000081300000|100%|HS|  |TAMS 0x0000000081300000, 0x0000000081200000| Complete 
|  19|0x0000000081300000, 0x0000000081400000, 0x0000000081400000|100%|HC|  |TAMS 0x0000000081400000, 0x0000000081300000| Complete 
|  20|0x0000000081400000, 0x0000000081500000, 0x0000000081500000|100%|HC|  |TAMS 0x0000000081500000, 0x0000000081400000| Complete 
|  21|0x0000000081500000, 0x0000000081600000, 0x0000000081600000|100%|HS|  |TAMS 0x0000000081600000, 0x0000000081500000| Complete 
|  22|0x0000000081600000, 0x0000000081700000, 0x0000000081700000|100%|HC|  |TAMS 0x0000000081700000, 0x0000000081600000| Complete 
|  23|0x0000000081700000, 0x0000000081800000, 0x0000000081800000|100%|HC|  |TAMS 0x0000000081800000, 0x0000000081700000| Complete 
|  24|0x0000000081800000, 0x0000000081900000, 0x0000000081900000|100%|HC|  |TAMS 0x0000000081900000, 0x0000000081800000| Complete 
|  25|0x0000000081900000, 0x0000000081a00000, 0x0000000081a00000|100%|HC|  |TAMS 0x0000000081a00000, 0x0000000081900000| Complete 
|  26|0x0000000081a00000, 0x0000000081b00000, 0x0000000081b00000|100%|HS|  |TAMS 0x0000000081b00000, 0x0000000081a00000| Complete 
|  27|0x0000000081b00000, 0x0000000081c00000, 0x0000000081c00000|100%| O|  |TAMS 0x0000000081c00000, 0x0000000081b00000| Untracked 
|  28|0x0000000081c00000, 0x0000000081d00000, 0x0000000081d00000|100%| O|  |TAMS 0x0000000081d00000, 0x0000000081c00000| Untracked 
|  29|0x0000000081d00000, 0x0000000081e00000, 0x0000000081e00000|100%|HS|  |TAMS 0x0000000081e00000, 0x0000000081d00000| Complete 
|  30|0x0000000081e00000, 0x0000000081f00000, 0x0000000081f00000|100%|HC|  |TAMS 0x0000000081f00000, 0x0000000081e00000| Complete 
|  31|0x0000000081f00000, 0x0000000082000000, 0x0000000082000000|100%|HC|  |TAMS 0x0000000082000000, 0x0000000081f00000| Complete 
|  32|0x0000000082000000, 0x0000000082100000, 0x0000000082100000|100%|HC|  |TAMS 0x0000000082100000, 0x0000000082000000| Complete 
|  33|0x0000000082100000, 0x0000000082200000, 0x0000000082200000|100%|HC|  |TAMS 0x0000000082200000, 0x0000000082100000| Complete 
|  34|0x0000000082200000, 0x0000000082300000, 0x0000000082300000|100%|HS|  |TAMS 0x0000000082300000, 0x0000000082200000| Complete 
|  35|0x0000000082300000, 0x0000000082400000, 0x0000000082400000|100%|HC|  |TAMS 0x0000000082400000, 0x0000000082300000| Complete 
|  36|0x0000000082400000, 0x0000000082500000, 0x0000000082500000|100%|HC|  |TAMS 0x0000000082500000, 0x0000000082400000| Complete 
|  37|0x0000000082500000, 0x0000000082600000, 0x0000000082600000|100%| O|  |TAMS 0x0000000082600000, 0x0000000082500000| Untracked 
|  38|0x0000000082600000, 0x0000000082700000, 0x0000000082700000|100%| O|  |TAMS 0x0000000082700000, 0x0000000082600000| Untracked 
|  39|0x0000000082700000, 0x0000000082800000, 0x0000000082800000|100%| O|  |TAMS 0x0000000082800000, 0x0000000082700000| Untracked 
|  40|0x0000000082800000, 0x0000000082900000, 0x0000000082900000|100%| O|  |TAMS 0x0000000082900000, 0x0000000082800000| Untracked 
|  41|0x0000000082900000, 0x0000000082a00000, 0x0000000082a00000|100%| O|  |TAMS 0x0000000082a00000, 0x0000000082900000| Untracked 
|  42|0x0000000082a00000, 0x0000000082b00000, 0x0000000082b00000|100%| O|  |TAMS 0x0000000082b00000, 0x0000000082a00000| Untracked 
|  43|0x0000000082b00000, 0x0000000082c00000, 0x0000000082c00000|100%| O|  |TAMS 0x0000000082c00000, 0x0000000082b00000| Untracked 
|  44|0x0000000082c00000, 0x0000000082d00000, 0x0000000082d00000|100%| O|  |TAMS 0x0000000082d00000, 0x0000000082c00000| Untracked 
|  45|0x0000000082d00000, 0x0000000082e00000, 0x0000000082e00000|100%| O|  |TAMS 0x0000000082e00000, 0x0000000082d00000| Untracked 
|  46|0x0000000082e00000, 0x0000000082f00000, 0x0000000082f00000|100%| O|  |TAMS 0x0000000082f00000, 0x0000000082e00000| Untracked 
|  47|0x0000000082f00000, 0x0000000083000000, 0x0000000083000000|100%| O|  |TAMS 0x0000000083000000, 0x0000000082f00000| Untracked 
|  48|0x0000000083000000, 0x0000000083100000, 0x0000000083100000|100%| O|  |TAMS 0x0000000083100000, 0x0000000083000000| Untracked 
|  49|0x0000000083100000, 0x0000000083200000, 0x0000000083200000|100%| O|  |TAMS 0x0000000083200000, 0x0000000083100000| Untracked 
|  50|0x0000000083200000, 0x0000000083300000, 0x0000000083300000|100%| O|  |TAMS 0x0000000083300000, 0x0000000083200000| Untracked 
|  51|0x0000000083300000, 0x0000000083400000, 0x0000000083400000|100%| O|  |TAMS 0x0000000083400000, 0x0000000083300000| Untracked 
|  52|0x0000000083400000, 0x0000000083500000, 0x0000000083500000|100%|HS|  |TAMS 0x0000000083500000, 0x0000000083400000| Complete 
|  53|0x0000000083500000, 0x0000000083600000, 0x0000000083600000|100%|HS|  |TAMS 0x0000000083600000, 0x0000000083500000| Complete 
|  54|0x0000000083600000, 0x0000000083700000, 0x0000000083700000|100%|HS|  |TAMS 0x0000000083700000, 0x0000000083600000| Complete 
|  55|0x0000000083700000, 0x0000000083800000, 0x0000000083800000|100%|HC|  |TAMS 0x0000000083800000, 0x0000000083700000| Complete 
|  56|0x0000000083800000, 0x0000000083900000, 0x0000000083900000|100%|HC|  |TAMS 0x0000000083900000, 0x0000000083800000| Complete 
|  57|0x0000000083900000, 0x0000000083a00000, 0x0000000083a00000|100%|HS|  |TAMS 0x0000000083a00000, 0x0000000083900000| Complete 
|  58|0x0000000083a00000, 0x0000000083b00000, 0x0000000083b00000|100%|HC|  |TAMS 0x0000000083b00000, 0x0000000083a00000| Complete 
|  59|0x0000000083b00000, 0x0000000083c00000, 0x0000000083c00000|100%| O|  |TAMS 0x0000000083c00000, 0x0000000083b00000| Untracked 
|  60|0x0000000083c00000, 0x0000000083d00000, 0x0000000083d00000|100%| O|  |TAMS 0x0000000083d00000, 0x0000000083c00000| Untracked 
|  61|0x0000000083d00000, 0x0000000083e00000, 0x0000000083e00000|100%| O|  |TAMS 0x0000000083d00000, 0x0000000083d00000| Untracked 
|  62|0x0000000083e00000, 0x0000000083f00000, 0x0000000083f00000|100%| O|  |TAMS 0x0000000083f00000, 0x0000000083e00000| Untracked 
|  63|0x0000000083f00000, 0x0000000084000000, 0x0000000084000000|100%| O|  |TAMS 0x0000000084000000, 0x0000000083f00000| Untracked 
|  64|0x0000000084000000, 0x0000000084100000, 0x0000000084100000|100%| O|  |TAMS 0x0000000084100000, 0x0000000084000000| Untracked 
|  65|0x0000000084100000, 0x0000000084200000, 0x0000000084200000|100%| O|  |TAMS 0x0000000084200000, 0x0000000084100000| Untracked 
|  66|0x0000000084200000, 0x0000000084300000, 0x0000000084300000|100%| O|  |TAMS 0x0000000084300000, 0x0000000084200000| Untracked 
|  67|0x0000000084300000, 0x0000000084400000, 0x0000000084400000|100%| O|  |TAMS 0x0000000084400000, 0x0000000084300000| Untracked 
|  68|0x0000000084400000, 0x0000000084500000, 0x0000000084500000|100%| O|  |TAMS 0x0000000084500000, 0x0000000084400000| Untracked 
|  69|0x0000000084500000, 0x0000000084600000, 0x0000000084600000|100%| O|  |TAMS 0x0000000084600000, 0x0000000084500000| Untracked 
|  70|0x0000000084600000, 0x0000000084700000, 0x0000000084700000|100%| O|  |TAMS 0x0000000084700000, 0x0000000084600000| Untracked 
|  71|0x0000000084700000, 0x0000000084800000, 0x0000000084800000|100%| O|  |TAMS 0x0000000084800000, 0x0000000084700000| Untracked 
|  72|0x0000000084800000, 0x0000000084900000, 0x0000000084900000|100%| O|  |TAMS 0x0000000084900000, 0x0000000084800000| Untracked 
|  73|0x0000000084900000, 0x0000000084a00000, 0x0000000084a00000|100%| O|  |TAMS 0x0000000084a00000, 0x0000000084900000| Untracked 
|  74|0x0000000084a00000, 0x0000000084b00000, 0x0000000084b00000|100%| O|  |TAMS 0x0000000084b00000, 0x0000000084a00000| Untracked 
|  75|0x0000000084b00000, 0x0000000084c00000, 0x0000000084c00000|100%| O|  |TAMS 0x0000000084c00000, 0x0000000084b00000| Untracked 
|  76|0x0000000084c00000, 0x0000000084d00000, 0x0000000084d00000|100%| O|  |TAMS 0x0000000084d00000, 0x0000000084c00000| Untracked 
|  77|0x0000000084d00000, 0x0000000084e00000, 0x0000000084e00000|100%| O|  |TAMS 0x0000000084d7c000, 0x0000000084d00000| Untracked 
|  78|0x0000000084e00000, 0x0000000084f00000, 0x0000000084f00000|100%| O|  |TAMS 0x0000000084e00000, 0x0000000084e00000| Untracked 
|  79|0x0000000084f00000, 0x0000000085000000, 0x0000000085000000|100%| O|  |TAMS 0x0000000084f00000, 0x0000000084f00000| Untracked 
|  80|0x0000000085000000, 0x0000000085100000, 0x0000000085100000|100%| O|  |TAMS 0x0000000085000000, 0x0000000085000000| Untracked 
|  81|0x0000000085100000, 0x0000000085200000, 0x0000000085200000|100%| O|  |TAMS 0x0000000085100000, 0x0000000085100000| Untracked 
|  82|0x0000000085200000, 0x0000000085300000, 0x0000000085300000|100%| O|  |TAMS 0x0000000085200000, 0x0000000085200000| Untracked 
|  83|0x0000000085300000, 0x0000000085400000, 0x0000000085400000|100%| O|  |TAMS 0x0000000085300000, 0x0000000085300000| Untracked 
|  84|0x0000000085400000, 0x0000000085500000, 0x0000000085500000|100%| O|  |TAMS 0x0000000085400000, 0x0000000085400000| Untracked 
|  85|0x0000000085500000, 0x0000000085535800, 0x0000000085600000| 20%| O|  |TAMS 0x0000000085500000, 0x0000000085500000| Untracked 
|  86|0x0000000085600000, 0x0000000085600000, 0x0000000085700000|  0%| F|  |TAMS 0x0000000085600000, 0x0000000085600000| Untracked 
|  87|0x0000000085700000, 0x0000000085700000, 0x0000000085800000|  0%| F|  |TAMS 0x0000000085700000, 0x0000000085700000| Untracked 
|  88|0x0000000085800000, 0x0000000085800000, 0x0000000085900000|  0%| F|  |TAMS 0x0000000085800000, 0x0000000085800000| Untracked 
|  89|0x0000000085900000, 0x0000000085900000, 0x0000000085a00000|  0%| F|  |TAMS 0x0000000085900000, 0x0000000085900000| Untracked 
|  90|0x0000000085a00000, 0x0000000085a00000, 0x0000000085b00000|  0%| F|  |TAMS 0x0000000085a00000, 0x0000000085a00000| Untracked 
|  91|0x0000000085b00000, 0x0000000085b00000, 0x0000000085c00000|  0%| F|  |TAMS 0x0000000085b00000, 0x0000000085b00000| Untracked 
|  92|0x0000000085c00000, 0x0000000085c00000, 0x0000000085d00000|  0%| F|  |TAMS 0x0000000085c00000, 0x0000000085c00000| Untracked 
|  93|0x0000000085d00000, 0x0000000085d00000, 0x0000000085e00000|  0%| F|  |TAMS 0x0000000085d00000, 0x0000000085d00000| Untracked 
|  94|0x0000000085e00000, 0x0000000085e00000, 0x0000000085f00000|  0%| F|  |TAMS 0x0000000085e00000, 0x0000000085e00000| Untracked 
|  95|0x0000000085f00000, 0x0000000085f00000, 0x0000000086000000|  0%| F|  |TAMS 0x0000000085f00000, 0x0000000085f00000| Untracked 
|  96|0x0000000086000000, 0x0000000086000000, 0x0000000086100000|  0%| F|  |TAMS 0x0000000086000000, 0x0000000086000000| Untracked 
|  97|0x0000000086100000, 0x0000000086100000, 0x0000000086200000|  0%| F|  |TAMS 0x0000000086100000, 0x0000000086100000| Untracked 
|  98|0x0000000086200000, 0x0000000086200000, 0x0000000086300000|  0%| F|  |TAMS 0x0000000086200000, 0x0000000086200000| Untracked 
|  99|0x0000000086300000, 0x0000000086300000, 0x0000000086400000|  0%| F|  |TAMS 0x0000000086300000, 0x0000000086300000| Untracked 
| 100|0x0000000086400000, 0x0000000086400000, 0x0000000086500000|  0%| F|  |TAMS 0x0000000086400000, 0x0000000086400000| Untracked 
| 101|0x0000000086500000, 0x0000000086500000, 0x0000000086600000|  0%| F|  |TAMS 0x0000000086500000, 0x0000000086500000| Untracked 
| 102|0x0000000086600000, 0x0000000086600000, 0x0000000086700000|  0%| F|  |TAMS 0x0000000086600000, 0x0000000086600000| Untracked 
| 103|0x0000000086700000, 0x0000000086700000, 0x0000000086800000|  0%| F|  |TAMS 0x0000000086700000, 0x0000000086700000| Untracked 
| 104|0x0000000086800000, 0x0000000086800000, 0x0000000086900000|  0%| F|  |TAMS 0x0000000086800000, 0x0000000086800000| Untracked 
| 105|0x0000000086900000, 0x0000000086900000, 0x0000000086a00000|  0%| F|  |TAMS 0x0000000086900000, 0x0000000086900000| Untracked 
| 106|0x0000000086a00000, 0x0000000086a00000, 0x0000000086b00000|  0%| F|  |TAMS 0x0000000086a00000, 0x0000000086a00000| Untracked 
| 107|0x0000000086b00000, 0x0000000086b00000, 0x0000000086c00000|  0%| F|  |TAMS 0x0000000086b00000, 0x0000000086b00000| Untracked 
| 108|0x0000000086c00000, 0x0000000086c00000, 0x0000000086d00000|  0%| F|  |TAMS 0x0000000086c00000, 0x0000000086c00000| Untracked 
| 109|0x0000000086d00000, 0x0000000086d00000, 0x0000000086e00000|  0%| F|  |TAMS 0x0000000086d00000, 0x0000000086d00000| Untracked 
| 110|0x0000000086e00000, 0x0000000086e00000, 0x0000000086f00000|  0%| F|  |TAMS 0x0000000086e00000, 0x0000000086e00000| Untracked 
| 111|0x0000000086f00000, 0x0000000086f00000, 0x0000000087000000|  0%| F|  |TAMS 0x0000000086f00000, 0x0000000086f00000| Untracked 
| 112|0x0000000087000000, 0x0000000087000000, 0x0000000087100000|  0%| F|  |TAMS 0x0000000087000000, 0x0000000087000000| Untracked 
| 113|0x0000000087100000, 0x0000000087100000, 0x0000000087200000|  0%| F|  |TAMS 0x0000000087100000, 0x0000000087100000| Untracked 
| 114|0x0000000087200000, 0x0000000087200000, 0x0000000087300000|  0%| F|  |TAMS 0x0000000087200000, 0x0000000087200000| Untracked 
| 115|0x0000000087300000, 0x0000000087300000, 0x0000000087400000|  0%| F|  |TAMS 0x0000000087300000, 0x0000000087300000| Untracked 
| 116|0x0000000087400000, 0x0000000087400000, 0x0000000087500000|  0%| F|  |TAMS 0x0000000087400000, 0x0000000087400000| Untracked 
| 117|0x0000000087500000, 0x0000000087500000, 0x0000000087600000|  0%| F|  |TAMS 0x0000000087500000, 0x0000000087500000| Untracked 
| 118|0x0000000087600000, 0x0000000087600000, 0x0000000087700000|  0%| F|  |TAMS 0x0000000087600000, 0x0000000087600000| Untracked 
| 119|0x0000000087700000, 0x0000000087700000, 0x0000000087800000|  0%| F|  |TAMS 0x0000000087700000, 0x0000000087700000| Untracked 
| 120|0x0000000087800000, 0x0000000087800000, 0x0000000087900000|  0%| F|  |TAMS 0x0000000087800000, 0x0000000087800000| Untracked 
| 121|0x0000000087900000, 0x0000000087900000, 0x0000000087a00000|  0%| F|  |TAMS 0x0000000087900000, 0x0000000087900000| Untracked 
| 122|0x0000000087a00000, 0x0000000087a00000, 0x0000000087b00000|  0%| F|  |TAMS 0x0000000087a00000, 0x0000000087a00000| Untracked 
| 123|0x0000000087b00000, 0x0000000087b00000, 0x0000000087c00000|  0%| F|  |TAMS 0x0000000087b00000, 0x0000000087b00000| Untracked 
| 124|0x0000000087c00000, 0x0000000087c00000, 0x0000000087d00000|  0%| F|  |TAMS 0x0000000087c00000, 0x0000000087c00000| Untracked 
| 125|0x0000000087d00000, 0x0000000087d00000, 0x0000000087e00000|  0%| F|  |TAMS 0x0000000087d00000, 0x0000000087d00000| Untracked 
| 126|0x0000000087e00000, 0x0000000087e00000, 0x0000000087f00000|  0%| F|  |TAMS 0x0000000087e00000, 0x0000000087e00000| Untracked 
| 127|0x0000000087f00000, 0x0000000087f00000, 0x0000000088000000|  0%| F|  |TAMS 0x0000000087f00000, 0x0000000087f00000| Untracked 
| 128|0x0000000088000000, 0x0000000088000000, 0x0000000088100000|  0%| F|  |TAMS 0x0000000088000000, 0x0000000088000000| Untracked 
| 129|0x0000000088100000, 0x0000000088100000, 0x0000000088200000|  0%| F|  |TAMS 0x0000000088100000, 0x0000000088100000| Untracked 
| 130|0x0000000088200000, 0x0000000088200000, 0x0000000088300000|  0%| F|  |TAMS 0x0000000088200000, 0x0000000088200000| Untracked 
| 131|0x0000000088300000, 0x0000000088300000, 0x0000000088400000|  0%| F|  |TAMS 0x0000000088300000, 0x0000000088300000| Untracked 
| 132|0x0000000088400000, 0x0000000088400000, 0x0000000088500000|  0%| F|  |TAMS 0x0000000088400000, 0x0000000088400000| Untracked 
| 133|0x0000000088500000, 0x0000000088500000, 0x0000000088600000|  0%| F|  |TAMS 0x0000000088500000, 0x0000000088500000| Untracked 
| 134|0x0000000088600000, 0x0000000088600000, 0x0000000088700000|  0%| F|  |TAMS 0x0000000088600000, 0x0000000088600000| Untracked 
| 135|0x0000000088700000, 0x0000000088700000, 0x0000000088800000|  0%| F|  |TAMS 0x0000000088700000, 0x0000000088700000| Untracked 
| 136|0x0000000088800000, 0x0000000088800000, 0x0000000088900000|  0%| F|  |TAMS 0x0000000088800000, 0x0000000088800000| Untracked 
| 137|0x0000000088900000, 0x0000000088900000, 0x0000000088a00000|  0%| F|  |TAMS 0x0000000088900000, 0x0000000088900000| Untracked 
| 138|0x0000000088a00000, 0x0000000088a00000, 0x0000000088b00000|  0%| F|  |TAMS 0x0000000088a00000, 0x0000000088a00000| Untracked 
| 139|0x0000000088b00000, 0x0000000088b00000, 0x0000000088c00000|  0%| F|  |TAMS 0x0000000088b00000, 0x0000000088b00000| Untracked 
| 140|0x0000000088c00000, 0x0000000088c00000, 0x0000000088d00000|  0%| F|  |TAMS 0x0000000088c00000, 0x0000000088c00000| Untracked 
| 141|0x0000000088d00000, 0x0000000088d00000, 0x0000000088e00000|  0%| F|  |TAMS 0x0000000088d00000, 0x0000000088d00000| Untracked 
| 142|0x0000000088e00000, 0x0000000088e00000, 0x0000000088f00000|  0%| F|  |TAMS 0x0000000088e00000, 0x0000000088e00000| Untracked 
| 143|0x0000000088f00000, 0x0000000088f00000, 0x0000000089000000|  0%| F|  |TAMS 0x0000000088f00000, 0x0000000088f00000| Untracked 
| 144|0x0000000089000000, 0x0000000089000000, 0x0000000089100000|  0%| F|  |TAMS 0x0000000089000000, 0x0000000089000000| Untracked 
| 145|0x0000000089100000, 0x0000000089170aa0, 0x0000000089200000| 44%| S|CS|TAMS 0x0000000089100000, 0x0000000089100000| Complete 
| 146|0x0000000089200000, 0x0000000089300000, 0x0000000089300000|100%| S|CS|TAMS 0x0000000089200000, 0x0000000089200000| Complete 
| 147|0x0000000089300000, 0x0000000089400000, 0x0000000089400000|100%| S|CS|TAMS 0x0000000089300000, 0x0000000089300000| Complete 
| 148|0x0000000089400000, 0x0000000089500000, 0x0000000089500000|100%| S|CS|TAMS 0x0000000089400000, 0x0000000089400000| Complete 
| 149|0x0000000089500000, 0x0000000089600000, 0x0000000089600000|100%| S|CS|TAMS 0x0000000089500000, 0x0000000089500000| Complete 
| 150|0x0000000089600000, 0x0000000089700000, 0x0000000089700000|100%| S|CS|TAMS 0x0000000089600000, 0x0000000089600000| Complete 
| 151|0x0000000089700000, 0x0000000089700000, 0x0000000089800000|  0%| F|  |TAMS 0x0000000089700000, 0x0000000089700000| Untracked 
| 152|0x0000000089800000, 0x0000000089900000, 0x0000000089900000|100%| S|CS|TAMS 0x0000000089800000, 0x0000000089800000| Complete 
| 153|0x0000000089900000, 0x0000000089a00000, 0x0000000089a00000|100%| S|CS|TAMS 0x0000000089900000, 0x0000000089900000| Complete 
| 154|0x0000000089a00000, 0x0000000089a00000, 0x0000000089b00000|  0%| F|  |TAMS 0x0000000089a00000, 0x0000000089a00000| Untracked 
| 155|0x0000000089b00000, 0x0000000089b00000, 0x0000000089c00000|  0%| F|  |TAMS 0x0000000089b00000, 0x0000000089b00000| Untracked 
| 156|0x0000000089c00000, 0x0000000089c00000, 0x0000000089d00000|  0%| F|  |TAMS 0x0000000089c00000, 0x0000000089c00000| Untracked 
| 157|0x0000000089d00000, 0x0000000089d00000, 0x0000000089e00000|  0%| F|  |TAMS 0x0000000089d00000, 0x0000000089d00000| Untracked 
| 158|0x0000000089e00000, 0x0000000089e00000, 0x0000000089f00000|  0%| F|  |TAMS 0x0000000089e00000, 0x0000000089e00000| Untracked 
| 159|0x0000000089f00000, 0x0000000089f00000, 0x000000008a000000|  0%| F|  |TAMS 0x0000000089f00000, 0x0000000089f00000| Untracked 
| 160|0x000000008a000000, 0x000000008a000000, 0x000000008a100000|  0%| F|  |TAMS 0x000000008a000000, 0x000000008a000000| Untracked 
| 161|0x000000008a100000, 0x000000008a100000, 0x000000008a200000|  0%| F|  |TAMS 0x000000008a100000, 0x000000008a100000| Untracked 
| 162|0x000000008a200000, 0x000000008a200000, 0x000000008a300000|  0%| F|  |TAMS 0x000000008a200000, 0x000000008a200000| Untracked 
| 163|0x000000008a300000, 0x000000008a300000, 0x000000008a400000|  0%| F|  |TAMS 0x000000008a300000, 0x000000008a300000| Untracked 
| 164|0x000000008a400000, 0x000000008a400000, 0x000000008a500000|  0%| F|  |TAMS 0x000000008a400000, 0x000000008a400000| Untracked 
| 165|0x000000008a500000, 0x000000008a500000, 0x000000008a600000|  0%| F|  |TAMS 0x000000008a500000, 0x000000008a500000| Untracked 
| 166|0x000000008a600000, 0x000000008a600000, 0x000000008a700000|  0%| F|  |TAMS 0x000000008a600000, 0x000000008a600000| Untracked 
| 167|0x000000008a700000, 0x000000008a700000, 0x000000008a800000|  0%| F|  |TAMS 0x000000008a700000, 0x000000008a700000| Untracked 
| 168|0x000000008a800000, 0x000000008a800000, 0x000000008a900000|  0%| F|  |TAMS 0x000000008a800000, 0x000000008a800000| Untracked 
| 169|0x000000008a900000, 0x000000008a900000, 0x000000008aa00000|  0%| F|  |TAMS 0x000000008a900000, 0x000000008a900000| Untracked 
| 170|0x000000008aa00000, 0x000000008aa00000, 0x000000008ab00000|  0%| F|  |TAMS 0x000000008aa00000, 0x000000008aa00000| Untracked 
| 171|0x000000008ab00000, 0x000000008ab00000, 0x000000008ac00000|  0%| F|  |TAMS 0x000000008ab00000, 0x000000008ab00000| Untracked 
| 172|0x000000008ac00000, 0x000000008ac00000, 0x000000008ad00000|  0%| F|  |TAMS 0x000000008ac00000, 0x000000008ac00000| Untracked 
| 173|0x000000008ad00000, 0x000000008ad00000, 0x000000008ae00000|  0%| F|  |TAMS 0x000000008ad00000, 0x000000008ad00000| Untracked 
| 174|0x000000008ae00000, 0x000000008ae00000, 0x000000008af00000|  0%| F|  |TAMS 0x000000008ae00000, 0x000000008ae00000| Untracked 
| 175|0x000000008af00000, 0x000000008af00000, 0x000000008b000000|  0%| F|  |TAMS 0x000000008af00000, 0x000000008af00000| Untracked 
| 176|0x000000008b000000, 0x000000008b000000, 0x000000008b100000|  0%| F|  |TAMS 0x000000008b000000, 0x000000008b000000| Untracked 
| 177|0x000000008b100000, 0x000000008b100000, 0x000000008b200000|  0%| F|  |TAMS 0x000000008b100000, 0x000000008b100000| Untracked 
| 178|0x000000008b200000, 0x000000008b200000, 0x000000008b300000|  0%| F|  |TAMS 0x000000008b200000, 0x000000008b200000| Untracked 
| 179|0x000000008b300000, 0x000000008b300000, 0x000000008b400000|  0%| F|  |TAMS 0x000000008b300000, 0x000000008b300000| Untracked 
| 180|0x000000008b400000, 0x000000008b400000, 0x000000008b500000|  0%| F|  |TAMS 0x000000008b400000, 0x000000008b400000| Untracked 
| 181|0x000000008b500000, 0x000000008b500000, 0x000000008b600000|  0%| F|  |TAMS 0x000000008b500000, 0x000000008b500000| Untracked 
| 182|0x000000008b600000, 0x000000008b600000, 0x000000008b700000|  0%| F|  |TAMS 0x000000008b600000, 0x000000008b600000| Untracked 
| 183|0x000000008b700000, 0x000000008b700000, 0x000000008b800000|  0%| F|  |TAMS 0x000000008b700000, 0x000000008b700000| Untracked 
| 184|0x000000008b800000, 0x000000008b800000, 0x000000008b900000|  0%| F|  |TAMS 0x000000008b800000, 0x000000008b800000| Untracked 
| 185|0x000000008b900000, 0x000000008b900000, 0x000000008ba00000|  0%| F|  |TAMS 0x000000008b900000, 0x000000008b900000| Untracked 
| 186|0x000000008ba00000, 0x000000008ba00000, 0x000000008bb00000|  0%| F|  |TAMS 0x000000008ba00000, 0x000000008ba00000| Untracked 
| 187|0x000000008bb00000, 0x000000008bb00000, 0x000000008bc00000|  0%| F|  |TAMS 0x000000008bb00000, 0x000000008bb00000| Untracked 
| 188|0x000000008bc00000, 0x000000008bc00000, 0x000000008bd00000|  0%| F|  |TAMS 0x000000008bc00000, 0x000000008bc00000| Untracked 
| 189|0x000000008bd00000, 0x000000008bd00000, 0x000000008be00000|  0%| F|  |TAMS 0x000000008bd00000, 0x000000008bd00000| Untracked 
| 190|0x000000008be00000, 0x000000008be00000, 0x000000008bf00000|  0%| F|  |TAMS 0x000000008be00000, 0x000000008be00000| Untracked 
| 191|0x000000008bf00000, 0x000000008bf00000, 0x000000008c000000|  0%| F|  |TAMS 0x000000008bf00000, 0x000000008bf00000| Untracked 
| 192|0x000000008c000000, 0x000000008c000000, 0x000000008c100000|  0%| F|  |TAMS 0x000000008c000000, 0x000000008c000000| Untracked 
| 193|0x000000008c100000, 0x000000008c100000, 0x000000008c200000|  0%| F|  |TAMS 0x000000008c100000, 0x000000008c100000| Untracked 
| 194|0x000000008c200000, 0x000000008c200000, 0x000000008c300000|  0%| F|  |TAMS 0x000000008c200000, 0x000000008c200000| Untracked 
| 195|0x000000008c300000, 0x000000008c300000, 0x000000008c400000|  0%| F|  |TAMS 0x000000008c300000, 0x000000008c300000| Untracked 
| 196|0x000000008c400000, 0x000000008c400000, 0x000000008c500000|  0%| F|  |TAMS 0x000000008c400000, 0x000000008c400000| Untracked 
| 197|0x000000008c500000, 0x000000008c500000, 0x000000008c600000|  0%| F|  |TAMS 0x000000008c500000, 0x000000008c500000| Untracked 
| 198|0x000000008c600000, 0x000000008c600000, 0x000000008c700000|  0%| F|  |TAMS 0x000000008c600000, 0x000000008c600000| Untracked 
| 199|0x000000008c700000, 0x000000008c700000, 0x000000008c800000|  0%| F|  |TAMS 0x000000008c700000, 0x000000008c700000| Untracked 
| 200|0x000000008c800000, 0x000000008c800000, 0x000000008c900000|  0%| F|  |TAMS 0x000000008c800000, 0x000000008c800000| Untracked 
| 201|0x000000008c900000, 0x000000008c900000, 0x000000008ca00000|  0%| F|  |TAMS 0x000000008c900000, 0x000000008c900000| Untracked 
| 202|0x000000008ca00000, 0x000000008ca00000, 0x000000008cb00000|  0%| F|  |TAMS 0x000000008ca00000, 0x000000008ca00000| Untracked 
| 203|0x000000008cb00000, 0x000000008cb00000, 0x000000008cc00000|  0%| F|  |TAMS 0x000000008cb00000, 0x000000008cb00000| Untracked 
| 204|0x000000008cc00000, 0x000000008cc00000, 0x000000008cd00000|  0%| F|  |TAMS 0x000000008cc00000, 0x000000008cc00000| Untracked 
| 205|0x000000008cd00000, 0x000000008cd00000, 0x000000008ce00000|  0%| F|  |TAMS 0x000000008cd00000, 0x000000008cd00000| Untracked 
| 206|0x000000008ce00000, 0x000000008ce00000, 0x000000008cf00000|  0%| F|  |TAMS 0x000000008ce00000, 0x000000008ce00000| Untracked 
| 207|0x000000008cf00000, 0x000000008cf00000, 0x000000008d000000|  0%| F|  |TAMS 0x000000008cf00000, 0x000000008cf00000| Untracked 
| 208|0x000000008d000000, 0x000000008d000000, 0x000000008d100000|  0%| F|  |TAMS 0x000000008d000000, 0x000000008d000000| Untracked 
| 209|0x000000008d100000, 0x000000008d100000, 0x000000008d200000|  0%| F|  |TAMS 0x000000008d100000, 0x000000008d100000| Untracked 
| 210|0x000000008d200000, 0x000000008d200000, 0x000000008d300000|  0%| F|  |TAMS 0x000000008d200000, 0x000000008d200000| Untracked 
| 211|0x000000008d300000, 0x000000008d300000, 0x000000008d400000|  0%| F|  |TAMS 0x000000008d300000, 0x000000008d300000| Untracked 
| 212|0x000000008d400000, 0x000000008d400000, 0x000000008d500000|  0%| F|  |TAMS 0x000000008d400000, 0x000000008d400000| Untracked 
| 213|0x000000008d500000, 0x000000008d500000, 0x000000008d600000|  0%| F|  |TAMS 0x000000008d500000, 0x000000008d500000| Untracked 
| 214|0x000000008d600000, 0x000000008d600000, 0x000000008d700000|  0%| F|  |TAMS 0x000000008d600000, 0x000000008d600000| Untracked 
| 215|0x000000008d700000, 0x000000008d700000, 0x000000008d800000|  0%| F|  |TAMS 0x000000008d700000, 0x000000008d700000| Untracked 
| 216|0x000000008d800000, 0x000000008d800000, 0x000000008d900000|  0%| F|  |TAMS 0x000000008d800000, 0x000000008d800000| Untracked 
| 217|0x000000008d900000, 0x000000008d900000, 0x000000008da00000|  0%| F|  |TAMS 0x000000008d900000, 0x000000008d900000| Untracked 
| 218|0x000000008da00000, 0x000000008da00000, 0x000000008db00000|  0%| F|  |TAMS 0x000000008da00000, 0x000000008da00000| Untracked 
| 219|0x000000008db00000, 0x000000008db00000, 0x000000008dc00000|  0%| F|  |TAMS 0x000000008db00000, 0x000000008db00000| Untracked 
| 220|0x000000008dc00000, 0x000000008dc00000, 0x000000008dd00000|  0%| F|  |TAMS 0x000000008dc00000, 0x000000008dc00000| Untracked 
| 221|0x000000008dd00000, 0x000000008dd00000, 0x000000008de00000|  0%| F|  |TAMS 0x000000008dd00000, 0x000000008dd00000| Untracked 
| 222|0x000000008de00000, 0x000000008de00000, 0x000000008df00000|  0%| F|  |TAMS 0x000000008de00000, 0x000000008de00000| Untracked 
| 223|0x000000008df00000, 0x000000008df00000, 0x000000008e000000|  0%| F|  |TAMS 0x000000008df00000, 0x000000008df00000| Untracked 
| 224|0x000000008e000000, 0x000000008e000000, 0x000000008e100000|  0%| F|  |TAMS 0x000000008e000000, 0x000000008e000000| Untracked 
| 225|0x000000008e100000, 0x000000008e100000, 0x000000008e200000|  0%| F|  |TAMS 0x000000008e100000, 0x000000008e100000| Untracked 
| 226|0x000000008e200000, 0x000000008e200000, 0x000000008e300000|  0%| F|  |TAMS 0x000000008e200000, 0x000000008e200000| Untracked 
| 227|0x000000008e300000, 0x000000008e300000, 0x000000008e400000|  0%| F|  |TAMS 0x000000008e300000, 0x000000008e300000| Untracked 
| 228|0x000000008e400000, 0x000000008e400000, 0x000000008e500000|  0%| F|  |TAMS 0x000000008e400000, 0x000000008e400000| Untracked 
| 229|0x000000008e500000, 0x000000008e500000, 0x000000008e600000|  0%| F|  |TAMS 0x000000008e500000, 0x000000008e500000| Untracked 
| 230|0x000000008e600000, 0x000000008e600000, 0x000000008e700000|  0%| F|  |TAMS 0x000000008e600000, 0x000000008e600000| Untracked 
| 231|0x000000008e700000, 0x000000008e700000, 0x000000008e800000|  0%| F|  |TAMS 0x000000008e700000, 0x000000008e700000| Untracked 
| 232|0x000000008e800000, 0x000000008e800000, 0x000000008e900000|  0%| F|  |TAMS 0x000000008e800000, 0x000000008e800000| Untracked 
| 233|0x000000008e900000, 0x000000008e900000, 0x000000008ea00000|  0%| F|  |TAMS 0x000000008e900000, 0x000000008e900000| Untracked 
| 234|0x000000008ea00000, 0x000000008ea00000, 0x000000008eb00000|  0%| F|  |TAMS 0x000000008ea00000, 0x000000008ea00000| Untracked 
| 235|0x000000008eb00000, 0x000000008eb00000, 0x000000008ec00000|  0%| F|  |TAMS 0x000000008eb00000, 0x000000008eb00000| Untracked 
| 236|0x000000008ec00000, 0x000000008ec00000, 0x000000008ed00000|  0%| F|  |TAMS 0x000000008ec00000, 0x000000008ec00000| Untracked 
| 237|0x000000008ed00000, 0x000000008ed00000, 0x000000008ee00000|  0%| F|  |TAMS 0x000000008ed00000, 0x000000008ed00000| Untracked 
| 238|0x000000008ee00000, 0x000000008ee00000, 0x000000008ef00000|  0%| F|  |TAMS 0x000000008ee00000, 0x000000008ee00000| Untracked 
| 239|0x000000008ef00000, 0x000000008ef00000, 0x000000008f000000|  0%| F|  |TAMS 0x000000008ef00000, 0x000000008ef00000| Untracked 
| 240|0x000000008f000000, 0x000000008f000000, 0x000000008f100000|  0%| F|  |TAMS 0x000000008f000000, 0x000000008f000000| Untracked 
| 241|0x000000008f100000, 0x000000008f100000, 0x000000008f200000|  0%| F|  |TAMS 0x000000008f100000, 0x000000008f100000| Untracked 
| 242|0x000000008f200000, 0x000000008f200000, 0x000000008f300000|  0%| F|  |TAMS 0x000000008f200000, 0x000000008f200000| Untracked 
| 243|0x000000008f300000, 0x000000008f300000, 0x000000008f400000|  0%| F|  |TAMS 0x000000008f300000, 0x000000008f300000| Untracked 
| 244|0x000000008f400000, 0x000000008f400000, 0x000000008f500000|  0%| F|  |TAMS 0x000000008f400000, 0x000000008f400000| Untracked 
| 245|0x000000008f500000, 0x000000008f500000, 0x000000008f600000|  0%| F|  |TAMS 0x000000008f500000, 0x000000008f500000| Untracked 
| 246|0x000000008f600000, 0x000000008f600000, 0x000000008f700000|  0%| F|  |TAMS 0x000000008f600000, 0x000000008f600000| Untracked 
| 247|0x000000008f700000, 0x000000008f700000, 0x000000008f800000|  0%| F|  |TAMS 0x000000008f700000, 0x000000008f700000| Untracked 
| 248|0x000000008f800000, 0x000000008f800000, 0x000000008f900000|  0%| F|  |TAMS 0x000000008f800000, 0x000000008f800000| Untracked 
| 249|0x000000008f900000, 0x000000008f900000, 0x000000008fa00000|  0%| F|  |TAMS 0x000000008f900000, 0x000000008f900000| Untracked 
| 250|0x000000008fa00000, 0x000000008fa00000, 0x000000008fb00000|  0%| F|  |TAMS 0x000000008fa00000, 0x000000008fa00000| Untracked 
| 251|0x000000008fb00000, 0x000000008fb00000, 0x000000008fc00000|  0%| F|  |TAMS 0x000000008fb00000, 0x000000008fb00000| Untracked 
| 252|0x000000008fc00000, 0x000000008fc00000, 0x000000008fd00000|  0%| F|  |TAMS 0x000000008fc00000, 0x000000008fc00000| Untracked 
| 253|0x000000008fd00000, 0x000000008fd00000, 0x000000008fe00000|  0%| F|  |TAMS 0x000000008fd00000, 0x000000008fd00000| Untracked 

Card table byte_map: [0x0000015df2bc0000,0x0000015df2fc0000] _byte_map_base: 0x0000015df27c0000

Marking Bits (Prev, Next): (CMBitMap*) 0x0000015dee28d598, (CMBitMap*) 0x0000015dee28d5d0
 Prev Bits: [0x0000015df33c0000, 0x0000015df53c0000)
 Next Bits: [0x0000015df53c0000, 0x0000015df73c0000)

Polling page: 0x0000015dec9e0000

Metaspace:

Usage:
  Non-class:     66.05 MB capacity,    64.75 MB ( 98%) used,     1.11 MB (  2%) free+waste,   191.75 KB ( <1%) overhead. 
      Class:     10.30 MB capacity,     9.64 MB ( 94%) used,   589.25 KB (  6%) free+waste,    90.00 KB ( <1%) overhead. 
       Both:     76.35 MB capacity,    74.39 MB ( 97%) used,     1.68 MB (  2%) free+waste,   281.75 KB ( <1%) overhead. 

Virtual space:
  Non-class space:       68.00 MB reserved,      66.25 MB ( 97%) committed 
      Class space:        1.00 GB reserved,      10.40 MB (  1%) committed 
             Both:        1.07 GB reserved,      76.65 MB (  7%) committed 

Chunk freelists:
   Non-Class:  17.00 KB
       Class:  8.00 KB
        Both:  25.00 KB

MaxMetaspaceSize: 17179869184.00 GB
CompressedClassSpaceSize: 1.00 GB

CodeHeap 'non-profiled nmethods': size=120000Kb used=4809Kb max_used=4809Kb free=115191Kb
 bounds [0x0000015d87ad0000, 0x0000015d87f90000, 0x0000015d8f000000]
CodeHeap 'profiled nmethods': size=120000Kb used=15978Kb max_used=15978Kb free=104021Kb
 bounds [0x0000015d805a0000, 0x0000015d81540000, 0x0000015d87ad0000]
CodeHeap 'non-nmethods': size=5760Kb used=2269Kb max_used=2328Kb free=3490Kb
 bounds [0x0000015d80000000, 0x0000015d80270000, 0x0000015d805a0000]
 total_blobs=8307 nmethods=7444 adapters=774
 compilation: enabled
              stopped_count=0, restarted_count=0
 full_count=0

Compilation events (20 events):
Event: 11.952 Thread 0x0000015dfa765000 nmethod 7454 0x0000015d81538290 code [0x0000015d815384e0, 0x0000015d81538d68]
Event: 11.952 Thread 0x0000015dfa765000 7456       3       org.gradle.api.internal.collections.AbstractIterationOrderRetainingElementSource::size (43 bytes)
Event: 11.953 Thread 0x0000015dfa765000 nmethod 7456 0x0000015d81539010 code [0x0000015d81539220, 0x0000015d81539898]
Event: 11.953 Thread 0x0000015dfa765000 7457       3       org.gradle.api.internal.collections.IterationOrderRetainingSetElementSource::iterator (21 bytes)
Event: 11.953 Thread 0x0000015dfa765000 nmethod 7457 0x0000015d81539a90 code [0x0000015d81539c60, 0x0000015d81539f58]
Event: 11.953 Thread 0x0000015dfa765000 7455       3       org.gradle.api.internal.artifacts.configurations.DefaultConfiguration_Decorated::getDependencies (40 bytes)
Event: 11.954 Thread 0x0000015dfa765000 nmethod 7455 0x0000015d8153a010 code [0x0000015d8153a240, 0x0000015d8153a948]
Event: 11.954 Thread 0x0000015dfa765000 7458       1       org.gradle.configuration.internal.DefaultListenerBuildOperationDecorator::access$400 (5 bytes)
Event: 11.954 Thread 0x0000015dfa765000 nmethod 7458 0x0000015d87f7f290 code [0x0000015d87f7f440, 0x0000015d87f7f4d8]
Event: 11.954 Thread 0x0000015dfa765000 7459       1       org.gradle.configuration.internal.DefaultListenerBuildOperationDecorator$BuildOperationEmittingAction::access$300 (5 bytes)
Event: 11.954 Thread 0x0000015dfa765000 nmethod 7459 0x0000015d87f7f590 code [0x0000015d87f7f740, 0x0000015d87f7f7d8]
Event: 11.961 Thread 0x0000015dfa764000 nmethod 7406 0x0000015d87f7f890 code [0x0000015d87f7faa0, 0x0000015d87f807f8]
Event: 11.961 Thread 0x0000015dfa764000 7452       4       java.lang.AbstractStringBuilder::appendChars (133 bytes)
Event: 11.968 Thread 0x0000015dfa764000 nmethod 7452 0x0000015d87f80f10 code [0x0000015d87f810e0, 0x0000015d87f813f0]
Event: 11.968 Thread 0x0000015dfa764000 7425       4       org.apache.commons.lang.StringUtils::containsAny (128 bytes)
Event: 11.978 Thread 0x0000015dfa764000 nmethod 7425 0x0000015d87f81610 code [0x0000015d87f817c0, 0x0000015d87f81ac8]
Event: 11.978 Thread 0x0000015dfa764000 7460       4       java.lang.invoke.VarForm::getMemberName (21 bytes)
Event: 11.979 Thread 0x0000015dfa764000 nmethod 7460 0x0000015d87f81d90 code [0x0000015d87f81f20, 0x0000015d87f81fd8]
Event: 11.979 Thread 0x0000015dfa764000 7427       4       java.lang.Long::valueOf (40 bytes)
Event: 11.981 Thread 0x0000015dfa764000 nmethod 7427 0x0000015d87f82090 code [0x0000015d87f82240, 0x0000015d87f82338]

GC Heap History (20 events):
Event: 0.879 GC heap after
{Heap after GC invocations=1 (full 0):
 garbage-first heap   total 260096K, used 9180K [0x0000000080000000, 0x0000000100000000)
  region size 1024K, 3 young (3072K), 3 survivors (3072K)
 Metaspace       used 10191K, capacity 10367K, committed 10624K, reserved 1058816K
  class space    used 1064K, capacity 1141K, committed 1152K, reserved 1048576K
}
Event: 1.132 GC heap before
{Heap before GC invocations=1 (full 0):
 garbage-first heap   total 260096K, used 31708K [0x0000000080000000, 0x0000000100000000)
  region size 1024K, 25 young (25600K), 3 survivors (3072K)
 Metaspace       used 11072K, capacity 11320K, committed 11520K, reserved 1058816K
  class space    used 1165K, capacity 1245K, committed 1280K, reserved 1048576K
}
Event: 1.134 GC heap after
{Heap after GC invocations=2 (full 0):
 garbage-first heap   total 260096K, used 9965K [0x0000000080000000, 0x0000000100000000)
  region size 1024K, 1 young (1024K), 1 survivors (1024K)
 Metaspace       used 11072K, capacity 11320K, committed 11520K, reserved 1058816K
  class space    used 1165K, capacity 1245K, committed 1280K, reserved 1048576K
}
Event: 2.900 GC heap before
{Heap before GC invocations=2 (full 0):
 garbage-first heap   total 260096K, used 65261K [0x0000000080000000, 0x0000000100000000)
  region size 1024K, 55 young (56320K), 1 survivors (1024K)
 Metaspace       used 18707K, capacity 19171K, committed 19328K, reserved 1067008K
  class space    used 2251K, capacity 2415K, committed 2432K, reserved 1048576K
}
Event: 2.905 GC heap after
{Heap after GC invocations=3 (full 0):
 garbage-first heap   total 260096K, used 16628K [0x0000000080000000, 0x0000000100000000)
  region size 1024K, 7 young (7168K), 7 survivors (7168K)
 Metaspace       used 18707K, capacity 19171K, committed 19328K, reserved 1067008K
  class space    used 2251K, capacity 2415K, committed 2432K, reserved 1048576K
}
Event: 3.054 GC heap before
{Heap before GC invocations=3 (full 0):
 garbage-first heap   total 260096K, used 33012K [0x0000000080000000, 0x0000000100000000)
  region size 1024K, 24 young (24576K), 7 survivors (7168K)
 Metaspace       used 20578K, capacity 21099K, committed 21248K, reserved 1067008K
  class space    used 2514K, capacity 2701K, committed 2816K, reserved 1048576K
}
Event: 3.061 GC heap after
{Heap after GC invocations=4 (full 0):
 garbage-first heap   total 260096K, used 17009K [0x0000000080000000, 0x0000000100000000)
  region size 1024K, 1 young (1024K), 1 survivors (1024K)
 Metaspace       used 20578K, capacity 21099K, committed 21248K, reserved 1067008K
  class space    used 2514K, capacity 2701K, committed 2816K, reserved 1048576K
}
Event: 3.867 GC heap before
{Heap before GC invocations=5 (full 0):
 garbage-first heap   total 260096K, used 97905K [0x0000000080000000, 0x0000000100000000)
  region size 1024K, 71 young (72704K), 1 survivors (1024K)
 Metaspace       used 27174K, capacity 27933K, committed 28032K, reserved 1073152K
  class space    used 3601K, capacity 3879K, committed 3968K, reserved 1048576K
}
Event: 3.873 GC heap after
{Heap after GC invocations=6 (full 0):
 garbage-first heap   total 260096K, used 32561K [0x0000000080000000, 0x0000000100000000)
  region size 1024K, 6 young (6144K), 6 survivors (6144K)
 Metaspace       used 27174K, capacity 27933K, committed 28032K, reserved 1073152K
  class space    used 3601K, capacity 3879K, committed 3968K, reserved 1048576K
}
Event: 4.584 GC heap before
{Heap before GC invocations=6 (full 0):
 garbage-first heap   total 260096K, used 77617K [0x0000000080000000, 0x0000000100000000)
  region size 1024K, 51 young (52224K), 6 survivors (6144K)
 Metaspace       used 34757K, capacity 35695K, committed 35840K, reserved 1081344K
  class space    used 4549K, capacity 4891K, committed 4992K, reserved 1048576K
}
Event: 4.597 GC heap after
{Heap after GC invocations=7 (full 0):
 garbage-first heap   total 260096K, used 35294K [0x0000000080000000, 0x0000000100000000)
  region size 1024K, 9 young (9216K), 9 survivors (9216K)
 Metaspace       used 34757K, capacity 35695K, committed 35840K, reserved 1081344K
  class space    used 4549K, capacity 4891K, committed 4992K, reserved 1048576K
}
Event: 5.784 GC heap before
{Heap before GC invocations=8 (full 0):
 garbage-first heap   total 260096K, used 139742K [0x0000000080000000, 0x0000000100000000)
  region size 1024K, 100 young (102400K), 9 survivors (9216K)
 Metaspace       used 42123K, capacity 43392K, committed 43520K, reserved 1087488K
  class space    used 5432K, capacity 5871K, committed 5888K, reserved 1048576K
}
Event: 5.799 GC heap after
{Heap after GC invocations=9 (full 0):
 garbage-first heap   total 260096K, used 52585K [0x0000000080000000, 0x0000000100000000)
  region size 1024K, 12 young (12288K), 12 survivors (12288K)
 Metaspace       used 42123K, capacity 43392K, committed 43520K, reserved 1087488K
  class space    used 5432K, capacity 5871K, committed 5888K, reserved 1048576K
}
Event: 6.909 GC heap before
{Heap before GC invocations=9 (full 0):
 garbage-first heap   total 260096K, used 157033K [0x0000000080000000, 0x0000000100000000)
  region size 1024K, 114 young (116736K), 12 survivors (12288K)
 Metaspace       used 48480K, capacity 49971K, committed 50048K, reserved 1093632K
  class space    used 6232K, capacity 6737K, committed 6784K, reserved 1048576K
}
Event: 6.923 GC heap after
{Heap after GC invocations=10 (full 0):
 garbage-first heap   total 260096K, used 58805K [0x0000000080000000, 0x0000000100000000)
  region size 1024K, 8 young (8192K), 8 survivors (8192K)
 Metaspace       used 48480K, capacity 49971K, committed 50048K, reserved 1093632K
  class space    used 6232K, capacity 6737K, committed 6784K, reserved 1048576K
}
Event: 8.313 GC heap before
{Heap before GC invocations=10 (full 0):
 garbage-first heap   total 260096K, used 170421K [0x0000000080000000, 0x0000000100000000)
  region size 1024K, 111 young (113664K), 8 survivors (8192K)
 Metaspace       used 58427K, capacity 60124K, committed 60160K, reserved 1101824K
  class space    used 7456K, capacity 8060K, committed 8064K, reserved 1048576K
}
Event: 8.339 GC heap after
{Heap after GC invocations=11 (full 0):
 garbage-first heap   total 260096K, used 78552K [0x0000000080000000, 0x0000000100000000)
  region size 1024K, 16 young (16384K), 16 survivors (16384K)
 Metaspace       used 58427K, capacity 60124K, committed 60160K, reserved 1101824K
  class space    used 7456K, capacity 8060K, committed 8064K, reserved 1048576K
}
Event: 9.628 GC heap before
{Heap before GC invocations=12 (full 0):
 garbage-first heap   total 260096K, used 183000K [0x0000000080000000, 0x0000000100000000)
  region size 1024K, 118 young (120832K), 16 survivors (16384K)
 Metaspace       used 67470K, capacity 69409K, committed 69528K, reserved 1110016K
  class space    used 8595K, capacity 9286K, committed 9368K, reserved 1048576K
}
Event: 9.669 GC heap after
{Heap after GC invocations=13 (full 0):
 garbage-first heap   total 260096K, used 87536K [0x0000000080000000, 0x0000000100000000)
  region size 1024K, 9 young (9216K), 9 survivors (9216K)
 Metaspace       used 67470K, capacity 69409K, committed 69528K, reserved 1110016K
  class space    used 8595K, capacity 9286K, committed 9368K, reserved 1048576K
}
Event: 11.986 GC heap before
{Heap before GC invocations=14 (full 0):
 garbage-first heap   total 260096K, used 189936K [0x0000000080000000, 0x0000000100000000)
  region size 1024K, 109 young (111616K), 9 survivors (9216K)
 Metaspace       used 76178K, capacity 78183K, committed 78488K, reserved 1118208K
  class space    used 9872K, capacity 10552K, committed 10648K, reserved 1048576K
}

Deoptimization events (20 events):
Event: 11.845 Thread 0x0000015dfbd87800 DEOPT PACKING pc=0x0000015d87f14fbc sp=0x00000041f06f77f0
Event: 11.845 Thread 0x0000015dfbd87800 DEOPT UNPACKING pc=0x0000015d800278af sp=0x00000041f06f7790 mode 2
Event: 11.847 Thread 0x0000015dfbd87800 Uncommon trap: trap_request=0xffffffbe fr.pc=0x0000015d87f14fbc relative=0x0000000000000a1c
Event: 11.847 Thread 0x0000015dfbd87800 Uncommon trap: reason=profile_predicate action=maybe_recompile pc=0x0000015d87f14fbc method=com.google.common.collect.ImmutableSet.construct(I[Ljava/lang/Object;)Lcom/google/common/collect/ImmutableSet; @ 68 c2
Event: 11.847 Thread 0x0000015dfbd87800 DEOPT PACKING pc=0x0000015d87f14fbc sp=0x00000041f06f77f0
Event: 11.847 Thread 0x0000015dfbd87800 DEOPT UNPACKING pc=0x0000015d800278af sp=0x00000041f06f7790 mode 2
Event: 11.904 Thread 0x0000015dfbd87800 Uncommon trap: trap_request=0xffffff4d fr.pc=0x0000015d87f0a0bc relative=0x000000000000057c
Event: 11.904 Thread 0x0000015dfbd87800 Uncommon trap: reason=unstable_if action=reinterpret pc=0x0000015d87f0a0bc method=java.lang.String.regionMatches(ZILjava/lang/String;II)Z @ 52 c2
Event: 11.904 Thread 0x0000015dfbd87800 DEOPT PACKING pc=0x0000015d87f0a0bc sp=0x00000041f06f9250
Event: 11.904 Thread 0x0000015dfbd87800 DEOPT UNPACKING pc=0x0000015d800278af sp=0x00000041f06f9200 mode 2
Event: 11.904 Thread 0x0000015dfbd87800 Uncommon trap: trap_request=0xffffff4d fr.pc=0x0000015d87ba4a64 relative=0x0000000000000424
Event: 11.904 Thread 0x0000015dfbd87800 Uncommon trap: reason=unstable_if action=reinterpret pc=0x0000015d87ba4a64 method=java.lang.StringLatin1.regionMatchesCI([BI[BII)Z @ 66 c2
Event: 11.904 Thread 0x0000015dfbd87800 DEOPT PACKING pc=0x0000015d87ba4a64 sp=0x00000041f06f91c0
Event: 11.904 Thread 0x0000015dfbd87800 DEOPT UNPACKING pc=0x0000015d800278af sp=0x00000041f06f9150 mode 2
Event: 11.925 Thread 0x0000015dfbd87800 DEOPT PACKING pc=0x0000015d813bb9a4 sp=0x00000041f06f81d0
Event: 11.925 Thread 0x0000015dfbd87800 DEOPT UNPACKING pc=0x0000015d800276ce sp=0x00000041f06f7700 mode 0
Event: 11.954 Thread 0x0000015dfbd87800 Uncommon trap: trap_request=0xffffff4d fr.pc=0x0000015d87f74fd8 relative=0x0000000000000278
Event: 11.954 Thread 0x0000015dfbd87800 Uncommon trap: reason=unstable_if action=reinterpret pc=0x0000015d87f74fd8 method=org.gradle.tooling.internal.provider.runner.SubtreeFilteringBuildOperationListener.finished(Lorg/gradle/internal/operations/BuildOperationDescriptor;Lorg/gradle/internal/ope
Event: 11.954 Thread 0x0000015dfbd87800 DEOPT PACKING pc=0x0000015d87f74fd8 sp=0x00000041f06fb740
Event: 11.954 Thread 0x0000015dfbd87800 DEOPT UNPACKING pc=0x0000015d800278af sp=0x00000041f06fb750 mode 2

Classes redefined (0 events):
No events

Internal exceptions (20 events):
Event: 9.963 Thread 0x0000015dfbd87800 Exception <a 'java/lang/ClassNotFoundException'{0x000000008e914970}: com/android/build/gradle/internal/dsl/ApplicationBuildFeaturesImpl_DecoratedBeanInfo> (0x000000008e914970) thrown at [./src/hotspot/share/classfile/systemDictionary.cpp, line 231]
Event: 9.964 Thread 0x0000015dfbd87800 Exception <a 'java/lang/ClassNotFoundException'{0x000000008e931410}: com/android/build/gradle/internal/dsl/ApplicationBuildFeaturesImplBeanInfo> (0x000000008e931410) thrown at [./src/hotspot/share/classfile/systemDictionary.cpp, line 231]
Event: 9.964 Thread 0x0000015dfbd87800 Exception <a 'java/lang/ClassNotFoundException'{0x000000008e94c008}: com/android/build/gradle/internal/dsl/BuildFeaturesImplBeanInfo> (0x000000008e94c008) thrown at [./src/hotspot/share/classfile/systemDictionary.cpp, line 231]
Event: 9.965 Thread 0x0000015dfbd87800 Exception <a 'java/lang/ClassNotFoundException'{0x000000008e966c38}: com/android/build/gradle/internal/dsl/BuildFeaturesImplCustomizer> (0x000000008e966c38) thrown at [./src/hotspot/share/classfile/systemDictionary.cpp, line 231]
Event: 9.965 Thread 0x0000015dfbd87800 Exception <a 'java/lang/ClassNotFoundException'{0x000000008e98f2d0}: com/android/build/gradle/internal/dsl/ApplicationBuildFeaturesImplCustomizer> (0x000000008e98f2d0) thrown at [./src/hotspot/share/classfile/systemDictionary.cpp, line 231]
Event: 9.966 Thread 0x0000015dfbd87800 Exception <a 'java/lang/ClassNotFoundException'{0x000000008e9b3a08}: com/android/build/gradle/internal/dsl/ApplicationBuildFeaturesImpl_DecoratedCustomizer> (0x000000008e9b3a08) thrown at [./src/hotspot/share/classfile/systemDictionary.cpp, line 231]
Event: 11.066 Thread 0x0000015dfbd87800 Exception <a 'java/lang/ClassNotFoundException'{0x000000008bddd440}: com/android/build/gradle/internal/api/ApkVariantOutputImpl_DecoratedBeanInfo> (0x000000008bddd440) thrown at [./src/hotspot/share/classfile/systemDictionary.cpp, line 231]
Event: 11.067 Thread 0x0000015dfbd87800 Exception <a 'java/lang/ClassNotFoundException'{0x000000008bdf81e8}: com/android/build/gradle/internal/api/ApkVariantOutputImplBeanInfo> (0x000000008bdf81e8) thrown at [./src/hotspot/share/classfile/systemDictionary.cpp, line 231]
Event: 11.068 Thread 0x0000015dfbd87800 Exception <a 'java/lang/ClassNotFoundException'{0x000000008bc13cf0}: com/android/build/gradle/internal/api/BaseVariantOutputImplBeanInfo> (0x000000008bc13cf0) thrown at [./src/hotspot/share/classfile/systemDictionary.cpp, line 231]
Event: 11.068 Thread 0x0000015dfbd87800 Exception <a 'java/lang/ClassNotFoundException'{0x000000008bc2f378}: com/android/build/gradle/internal/api/BaseVariantOutputImplCustomizer> (0x000000008bc2f378) thrown at [./src/hotspot/share/classfile/systemDictionary.cpp, line 231]
Event: 11.071 Thread 0x0000015dfbd87800 Exception <a 'java/lang/ClassNotFoundException'{0x000000008bc5d020}: com/android/build/gradle/internal/api/ApkVariantOutputImplCustomizer> (0x000000008bc5d020) thrown at [./src/hotspot/share/classfile/systemDictionary.cpp, line 231]
Event: 11.072 Thread 0x0000015dfbd87800 Exception <a 'java/lang/ClassNotFoundException'{0x000000008bc87568}: com/android/build/gradle/internal/api/ApkVariantOutputImpl_DecoratedCustomizer> (0x000000008bc87568) thrown at [./src/hotspot/share/classfile/systemDictionary.cpp, line 231]
Event: 11.104 Thread 0x0000015dfbd87800 Exception <a 'java/lang/ClassNotFoundException'{0x000000008ba24dc8}: com/android/build/gradle/internal/api/ReadOnlyBuildTypeBeanInfo> (0x000000008ba24dc8) thrown at [./src/hotspot/share/classfile/systemDictionary.cpp, line 231]
Event: 11.104 Thread 0x0000015dfbd87800 Exception <a 'java/lang/ClassNotFoundException'{0x000000008ba3f280}: com/android/build/gradle/internal/api/ReadOnlyBaseConfigBeanInfo> (0x000000008ba3f280) thrown at [./src/hotspot/share/classfile/systemDictionary.cpp, line 231]
Event: 11.106 Thread 0x0000015dfbd87800 Exception <a 'java/lang/ClassNotFoundException'{0x000000008ba59ff0}: com/android/build/gradle/internal/api/ReadOnlyBaseConfigCustomizer> (0x000000008ba59ff0) thrown at [./src/hotspot/share/classfile/systemDictionary.cpp, line 231]
Event: 11.108 Thread 0x0000015dfbd87800 Exception <a 'java/lang/ClassNotFoundException'{0x000000008ba84dc0}: com/android/build/gradle/internal/api/ReadOnlyBuildTypeCustomizer> (0x000000008ba84dc0) thrown at [./src/hotspot/share/classfile/systemDictionary.cpp, line 231]
Event: 11.143 Thread 0x0000015dfbd87800 Exception <a 'java/lang/ClassNotFoundException'{0x000000008b822570}: com/android/build/gradle/internal/api/ReadOnlyProductFlavorBeanInfo> (0x000000008b822570) thrown at [./src/hotspot/share/classfile/systemDictionary.cpp, line 231]
Event: 11.144 Thread 0x0000015dfbd87800 Exception <a 'java/lang/ClassNotFoundException'{0x000000008b83dbf8}: com/android/build/gradle/internal/api/ReadOnlyProductFlavorCustomizer> (0x000000008b83dbf8) thrown at [./src/hotspot/share/classfile/systemDictionary.cpp, line 231]
Event: 11.149 Thread 0x0000015dfbd87800 Exception <a 'java/lang/NoSuchMethodError'{0x000000008b86bbb8}: 'void java.lang.invoke.DirectMethodHandle$Holder.invokeStatic(java.lang.Object, java.lang.Object, java.lang.Object, java.lang.Object, java.lang.Object, java.lang.Object, java.lang.Object, java.lang.Object)'> (0x000000008b86bbb8) thrown at [./src/hotspot/share/interpreter/linkResolver.cpp, line 773]
Event: 11.150 Thread 0x0000015dfbd87800 Exception <a 'java/lang/NoSuchMethodError'{0x000000008b876918}: 'java.lang.Object java.lang.invoke.Invokers$Holder.linkToTargetMethod(java.lang.Object, java.lang.Object, java.lang.Object, java.lang.Object, java.lang.Object, java.lang.Object, java.lang.Object)'> (0x000000008b876918) thrown at [./src/hotspot/share/interpreter/linkResolver.cpp, line 773]

Events (20 events):
Event: 11.983 loading class org/gradle/tooling/internal/consumer/connection/HasCompatibilityMapping done
Event: 11.983 loading class org/gradle/internal/operations/MultipleBuildOperationFailures
Event: 11.983 loading class org/gradle/internal/operations/MultipleBuildOperationFailures done
Event: 11.983 loading class org/gradle/internal/exceptions/DefaultMultiCauseException
Event: 11.983 loading class org/gradle/internal/exceptions/DefaultMultiCauseException done
Event: 11.984 loading class org/gradle/internal/exceptions/MultiCauseException
Event: 11.984 loading class org/gradle/internal/exceptions/MultiCauseException done
Event: 11.984 loading class org/gradle/api/GradleException
Event: 11.984 loading class org/gradle/api/GradleException done
Event: 11.984 loading class org/gradle/tooling/internal/protocol/InternalUnsupportedModelException
Event: 11.984 loading class org/gradle/tooling/internal/protocol/InternalUnsupportedModelException done
Event: 11.984 loading class org/gradle/tooling/UnknownModelException
Event: 11.984 loading class org/gradle/tooling/UnknownModelException done
Event: 11.984 loading class org/gradle/tooling/UnsupportedVersionException
Event: 11.984 loading class org/gradle/tooling/UnsupportedVersionException done
Event: 11.985 loading class org/gradle/tooling/GradleConnectionException
Event: 11.985 loading class org/gradle/tooling/GradleConnectionException done
Event: 11.985 loading class org/gradle/tooling/internal/consumer/versioning/ModelMapping
Event: 11.985 loading class org/gradle/tooling/internal/consumer/versioning/ModelMapping done
Event: 11.985 Executing VM operation: G1CollectForAllocation


Dynamic libraries:
0x00007ff73abc0000 - 0x00007ff73abca000 	C:\Program Files\Android\Android Studio\jre\bin\java.exe
0x00007fffabb30000 - 0x00007fffabd25000 	C:\WINDOWS\SYSTEM32\ntdll.dll
0x00007fffaa790000 - 0x00007fffaa84e000 	C:\WINDOWS\System32\KERNEL32.DLL
0x00007fffa9710000 - 0x00007fffa99d8000 	C:\WINDOWS\System32\KERNELBASE.dll
0x00007fffa9340000 - 0x00007fffa9440000 	C:\WINDOWS\System32\ucrtbase.dll
0x00007fff9fbe0000 - 0x00007fff9fbf9000 	C:\Program Files\Android\Android Studio\jre\bin\jli.dll
0x00007fffaa5f0000 - 0x00007fffaa790000 	C:\WINDOWS\System32\USER32.dll
0x00007fffa9440000 - 0x00007fffa9462000 	C:\WINDOWS\System32\win32u.dll
0x00007fffaa8c0000 - 0x00007fffaa8eb000 	C:\WINDOWS\System32\GDI32.dll
0x00007fffa9a70000 - 0x00007fffa9b7d000 	C:\WINDOWS\System32\gdi32full.dll
0x00007fffa9470000 - 0x00007fffa950d000 	C:\WINDOWS\System32\msvcp_win.dll
0x00007fff9f820000 - 0x00007fff9f837000 	C:\Program Files\Android\Android Studio\jre\bin\VCRUNTIME140.dll
0x00007fff89a10000 - 0x00007fff89caa000 	C:\WINDOWS\WinSxS\amd64_microsoft.windows.common-controls_6595b64144ccf1df_6.0.19041.1110_none_60b5254171f9507e\COMCTL32.dll
0x00007fffab240000 - 0x00007fffab2de000 	C:\WINDOWS\System32\msvcrt.dll
0x00007fffaa3b0000 - 0x00007fffaa3e0000 	C:\WINDOWS\System32\IMM32.DLL
0x00007fff740a0000 - 0x00007fff7413d000 	C:\Program Files\Android\Android Studio\jre\bin\msvcp140.dll
0x00007fff6fd00000 - 0x00007fff707cf000 	C:\Program Files\Android\Android Studio\jre\bin\server\jvm.dll
0x00007fffaa530000 - 0x00007fffaa5de000 	C:\WINDOWS\System32\ADVAPI32.dll
0x00007fffaa1d0000 - 0x00007fffaa26c000 	C:\WINDOWS\System32\sechost.dll
0x00007fffaa8f0000 - 0x00007fffaaa15000 	C:\WINDOWS\System32\RPCRT4.dll
0x00007fffaa5e0000 - 0x00007fffaa5e8000 	C:\WINDOWS\System32\PSAPI.DLL
0x00007fffa3870000 - 0x00007fffa3879000 	C:\WINDOWS\SYSTEM32\WSOCK32.dll
0x00007fffaa850000 - 0x00007fffaa8bb000 	C:\WINDOWS\System32\WS2_32.dll
0x00007fff91400000 - 0x00007fff91427000 	C:\WINDOWS\SYSTEM32\WINMM.dll
0x00007fffa8080000 - 0x00007fffa808a000 	C:\WINDOWS\SYSTEM32\VERSION.dll
0x00007fffa8040000 - 0x00007fffa8052000 	C:\WINDOWS\SYSTEM32\kernel.appcore.dll
0x00007fffa3630000 - 0x00007fffa3641000 	C:\Program Files\Android\Android Studio\jre\bin\verify.dll
0x00007fff9f400000 - 0x00007fff9f5e4000 	C:\WINDOWS\SYSTEM32\DBGHELP.DLL
0x00007fff9ecd0000 - 0x00007fff9ecfc000 	C:\WINDOWS\SYSTEM32\dbgcore.DLL
0x00007fffa99e0000 - 0x00007fffa9a62000 	C:\WINDOWS\System32\bcryptPrimitives.dll
0x00007fffa33f0000 - 0x00007fffa3419000 	C:\Program Files\Android\Android Studio\jre\bin\java.dll
0x00007fffa6900000 - 0x00007fffa690b000 	C:\Program Files\Android\Android Studio\jre\bin\jimage.dll
0x00007fffa33d0000 - 0x00007fffa33e8000 	C:\Program Files\Android\Android Studio\jre\bin\zip.dll
0x00007fffab3a0000 - 0x00007fffabae4000 	C:\WINDOWS\System32\SHELL32.dll
0x00007fffa7150000 - 0x00007fffa78e4000 	C:\WINDOWS\SYSTEM32\windows.storage.dll
0x00007fffaae50000 - 0x00007fffab1a5000 	C:\WINDOWS\System32\combase.dll
0x00007fffa8c90000 - 0x00007fffa8cbe000 	C:\WINDOWS\SYSTEM32\Wldp.dll
0x00007fffaacb0000 - 0x00007fffaad5d000 	C:\WINDOWS\System32\SHCORE.dll
0x00007fffaa4d0000 - 0x00007fffaa525000 	C:\WINDOWS\System32\shlwapi.dll
0x00007fffa9180000 - 0x00007fffa919f000 	C:\WINDOWS\SYSTEM32\profapi.dll
0x00007fffa33b0000 - 0x00007fffa33ca000 	C:\Program Files\Android\Android Studio\jre\bin\net.dll
0x00007fffa0e00000 - 0x00007fffa0f0c000 	C:\WINDOWS\SYSTEM32\WINHTTP.dll
0x00007fffa89f0000 - 0x00007fffa8a5a000 	C:\WINDOWS\system32\mswsock.dll
0x00007fffa1e30000 - 0x00007fffa1e44000 	C:\Program Files\Android\Android Studio\jre\bin\nio.dll
0x00007fff91a00000 - 0x00007fff91a27000 	D:\gradle\native\8bec1ad78214c89d9ad589b4d07fe93259594b29d510b10fafb7a158f7737e5d\windows-amd64\native-platform.dll
0x00007fff73ea0000 - 0x00007fff73fdd000 	D:\gradle\native\53dbd7edfb1c66fb8903c78663c9afc45aea4f116125fa6feffd364cf09443e8\windows-amd64\native-platform-file-events.dll
0x00007fffa3f20000 - 0x00007fffa3f2a000 	C:\Program Files\Android\Android Studio\jre\bin\management.dll
0x00007fffa3820000 - 0x00007fffa382c000 	C:\Program Files\Android\Android Studio\jre\bin\management_ext.dll
0x00007fffa8be0000 - 0x00007fffa8bf8000 	C:\WINDOWS\SYSTEM32\CRYPTSP.dll
0x00007fffa8300000 - 0x00007fffa8334000 	C:\WINDOWS\system32\rsaenh.dll
0x00007fffa9510000 - 0x00007fffa9537000 	C:\WINDOWS\System32\bcrypt.dll
0x00007fffa9100000 - 0x00007fffa912e000 	C:\WINDOWS\SYSTEM32\USERENV.dll
0x00007fffa8c00000 - 0x00007fffa8c0c000 	C:\WINDOWS\SYSTEM32\CRYPTBASE.dll
0x00007fffa8690000 - 0x00007fffa86cb000 	C:\WINDOWS\SYSTEM32\IPHLPAPI.DLL
0x00007fffaad60000 - 0x00007fffaad68000 	C:\WINDOWS\System32\NSI.dll
0x00007fffa28a0000 - 0x00007fffa28b7000 	C:\WINDOWS\SYSTEM32\dhcpcsvc6.DLL
0x00007fffa2810000 - 0x00007fffa282d000 	C:\WINDOWS\SYSTEM32\dhcpcsvc.DLL
0x00007fffa86d0000 - 0x00007fffa879b000 	C:\WINDOWS\SYSTEM32\DNSAPI.dll

dbghelp: loaded successfully - version: 4.0.5 - missing functions: none
symbol engine: initialized successfully - sym options: 0x614 - pdb path: .;C:\Program Files\Android\Android Studio\jre\bin;C:\WINDOWS\SYSTEM32;C:\WINDOWS\WinSxS\amd64_microsoft.windows.common-controls_6595b64144ccf1df_6.0.19041.1110_none_60b5254171f9507e;C:\Program Files\Android\Android Studio\jre\bin\server;D:\gradle\native\8bec1ad78214c89d9ad589b4d07fe93259594b29d510b10fafb7a158f7737e5d\windows-amd64;D:\gradle\native\53dbd7edfb1c66fb8903c78663c9afc45aea4f116125fa6feffd364cf09443e8\windows-amd64

VM Arguments:
jvm_args: --add-opens=java.base/java.util=ALL-UNNAMED --add-opens=java.base/java.lang=ALL-UNNAMED --add-opens=java.base/java.lang.invoke=ALL-UNNAMED --add-opens=java.base/java.util=ALL-UNNAMED --add-opens=java.prefs/java.util.prefs=ALL-UNNAMED --add-opens=java.prefs/java.util.prefs=ALL-UNNAMED --add-opens=java.base/java.nio.charset=ALL-UNNAMED --add-opens=java.base/java.net=ALL-UNNAMED --add-opens=java.base/java.util.concurrent.atomic=ALL-UNNAMED -Xmx2048m -Dfile.encoding=UTF-8 -Duser.country=AU -Duser.language=en -Duser.variant 
java_command: org.gradle.launcher.daemon.bootstrap.GradleDaemon 7.0.2
java_class_path (initial): D:\gradle\wrapper\dists\gradle-7.0.2-bin\857tjihv64xamwrf0h14cai3r\gradle-7.0.2\lib\gradle-launcher-7.0.2.jar
Launcher Type: SUN_STANDARD

[Global flags]
     intx CICompilerCount                          = 4                                         {product} {ergonomic}
     uint ConcGCThreads                            = 2                                         {product} {ergonomic}
     uint G1ConcRefinementThreads                  = 8                                         {product} {ergonomic}
   size_t G1HeapRegionSize                         = 1048576                                   {product} {ergonomic}
    uintx GCDrainStackTargetSize                   = 64                                        {product} {ergonomic}
   size_t InitialHeapSize                          = 266338304                                 {product} {ergonomic}
   size_t MarkStackSize                            = 4194304                                   {product} {ergonomic}
   size_t MaxHeapSize                              = 2147483648                                {product} {command line}
   size_t MaxNewSize                               = 1287651328                                {product} {ergonomic}
   size_t MinHeapDeltaBytes                        = 1048576                                   {product} {ergonomic}
    uintx NonNMethodCodeHeapSize                   = 5836300                                {pd product} {ergonomic}
    uintx NonProfiledCodeHeapSize                  = 122910970                              {pd product} {ergonomic}
    uintx ProfiledCodeHeapSize                     = 122910970                              {pd product} {ergonomic}
    uintx ReservedCodeCacheSize                    = 251658240                              {pd product} {ergonomic}
     bool SegmentedCodeCache                       = true                                      {product} {ergonomic}
     bool UseCompressedClassPointers               = true                                 {lp64_product} {ergonomic}
     bool UseCompressedOops                        = true                                 {lp64_product} {ergonomic}
     bool UseG1GC                                  = true                                      {product} {ergonomic}
     bool UseLargePagesIndividualAllocation        = false                                  {pd product} {ergonomic}

Logging:
Log output configuration:
 #0: stdout all=warning uptime,level,tags
 #1: stderr all=off uptime,level,tags

Environment Variables:
JAVA_HOME=C:\Program Files\Java\jdk1.8.0_301
PATH=C:\Program Files (x86)\Common Files\Oracle\Java\javapath;C:\WINDOWS\system32;C:\WINDOWS;C:\WINDOWS\System32\Wbem;C:\WINDOWS\System32\WindowsPowerShell\v1.0\;C:\WINDOWS\System32\OpenSSH\;C:\Program Files\Java\jdk1.8.0_301\bin;C:\Program Files\Git\cmd;C:\Program Files (x86)\dotnet\;C:\Users\Minh\AppData\Local\Microsoft\WindowsApps;C:\Users\Minh\Downloads\platform-tools_r31.0.3-windows\platform-tools;C:\Users\Minh\Downloads\scrpy;C:\Users\Minh\AppData\Local\Programs\Microsoft VS Code\bin;C:\xampp\php;
USERNAME=Minh
OS=Windows_NT
PROCESSOR_IDENTIFIER=Intel64 Family 6 Model 142 Stepping 10, GenuineIntel



---------------  S Y S T E M  ---------------

OS: Windows 10 , 64 bit Build 19041 (10.0.19041.1503)
OS uptime: 1 days 17:47 hours

CPU:total 8 (initial active 8) (4 cores per cpu, 2 threads per core) family 6 model 142 stepping 10 microcode 0xb4, cmov, cx8, fxsr, mmx, sse, sse2, sse3, ssse3, sse4.1, sse4.2, popcnt, avx, avx2, aes, clmul, erms, 3dnowpref, lzcnt, ht, tsc, tscinvbit, bmi1, bmi2, adx, fma

Memory: 4k page, system-wide physical 16249M (3145M free)
TotalPageFile size 30545M (AvailPageFile size 32M)
current process WorkingSet (physical memory assigned to process): 458M, peak: 461M
current process commit charge ("private bytes"): 543M, peak: 594M

vm_info: OpenJDK 64-Bit Server VM (11.0.10+0-b96-7249189) for windows-amd64 JRE (11.0.10+0-b96-7249189), built on Mar 31 2021 21:44:00 by "builder" with MS VC++ 14.0 (VS2015)

END.
